#
# There is insufficient memory for the Java Runtime Environment to continue.
# Native memory allocation (mmap) failed to map 222298112 bytes for G1 virtual space
# Possible reasons:
#   The system is out of physical RAM or swap space
#   The process is running with CompressedOops enabled, and the Java Heap may be blocking the growth of the native heap
# Possible solutions:
#   Reduce memory load on the system
#   Increase physical memory or swap space
#   Check if swap backing store is full
#   Decrease Java heap size (-Xmx/-Xms)
#   Decrease number of Java threads
#   Decrease Java thread stack sizes (-Xss)
#   Set larger code cache with -XX:ReservedCodeCacheSize=
#   JVM is running with Unscaled Compressed Oops mode in which the Java heap is
#     placed in the first 4GB address space. The Java Heap base address is the
#     maximum limit for the native heap growth. Please use -XX:HeapBaseMinAddress
#     to set the Java Heap base and to place the Java Heap above 4GB virtual address.
# This output file may be truncated or incomplete.
#
#  Out of Memory Error (./open/src/hotspot/os/windows/os_windows.cpp:3472), pid=10552, tid=15068
#
# JRE version: Java(TM) SE Runtime Environment (15.0.1+9) (build 15.0.1+9-18)
# Java VM: Java HotSpot(TM) 64-Bit Server VM (15.0.1+9-18, mixed mode, sharing, tiered, compressed oops, g1 gc, windows-amd64)
# No core dump will be written. Minidumps are not enabled by default on client versions of Windows
#

---------------  S U M M A R Y ------------

Command Line: runtime.starter.MulticoreStarter C:\Users\teraz\OneDrive\Рабочий стол\PDC\lab6 4 smpdev useLocalLoader C:\mpj-v0_44\lib\mpi.jar;C:\Users\teraz\OneDrive\Рабочий стол\PDC\lab6\build\classes labs67.lab6

Host: AMD A10-7300 Radeon R6, 10 Compute Cores 4C+6G , 4 cores, 6G,  Windows 10 , 64 bit Build 18362 (10.0.18362.1350)
Time: Mon Mar 22 16:00:09 2021 O?ieyia?y (ceia) elapsed time: 1.409578 seconds (0d 0h 0m 1s)

---------------  T H R E A D  ---------------

Current thread (0x00000218a2fa5850):  VMThread "VM Thread" [stack: 0x0000004109000000,0x0000004109100000] [id=15068]

Stack: [0x0000004109000000,0x0000004109100000]
[error occurred during error reporting (printing stack bounds), id 0xc0000005, EXCEPTION_ACCESS_VIOLATION (0xc0000005) at pc=0x000002188d8e10ad]

Native frames: (J=compiled Java code, j=interpreted, Vv=VM code, C=native code)
V  [jvm.dll+0x62ae9a]
V  [jvm.dll+0x781389]
V  [jvm.dll+0x782ae3]
V  [jvm.dll+0x7830a5]
V  [jvm.dll+0x78305b]
V  [jvm.dll+0x62a2b9]
V  [jvm.dll+0x62aa88]
C  [ntdll.dll+0xa1eef]
C  [ntdll.dll+0x6aad9]
C  [ntdll.dll+0xa0b5e]
C  0x000002188d8e10ad

VM_Operation (0x0000004109cfcc70): G1TryInitiateConcMark, mode: safepoint, requested by thread 0x00000218a3a6a300


---------------  P R O C E S S  ---------------

Threads class SMR info:
_java_thread_list=0x00000218a3a6dc30, length=15, elements={
0x00000218856b3b90, 0x00000218a2fa8ff0, 0x00000218a2fa9ad0, 0x00000218a2fc5ff0,
0x00000218a2fc89c0, 0x00000218a2fc9380, 0x00000218a2fcb130, 0x00000218a2fcdc00,
0x00000218a2fe0cc0, 0x00000218a3a05840, 0x00000218a3a0c850, 0x00000218a3a6a300,
0x00000218a3a6a7d0, 0x00000218a3a6b4c0, 0x00000218a3a6fdc0
}

Java Threads: ( => current thread )
  0x00000218856b3b90 JavaThread "main" [_thread_blocked, id=5368, stack(0x0000004108a00000,0x0000004108b00000)]
  0x00000218a2fa8ff0 JavaThread "Reference Handler" daemon [_thread_blocked, id=9980, stack(0x0000004109100000,0x0000004109200000)]
  0x00000218a2fa9ad0 JavaThread "Finalizer" daemon [_thread_blocked, id=11652, stack(0x0000004109200000,0x0000004109300000)]
  0x00000218a2fc5ff0 JavaThread "Signal Dispatcher" daemon [_thread_blocked, id=7612, stack(0x0000004109300000,0x0000004109400000)]
  0x00000218a2fc89c0 JavaThread "Attach Listener" daemon [_thread_blocked, id=5680, stack(0x0000004109400000,0x0000004109500000)]
  0x00000218a2fc9380 JavaThread "Service Thread" daemon [_thread_blocked, id=7248, stack(0x0000004109500000,0x0000004109600000)]
  0x00000218a2fcb130 JavaThread "C2 CompilerThread0" daemon [_thread_blocked, id=4432, stack(0x0000004109600000,0x0000004109700000)]
  0x00000218a2fcdc00 JavaThread "C1 CompilerThread0" daemon [_thread_blocked, id=8488, stack(0x0000004109700000,0x0000004109800000)]
  0x00000218a2fe0cc0 JavaThread "Sweeper thread" daemon [_thread_blocked, id=13288, stack(0x0000004109800000,0x0000004109900000)]
  0x00000218a3a05840 JavaThread "Notification Thread" daemon [_thread_blocked, id=13776, stack(0x0000004109900000,0x0000004109a00000)]
  0x00000218a3a0c850 JavaThread "Common-Cleaner" daemon [_thread_blocked, id=1496, stack(0x0000004109b00000,0x0000004109c00000)]
  0x00000218a3a6a300 JavaThread "0" [_thread_blocked, id=13712, stack(0x0000004109c00000,0x0000004109d00000)]
  0x00000218a3a6a7d0 JavaThread "1" [_thread_blocked, id=13520, stack(0x0000004109d00000,0x0000004109e00000)]
  0x00000218a3a6b4c0 JavaThread "2" [_thread_blocked, id=15004, stack(0x0000004109e00000,0x0000004109f00000)]
  0x00000218a3a6fdc0 JavaThread "3" [_thread_blocked, id=1416, stack(0x0000004109f00000,0x000000410a000000)]

Other Threads:
=>0x00000218a2fa5850 VMThread "VM Thread" [stack: 0x0000004109000000,0x0000004109100000] [id=15068]
  0x00000218a3a0c540 WatcherThread [stack: 0x0000004109a00000,0x0000004109b00000] [id=9876]
  0x00000218856eef80 GCTaskThread "GC Thread#0" [stack: 0x0000004108b00000,0x0000004108c00000] [id=13228]
  0x00000218a4149480 GCTaskThread "GC Thread#1" [stack: 0x000000410a000000,0x000000410a100000] [id=9592]
  0x00000218a414a470 GCTaskThread "GC Thread#2" [stack: 0x000000410a100000,0x000000410a200000] [id=10164]
  0x00000218a4149e10 GCTaskThread "GC Thread#3" [stack: 0x000000410a200000,0x000000410a300000] [id=2168]
  0x00000218856fdfe0 ConcurrentGCThread "G1 Main Marker" [stack: 0x0000004108c00000,0x0000004108d00000] [id=14428]
  0x00000218856ffb70 ConcurrentGCThread "G1 Conc#0" [stack: 0x0000004108d00000,0x0000004108e00000] [id=3160]
  0x0000021885765de0 ConcurrentGCThread "G1 Refine#0" [stack: 0x0000004108e00000,0x0000004108f00000] [id=13724]
  0x0000021885766970 ConcurrentGCThread "G1 Young RemSet Sampling" [stack: 0x0000004108f00000,0x0000004109000000] [id=3060]

Threads with active compile tasks:
C2 CompilerThread0     1448  772       4       java.io.ObjectInputStream$BlockDataInputStream::readDoubles (148 bytes)

VM state: at safepoint (normal execution)

VM Mutex/Monitor currently owned by a thread:  ([mutex/lock_event])
[0x00000218856b1610] Threads_lock - owner thread: 0x00000218a2fa5850
[0x00000218856afcc0] Heap_lock - owner thread: 0x00000218a3a6a300

Heap address: 0x0000000090c00000, size: 1780 MB, Compressed Oops mode: 32-bit
CDS archive(s) mapped at: [0x0000000800000000-0x0000000800b50000-0x0000000800b50000), size 11862016, SharedBaseAddress: 0x0000000800000000, ArchiveRelocationMode: 0.
Compressed class space mapped at: 0x0000000800b50000-0x0000000840b50000, size: 1073741824
Narrow klass base: 0x0000000800000000, Narrow klass shift: 3, Narrow klass range: 0x100000000

GC Precious Log:
 CPUs: 4 total, 4 available
 Memory: 7113M
 Large Page Support: Disabled
 NUMA Support: Disabled
 Compressed Oops: Enabled (32-bit)
 Heap Region Size: 1M
 Heap Min Capacity: 8M
 Heap Initial Capacity: 112M
 Heap Max Capacity: 1780M
 Pre-touch: Disabled
 Parallel Workers: 4
 Concurrent Workers: 1
 Concurrent Refinement Workers: 4
 Periodic GC: Disabled

Heap:
 garbage-first heap   total 434176K, used 131695K [0x0000000090c00000, 0x0000000100000000)
  region size 1024K, 4 young (4096K), 4 survivors (4096K)
 Metaspace       used 4353K, capacity 6790K, committed 6912K, reserved 1056768K
  class space    used 478K, capacity 754K, committed 768K, reserved 1048576K

Heap Regions: E=young(eden), S=young(survivor), O=old, HS=humongous(starts), HC=humongous(continues), CS=collection set, F=free, OA=open archive, CA=closed archive, TAMS=top-at-mark-start (previous, next)
|   0|0x0000000090c00000, 0x0000000090d00000, 0x0000000090d00000|100%| O|  |TAMS 0x0000000090d00000, 0x0000000090d00000| Untracked 
|   1|0x0000000090d00000, 0x0000000090e00000, 0x0000000090e00000|100%| O|  |TAMS 0x0000000090e00000, 0x0000000090e00000| Untracked 
|   2|0x0000000090e00000, 0x0000000090f00000, 0x0000000090f00000|100%| O|  |TAMS 0x0000000090f00000, 0x0000000090f00000| Untracked 
|   3|0x0000000090f00000, 0x0000000091000000, 0x0000000091000000|100%| O|  |TAMS 0x0000000091000000, 0x0000000091000000| Untracked 
|   4|0x0000000091000000, 0x0000000091100000, 0x0000000091100000|100%| O|  |TAMS 0x0000000091100000, 0x0000000091100000| Untracked 
|   5|0x0000000091100000, 0x0000000091200000, 0x0000000091200000|100%| O|  |TAMS 0x0000000091200000, 0x0000000091200000| Untracked 
|   6|0x0000000091200000, 0x0000000091300000, 0x0000000091300000|100%| O|  |TAMS 0x0000000091300000, 0x0000000091300000| Untracked 
|   7|0x0000000091300000, 0x0000000091400000, 0x0000000091400000|100%| O|  |TAMS 0x0000000091400000, 0x0000000091400000| Untracked 
|   8|0x0000000091400000, 0x0000000091500000, 0x0000000091500000|100%| O|  |TAMS 0x0000000091500000, 0x0000000091500000| Untracked 
|   9|0x0000000091500000, 0x0000000091600000, 0x0000000091600000|100%| O|  |TAMS 0x0000000091600000, 0x0000000091600000| Untracked 
|  10|0x0000000091600000, 0x0000000091700000, 0x0000000091700000|100%| O|  |TAMS 0x0000000091700000, 0x0000000091700000| Untracked 
|  11|0x0000000091700000, 0x0000000091800000, 0x0000000091800000|100%| O|  |TAMS 0x0000000091800000, 0x0000000091800000| Untracked 
|  12|0x0000000091800000, 0x0000000091900000, 0x0000000091900000|100%| O|  |TAMS 0x0000000091900000, 0x0000000091900000| Untracked 
|  13|0x0000000091900000, 0x0000000091a00000, 0x0000000091a00000|100%| O|  |TAMS 0x0000000091a00000, 0x0000000091a00000| Untracked 
|  14|0x0000000091a00000, 0x0000000091b00000, 0x0000000091b00000|100%| O|  |TAMS 0x0000000091b00000, 0x0000000091b00000| Untracked 
|  15|0x0000000091b00000, 0x0000000091c00000, 0x0000000091c00000|100%| O|  |TAMS 0x0000000091c00000, 0x0000000091c00000| Untracked 
|  16|0x0000000091c00000, 0x0000000091d00000, 0x0000000091d00000|100%| O|  |TAMS 0x0000000091d00000, 0x0000000091d00000| Untracked 
|  17|0x0000000091d00000, 0x0000000091e00000, 0x0000000091e00000|100%| O|  |TAMS 0x0000000091e00000, 0x0000000091e00000| Untracked 
|  18|0x0000000091e00000, 0x0000000091f00000, 0x0000000091f00000|100%| O|  |TAMS 0x0000000091f00000, 0x0000000091f00000| Untracked 
|  19|0x0000000091f00000, 0x0000000092000000, 0x0000000092000000|100%| O|  |TAMS 0x0000000092000000, 0x0000000092000000| Untracked 
|  20|0x0000000092000000, 0x0000000092100000, 0x0000000092100000|100%| O|  |TAMS 0x0000000092100000, 0x0000000092100000| Untracked 
|  21|0x0000000092100000, 0x0000000092200000, 0x0000000092200000|100%| O|  |TAMS 0x0000000092200000, 0x0000000092200000| Untracked 
|  22|0x0000000092200000, 0x0000000092300000, 0x0000000092300000|100%| O|  |TAMS 0x0000000092300000, 0x0000000092300000| Untracked 
|  23|0x0000000092300000, 0x0000000092400000, 0x0000000092400000|100%| O|  |TAMS 0x0000000092400000, 0x0000000092400000| Untracked 
|  24|0x0000000092400000, 0x0000000092500000, 0x0000000092500000|100%| O|  |TAMS 0x0000000092500000, 0x0000000092500000| Untracked 
|  25|0x0000000092500000, 0x0000000092600000, 0x0000000092600000|100%| O|  |TAMS 0x0000000092600000, 0x0000000092600000| Untracked 
|  26|0x0000000092600000, 0x0000000092700000, 0x0000000092700000|100%| O|  |TAMS 0x0000000092700000, 0x0000000092700000| Untracked 
|  27|0x0000000092700000, 0x0000000092800000, 0x0000000092800000|100%| O|  |TAMS 0x0000000092800000, 0x0000000092800000| Untracked 
|  28|0x0000000092800000, 0x0000000092900000, 0x0000000092900000|100%| O|  |TAMS 0x0000000092900000, 0x0000000092900000| Untracked 
|  29|0x0000000092900000, 0x0000000092a00000, 0x0000000092a00000|100%| O|  |TAMS 0x0000000092a00000, 0x0000000092a00000| Untracked 
|  30|0x0000000092a00000, 0x0000000092b00000, 0x0000000092b00000|100%| O|  |TAMS 0x0000000092b00000, 0x0000000092b00000| Untracked 
|  31|0x0000000092b00000, 0x0000000092c00000, 0x0000000092c00000|100%| O|  |TAMS 0x0000000092c00000, 0x0000000092c00000| Untracked 
|  32|0x0000000092c00000, 0x0000000092d00000, 0x0000000092d00000|100%| O|  |TAMS 0x0000000092d00000, 0x0000000092d00000| Untracked 
|  33|0x0000000092d00000, 0x0000000092e00000, 0x0000000092e00000|100%| O|  |TAMS 0x0000000092e00000, 0x0000000092e00000| Untracked 
|  34|0x0000000092e00000, 0x0000000092f00000, 0x0000000092f00000|100%| O|  |TAMS 0x0000000092f00000, 0x0000000092f00000| Untracked 
|  35|0x0000000092f00000, 0x0000000093000000, 0x0000000093000000|100%| O|  |TAMS 0x0000000093000000, 0x0000000093000000| Untracked 
|  36|0x0000000093000000, 0x0000000093100000, 0x0000000093100000|100%| O|  |TAMS 0x0000000093100000, 0x0000000093100000| Untracked 
|  37|0x0000000093100000, 0x0000000093200000, 0x0000000093200000|100%| O|  |TAMS 0x0000000093200000, 0x0000000093200000| Untracked 
|  38|0x0000000093200000, 0x0000000093300000, 0x0000000093300000|100%| O|  |TAMS 0x0000000093300000, 0x0000000093300000| Untracked 
|  39|0x0000000093300000, 0x0000000093400000, 0x0000000093400000|100%| O|  |TAMS 0x0000000093400000, 0x0000000093400000| Untracked 
|  40|0x0000000093400000, 0x0000000093500000, 0x0000000093500000|100%| O|  |TAMS 0x0000000093500000, 0x0000000093500000| Untracked 
|  41|0x0000000093500000, 0x0000000093600000, 0x0000000093600000|100%| O|  |TAMS 0x0000000093600000, 0x0000000093600000| Untracked 
|  42|0x0000000093600000, 0x0000000093700000, 0x0000000093700000|100%| O|  |TAMS 0x0000000093700000, 0x0000000093700000| Untracked 
|  43|0x0000000093700000, 0x0000000093800000, 0x0000000093800000|100%| O|  |TAMS 0x0000000093800000, 0x0000000093800000| Untracked 
|  44|0x0000000093800000, 0x0000000093900000, 0x0000000093900000|100%| O|  |TAMS 0x0000000093900000, 0x0000000093900000| Untracked 
|  45|0x0000000093900000, 0x0000000093a00000, 0x0000000093a00000|100%| O|  |TAMS 0x0000000093a00000, 0x0000000093a00000| Untracked 
|  46|0x0000000093a00000, 0x0000000093b00000, 0x0000000093b00000|100%| O|  |TAMS 0x0000000093b00000, 0x0000000093b00000| Untracked 
|  47|0x0000000093b00000, 0x0000000093c00000, 0x0000000093c00000|100%| O|  |TAMS 0x0000000093c00000, 0x0000000093c00000| Untracked 
|  48|0x0000000093c00000, 0x0000000093d00000, 0x0000000093d00000|100%| O|  |TAMS 0x0000000093d00000, 0x0000000093d00000| Untracked 
|  49|0x0000000093d00000, 0x0000000093e00000, 0x0000000093e00000|100%| O|  |TAMS 0x0000000093e00000, 0x0000000093e00000| Untracked 
|  50|0x0000000093e00000, 0x0000000093f00000, 0x0000000093f00000|100%| O|  |TAMS 0x0000000093f00000, 0x0000000093f00000| Untracked 
|  51|0x0000000093f00000, 0x0000000094000000, 0x0000000094000000|100%| O|  |TAMS 0x0000000094000000, 0x0000000094000000| Untracked 
|  52|0x0000000094000000, 0x0000000094100000, 0x0000000094100000|100%| O|  |TAMS 0x0000000094100000, 0x0000000094100000| Untracked 
|  53|0x0000000094100000, 0x0000000094200000, 0x0000000094200000|100%| O|  |TAMS 0x0000000094200000, 0x0000000094200000| Untracked 
|  54|0x0000000094200000, 0x0000000094300000, 0x0000000094300000|100%| O|  |TAMS 0x0000000094300000, 0x0000000094300000| Untracked 
|  55|0x0000000094300000, 0x0000000094400000, 0x0000000094400000|100%| O|  |TAMS 0x0000000094400000, 0x0000000094400000| Untracked 
|  56|0x0000000094400000, 0x0000000094500000, 0x0000000094500000|100%| O|  |TAMS 0x0000000094500000, 0x0000000094500000| Untracked 
|  57|0x0000000094500000, 0x0000000094600000, 0x0000000094600000|100%| O|  |TAMS 0x0000000094600000, 0x0000000094600000| Untracked 
|  58|0x0000000094600000, 0x0000000094700000, 0x0000000094700000|100%| O|  |TAMS 0x0000000094700000, 0x0000000094700000| Untracked 
|  59|0x0000000094700000, 0x0000000094800000, 0x0000000094800000|100%| O|  |TAMS 0x0000000094800000, 0x0000000094800000| Untracked 
|  60|0x0000000094800000, 0x0000000094900000, 0x0000000094900000|100%| O|  |TAMS 0x0000000094900000, 0x0000000094900000| Untracked 
|  61|0x0000000094900000, 0x0000000094a00000, 0x0000000094a00000|100%| O|  |TAMS 0x0000000094a00000, 0x0000000094a00000| Untracked 
|  62|0x0000000094a00000, 0x0000000094b00000, 0x0000000094b00000|100%| O|  |TAMS 0x0000000094b00000, 0x0000000094b00000| Untracked 
|  63|0x0000000094b00000, 0x0000000094c00000, 0x0000000094c00000|100%| O|  |TAMS 0x0000000094c00000, 0x0000000094c00000| Untracked 
|  64|0x0000000094c00000, 0x0000000094d00000, 0x0000000094d00000|100%| O|  |TAMS 0x0000000094d00000, 0x0000000094d00000| Untracked 
|  65|0x0000000094d00000, 0x0000000094e00000, 0x0000000094e00000|100%| O|  |TAMS 0x0000000094e00000, 0x0000000094e00000| Untracked 
|  66|0x0000000094e00000, 0x0000000094f00000, 0x0000000094f00000|100%| O|  |TAMS 0x0000000094f00000, 0x0000000094f00000| Untracked 
|  67|0x0000000094f00000, 0x0000000095000000, 0x0000000095000000|100%| O|  |TAMS 0x0000000095000000, 0x0000000095000000| Untracked 
|  68|0x0000000095000000, 0x0000000095100000, 0x0000000095100000|100%| O|  |TAMS 0x0000000095100000, 0x0000000095100000| Untracked 
|  69|0x0000000095100000, 0x0000000095200000, 0x0000000095200000|100%| O|  |TAMS 0x0000000095200000, 0x0000000095200000| Untracked 
|  70|0x0000000095200000, 0x0000000095300000, 0x0000000095300000|100%| O|  |TAMS 0x0000000095300000, 0x0000000095300000| Untracked 
|  71|0x0000000095300000, 0x0000000095400000, 0x0000000095400000|100%| O|  |TAMS 0x0000000095400000, 0x0000000095400000| Untracked 
|  72|0x0000000095400000, 0x0000000095500000, 0x0000000095500000|100%| O|  |TAMS 0x0000000095500000, 0x0000000095500000| Untracked 
|  73|0x0000000095500000, 0x0000000095600000, 0x0000000095600000|100%| O|  |TAMS 0x0000000095600000, 0x0000000095600000| Untracked 
|  74|0x0000000095600000, 0x0000000095700000, 0x0000000095700000|100%| O|  |TAMS 0x0000000095700000, 0x0000000095700000| Untracked 
|  75|0x0000000095700000, 0x0000000095800000, 0x0000000095800000|100%| O|  |TAMS 0x0000000095800000, 0x0000000095800000| Untracked 
|  76|0x0000000095800000, 0x0000000095900000, 0x0000000095900000|100%| O|  |TAMS 0x0000000095900000, 0x0000000095900000| Untracked 
|  77|0x0000000095900000, 0x0000000095a00000, 0x0000000095a00000|100%| O|  |TAMS 0x0000000095a00000, 0x0000000095a00000| Untracked 
|  78|0x0000000095a00000, 0x0000000095b00000, 0x0000000095b00000|100%| O|  |TAMS 0x0000000095b00000, 0x0000000095b00000| Untracked 
|  79|0x0000000095b00000, 0x0000000095c00000, 0x0000000095c00000|100%| O|  |TAMS 0x0000000095c00000, 0x0000000095c00000| Untracked 
|  80|0x0000000095c00000, 0x0000000095d00000, 0x0000000095d00000|100%| O|  |TAMS 0x0000000095d00000, 0x0000000095d00000| Untracked 
|  81|0x0000000095d00000, 0x0000000095e00000, 0x0000000095e00000|100%| O|  |TAMS 0x0000000095e00000, 0x0000000095e00000| Untracked 
|  82|0x0000000095e00000, 0x0000000095f00000, 0x0000000095f00000|100%| O|  |TAMS 0x0000000095f00000, 0x0000000095f00000| Untracked 
|  83|0x0000000095f00000, 0x0000000096000000, 0x0000000096000000|100%| O|  |TAMS 0x0000000096000000, 0x0000000096000000| Untracked 
|  84|0x0000000096000000, 0x0000000096100000, 0x0000000096100000|100%| O|  |TAMS 0x0000000096100000, 0x0000000096100000| Untracked 
|  85|0x0000000096100000, 0x0000000096200000, 0x0000000096200000|100%| O|  |TAMS 0x0000000096200000, 0x0000000096200000| Untracked 
|  86|0x0000000096200000, 0x0000000096300000, 0x0000000096300000|100%| O|  |TAMS 0x0000000096300000, 0x0000000096300000| Untracked 
|  87|0x0000000096300000, 0x0000000096400000, 0x0000000096400000|100%| O|  |TAMS 0x0000000096400000, 0x0000000096400000| Untracked 
|  88|0x0000000096400000, 0x0000000096500000, 0x0000000096500000|100%| O|  |TAMS 0x0000000096500000, 0x0000000096500000| Untracked 
|  89|0x0000000096500000, 0x0000000096600000, 0x0000000096600000|100%| O|  |TAMS 0x0000000096600000, 0x0000000096600000| Untracked 
|  90|0x0000000096600000, 0x0000000096700000, 0x0000000096700000|100%| O|  |TAMS 0x0000000096700000, 0x0000000096700000| Untracked 
|  91|0x0000000096700000, 0x0000000096800000, 0x0000000096800000|100%| O|  |TAMS 0x0000000096700000, 0x0000000096800000| Untracked 
|  92|0x0000000096800000, 0x0000000096800000, 0x0000000096900000|  0%| F|  |TAMS 0x0000000096800000, 0x0000000096800000| Untracked 
|  93|0x0000000096900000, 0x000000009699be00, 0x0000000096a00000| 60%| O|  |TAMS 0x0000000096900000, 0x0000000096900000| Untracked 
|  94|0x0000000096a00000, 0x0000000096b00000, 0x0000000096b00000|100%| O|  |TAMS 0x0000000096b00000, 0x0000000096b00000| Untracked 
|  95|0x0000000096b00000, 0x0000000096c00000, 0x0000000096c00000|100%| O|  |TAMS 0x0000000096c00000, 0x0000000096c00000| Untracked 
|  96|0x0000000096c00000, 0x0000000096d00000, 0x0000000096d00000|100%| O|  |TAMS 0x0000000096d00000, 0x0000000096d00000| Untracked 
|  97|0x0000000096d00000, 0x0000000096e00000, 0x0000000096e00000|100%| O|  |TAMS 0x0000000096e00000, 0x0000000096e00000| Untracked 
|  98|0x0000000096e00000, 0x0000000096f00000, 0x0000000096f00000|100%| O|  |TAMS 0x0000000096f00000, 0x0000000096f00000| Untracked 
|  99|0x0000000096f00000, 0x0000000097000000, 0x0000000097000000|100%| O|  |TAMS 0x0000000096fd9400, 0x0000000097000000| Untracked 
| 100|0x0000000097000000, 0x0000000097100000, 0x0000000097100000|100%|HS|  |TAMS 0x0000000097000000, 0x0000000097100000| Complete 
| 101|0x0000000097100000, 0x0000000097200000, 0x0000000097200000|100%|HC|  |TAMS 0x0000000097100000, 0x0000000097200000| Complete 
| 102|0x0000000097200000, 0x0000000097300000, 0x0000000097300000|100%|HC|  |TAMS 0x0000000097200000, 0x0000000097300000| Complete 
| 103|0x0000000097300000, 0x0000000097400000, 0x0000000097400000|100%|HC|  |TAMS 0x0000000097300000, 0x0000000097400000| Complete 
| 104|0x0000000097400000, 0x0000000097500000, 0x0000000097500000|100%|HC|  |TAMS 0x0000000097400000, 0x0000000097500000| Complete 
| 105|0x0000000097500000, 0x0000000097600000, 0x0000000097600000|100%|HC|  |TAMS 0x0000000097500000, 0x0000000097600000| Complete 
| 106|0x0000000097600000, 0x0000000097700000, 0x0000000097700000|100%|HC|  |TAMS 0x0000000097600000, 0x0000000097700000| Complete 
| 107|0x0000000097700000, 0x0000000097800000, 0x0000000097800000|100%|HC|  |TAMS 0x0000000097700000, 0x0000000097800000| Complete 
| 108|0x0000000097800000, 0x0000000097900000, 0x0000000097900000|100%|HS|  |TAMS 0x0000000097900000, 0x0000000097900000| Complete 
| 109|0x0000000097900000, 0x0000000097a00000, 0x0000000097a00000|100%|HC|  |TAMS 0x0000000097a00000, 0x0000000097a00000| Complete 
| 110|0x0000000097a00000, 0x0000000097b00000, 0x0000000097b00000|100%|HC|  |TAMS 0x0000000097b00000, 0x0000000097b00000| Complete 
| 111|0x0000000097b00000, 0x0000000097c00000, 0x0000000097c00000|100%|HC|  |TAMS 0x0000000097c00000, 0x0000000097c00000| Complete 
| 112|0x0000000097c00000, 0x0000000097d00000, 0x0000000097d00000|100%|HC|  |TAMS 0x0000000097d00000, 0x0000000097d00000| Complete 
| 113|0x0000000097d00000, 0x0000000097e00000, 0x0000000097e00000|100%|HC|  |TAMS 0x0000000097e00000, 0x0000000097e00000| Complete 
| 114|0x0000000097e00000, 0x0000000097f00000, 0x0000000097f00000|100%|HC|  |TAMS 0x0000000097f00000, 0x0000000097f00000| Complete 
| 115|0x0000000097f00000, 0x0000000098000000, 0x0000000098000000|100%|HC|  |TAMS 0x0000000098000000, 0x0000000098000000| Complete 
| 116|0x0000000098000000, 0x0000000098100000, 0x0000000098100000|100%|HC|  |TAMS 0x0000000098100000, 0x0000000098100000| Complete 
| 117|0x0000000098100000, 0x0000000098200000, 0x0000000098200000|100%| O|  |TAMS 0x0000000098100000, 0x0000000098200000| Untracked 
| 118|0x0000000098200000, 0x0000000098300000, 0x0000000098300000|100%| O|  |TAMS 0x0000000098200000, 0x0000000098300000| Untracked 
| 119|0x0000000098300000, 0x0000000098400000, 0x0000000098400000|100%| O|  |TAMS 0x0000000098300000, 0x0000000098400000| Untracked 
| 120|0x0000000098400000, 0x0000000098500000, 0x0000000098500000|100%| O|  |TAMS 0x0000000098400000, 0x00000000984db400| Untracked 
| 121|0x0000000098500000, 0x0000000098500000, 0x0000000098600000|  0%| F|  |TAMS 0x0000000098500000, 0x0000000098500000| Untracked 
| 122|0x0000000098600000, 0x0000000098600000, 0x0000000098700000|  0%| F|  |TAMS 0x0000000098600000, 0x0000000098600000| Untracked 
| 123|0x0000000098700000, 0x0000000098700000, 0x0000000098800000|  0%| F|  |TAMS 0x0000000098700000, 0x0000000098700000| Untracked 
| 124|0x0000000098800000, 0x0000000098800000, 0x0000000098900000|  0%| F|  |TAMS 0x0000000098800000, 0x0000000098800000| Untracked 
| 125|0x0000000098900000, 0x0000000098900000, 0x0000000098a00000|  0%| F|  |TAMS 0x0000000098900000, 0x0000000098900000| Untracked 
| 126|0x0000000098a00000, 0x0000000098b00000, 0x0000000098b00000|100%|HS|  |TAMS 0x0000000098a00000, 0x0000000098b00000| Complete 
| 127|0x0000000098b00000, 0x0000000098c00000, 0x0000000098c00000|100%|HC|  |TAMS 0x0000000098b00000, 0x0000000098c00000| Complete 
| 128|0x0000000098c00000, 0x0000000098d00000, 0x0000000098d00000|100%|HC|  |TAMS 0x0000000098c00000, 0x0000000098d00000| Complete 
| 129|0x0000000098d00000, 0x0000000098e00000, 0x0000000098e00000|100%|HC|  |TAMS 0x0000000098d00000, 0x0000000098e00000| Complete 
| 130|0x0000000098e00000, 0x0000000098f00000, 0x0000000098f00000|100%|HC|  |TAMS 0x0000000098e00000, 0x0000000098f00000| Complete 
| 131|0x0000000098f00000, 0x0000000098f00000, 0x0000000099000000|  0%| F|  |TAMS 0x0000000098f00000, 0x0000000098f00000| Untracked 
| 132|0x0000000099000000, 0x0000000099000000, 0x0000000099100000|  0%| F|  |TAMS 0x0000000099000000, 0x0000000099000000| Untracked 
| 133|0x0000000099100000, 0x0000000099100000, 0x0000000099200000|  0%| F|  |TAMS 0x0000000099100000, 0x0000000099100000| Untracked 
| 134|0x0000000099200000, 0x0000000099200000, 0x0000000099300000|  0%| F|  |TAMS 0x0000000099200000, 0x0000000099200000| Untracked 
| 135|0x0000000099300000, 0x0000000099300000, 0x0000000099400000|  0%| F|  |TAMS 0x0000000099300000, 0x0000000099300000| Untracked 
| 136|0x0000000099400000, 0x0000000099400000, 0x0000000099500000|  0%| F|  |TAMS 0x0000000099400000, 0x0000000099400000| Untracked 
| 137|0x0000000099500000, 0x0000000099500000, 0x0000000099600000|  0%| F|  |TAMS 0x0000000099500000, 0x0000000099500000| Untracked 
| 138|0x0000000099600000, 0x0000000099600000, 0x0000000099700000|  0%| F|  |TAMS 0x0000000099600000, 0x0000000099600000| Untracked 
| 139|0x0000000099700000, 0x0000000099700000, 0x0000000099800000|  0%| F|  |TAMS 0x0000000099700000, 0x0000000099700000| Untracked 
| 140|0x0000000099800000, 0x0000000099800000, 0x0000000099900000|  0%| F|  |TAMS 0x0000000099800000, 0x0000000099800000| Untracked 
| 141|0x0000000099900000, 0x0000000099900000, 0x0000000099a00000|  0%| F|  |TAMS 0x0000000099900000, 0x0000000099900000| Untracked 
| 142|0x0000000099a00000, 0x0000000099a00000, 0x0000000099b00000|  0%| F|  |TAMS 0x0000000099a00000, 0x0000000099a00000| Untracked 
| 143|0x0000000099b00000, 0x0000000099b00000, 0x0000000099c00000|  0%| F|  |TAMS 0x0000000099b00000, 0x0000000099b00000| Untracked 
| 144|0x0000000099c00000, 0x0000000099c00000, 0x0000000099d00000|  0%| F|  |TAMS 0x0000000099c00000, 0x0000000099c00000| Untracked 
| 145|0x0000000099d00000, 0x0000000099d00000, 0x0000000099e00000|  0%| F|  |TAMS 0x0000000099d00000, 0x0000000099d00000| Untracked 
| 146|0x0000000099e00000, 0x0000000099e00000, 0x0000000099f00000|  0%| F|  |TAMS 0x0000000099e00000, 0x0000000099e00000| Untracked 
| 147|0x0000000099f00000, 0x0000000099f00000, 0x000000009a000000|  0%| F|  |TAMS 0x0000000099f00000, 0x0000000099f00000| Untracked 
| 148|0x000000009a000000, 0x000000009a000000, 0x000000009a100000|  0%| F|  |TAMS 0x000000009a000000, 0x000000009a000000| Untracked 
| 149|0x000000009a100000, 0x000000009a100000, 0x000000009a200000|  0%| F|  |TAMS 0x000000009a100000, 0x000000009a100000| Untracked 
| 150|0x000000009a200000, 0x000000009a200000, 0x000000009a300000|  0%| F|  |TAMS 0x000000009a200000, 0x000000009a200000| Untracked 
| 151|0x000000009a300000, 0x000000009a300000, 0x000000009a400000|  0%| F|  |TAMS 0x000000009a300000, 0x000000009a300000| Untracked 
| 152|0x000000009a400000, 0x000000009a400000, 0x000000009a500000|  0%| F|  |TAMS 0x000000009a400000, 0x000000009a400000| Untracked 
| 153|0x000000009a500000, 0x000000009a500000, 0x000000009a600000|  0%| F|  |TAMS 0x000000009a500000, 0x000000009a500000| Untracked 
| 154|0x000000009a600000, 0x000000009a600000, 0x000000009a700000|  0%| F|  |TAMS 0x000000009a600000, 0x000000009a600000| Untracked 
| 155|0x000000009a700000, 0x000000009a700000, 0x000000009a800000|  0%| F|  |TAMS 0x000000009a700000, 0x000000009a700000| Untracked 
| 156|0x000000009a800000, 0x000000009a800000, 0x000000009a900000|  0%| F|  |TAMS 0x000000009a800000, 0x000000009a800000| Untracked 
| 157|0x000000009a900000, 0x000000009a900000, 0x000000009aa00000|  0%| F|  |TAMS 0x000000009a900000, 0x000000009a900000| Untracked 
| 158|0x000000009aa00000, 0x000000009aa00000, 0x000000009ab00000|  0%| F|  |TAMS 0x000000009aa00000, 0x000000009aa00000| Untracked 
| 159|0x000000009ab00000, 0x000000009ab00000, 0x000000009ac00000|  0%| F|  |TAMS 0x000000009ab00000, 0x000000009ab00000| Untracked 
| 160|0x000000009ac00000, 0x000000009ac00000, 0x000000009ad00000|  0%| F|  |TAMS 0x000000009ac00000, 0x000000009ac00000| Untracked 
| 161|0x000000009ad00000, 0x000000009ad00000, 0x000000009ae00000|  0%| F|  |TAMS 0x000000009ad00000, 0x000000009ad00000| Untracked 
| 162|0x000000009ae00000, 0x000000009ae00000, 0x000000009af00000|  0%| F|  |TAMS 0x000000009ae00000, 0x000000009ae00000| Untracked 
| 163|0x000000009af00000, 0x000000009af00000, 0x000000009b000000|  0%| F|  |TAMS 0x000000009af00000, 0x000000009af00000| Untracked 
| 164|0x000000009b000000, 0x000000009b000000, 0x000000009b100000|  0%| F|  |TAMS 0x000000009b000000, 0x000000009b000000| Untracked 
| 165|0x000000009b100000, 0x000000009b100000, 0x000000009b200000|  0%| F|  |TAMS 0x000000009b100000, 0x000000009b100000| Untracked 
| 166|0x000000009b200000, 0x000000009b200000, 0x000000009b300000|  0%| F|  |TAMS 0x000000009b200000, 0x000000009b200000| Untracked 
| 167|0x000000009b300000, 0x000000009b300000, 0x000000009b400000|  0%| F|  |TAMS 0x000000009b300000, 0x000000009b300000| Untracked 
| 168|0x000000009b400000, 0x000000009b400000, 0x000000009b500000|  0%| F|  |TAMS 0x000000009b400000, 0x000000009b400000| Untracked 
| 169|0x000000009b500000, 0x000000009b500000, 0x000000009b600000|  0%| F|  |TAMS 0x000000009b500000, 0x000000009b500000| Untracked 
| 170|0x000000009b600000, 0x000000009b600000, 0x000000009b700000|  0%| F|  |TAMS 0x000000009b600000, 0x000000009b600000| Untracked 
| 171|0x000000009b700000, 0x000000009b700000, 0x000000009b800000|  0%| F|  |TAMS 0x000000009b700000, 0x000000009b700000| Untracked 
| 172|0x000000009b800000, 0x000000009b800000, 0x000000009b900000|  0%| F|  |TAMS 0x000000009b800000, 0x000000009b800000| Untracked 
| 173|0x000000009b900000, 0x000000009b900000, 0x000000009ba00000|  0%| F|  |TAMS 0x000000009b900000, 0x000000009b900000| Untracked 
| 174|0x000000009ba00000, 0x000000009ba00000, 0x000000009bb00000|  0%| F|  |TAMS 0x000000009ba00000, 0x000000009ba00000| Untracked 
| 175|0x000000009bb00000, 0x000000009bb00000, 0x000000009bc00000|  0%| F|  |TAMS 0x000000009bb00000, 0x000000009bb00000| Untracked 
| 176|0x000000009bc00000, 0x000000009bc00000, 0x000000009bd00000|  0%| F|  |TAMS 0x000000009bc00000, 0x000000009bc00000| Untracked 
| 177|0x000000009bd00000, 0x000000009bd00000, 0x000000009be00000|  0%| F|  |TAMS 0x000000009bd00000, 0x000000009bd00000| Untracked 
| 178|0x000000009be00000, 0x000000009be00000, 0x000000009bf00000|  0%| F|  |TAMS 0x000000009be00000, 0x000000009be00000| Untracked 
| 179|0x000000009bf00000, 0x000000009bf00000, 0x000000009c000000|  0%| F|  |TAMS 0x000000009bf00000, 0x000000009bf00000| Untracked 
| 180|0x000000009c000000, 0x000000009c000000, 0x000000009c100000|  0%| F|  |TAMS 0x000000009c000000, 0x000000009c000000| Untracked 
| 181|0x000000009c100000, 0x000000009c100000, 0x000000009c200000|  0%| F|  |TAMS 0x000000009c100000, 0x000000009c100000| Untracked 
| 182|0x000000009c200000, 0x000000009c200000, 0x000000009c300000|  0%| F|  |TAMS 0x000000009c200000, 0x000000009c200000| Untracked 
| 183|0x000000009c300000, 0x000000009c300000, 0x000000009c400000|  0%| F|  |TAMS 0x000000009c300000, 0x000000009c300000| Untracked 
| 184|0x000000009c400000, 0x000000009c400000, 0x000000009c500000|  0%| F|  |TAMS 0x000000009c400000, 0x000000009c400000| Untracked 
| 185|0x000000009c500000, 0x000000009c500000, 0x000000009c600000|  0%| F|  |TAMS 0x000000009c500000, 0x000000009c500000| Untracked 
| 186|0x000000009c600000, 0x000000009c600000, 0x000000009c700000|  0%| F|  |TAMS 0x000000009c600000, 0x000000009c600000| Untracked 
| 187|0x000000009c700000, 0x000000009c700000, 0x000000009c800000|  0%| F|  |TAMS 0x000000009c700000, 0x000000009c700000| Untracked 
| 188|0x000000009c800000, 0x000000009c800000, 0x000000009c900000|  0%| F|  |TAMS 0x000000009c800000, 0x000000009c800000| Untracked 
| 189|0x000000009c900000, 0x000000009c900000, 0x000000009ca00000|  0%| F|  |TAMS 0x000000009c900000, 0x000000009c900000| Untracked 
| 190|0x000000009ca00000, 0x000000009ca00000, 0x000000009cb00000|  0%| F|  |TAMS 0x000000009ca00000, 0x000000009ca00000| Untracked 
| 191|0x000000009cb00000, 0x000000009cb00000, 0x000000009cc00000|  0%| F|  |TAMS 0x000000009cb00000, 0x000000009cb00000| Untracked 
| 192|0x000000009cc00000, 0x000000009cc00000, 0x000000009cd00000|  0%| F|  |TAMS 0x000000009cc00000, 0x000000009cc00000| Untracked 
| 193|0x000000009cd00000, 0x000000009cd00000, 0x000000009ce00000|  0%| F|  |TAMS 0x000000009cd00000, 0x000000009cd00000| Untracked 
| 194|0x000000009ce00000, 0x000000009ce00000, 0x000000009cf00000|  0%| F|  |TAMS 0x000000009ce00000, 0x000000009ce00000| Untracked 
| 195|0x000000009cf00000, 0x000000009cf00000, 0x000000009d000000|  0%| F|  |TAMS 0x000000009cf00000, 0x000000009cf00000| Untracked 
| 196|0x000000009d000000, 0x000000009d000000, 0x000000009d100000|  0%| F|  |TAMS 0x000000009d000000, 0x000000009d000000| Untracked 
| 197|0x000000009d100000, 0x000000009d100000, 0x000000009d200000|  0%| F|  |TAMS 0x000000009d100000, 0x000000009d100000| Untracked 
| 198|0x000000009d200000, 0x000000009d200000, 0x000000009d300000|  0%| F|  |TAMS 0x000000009d200000, 0x000000009d200000| Untracked 
| 199|0x000000009d300000, 0x000000009d300000, 0x000000009d400000|  0%| F|  |TAMS 0x000000009d300000, 0x000000009d300000| Untracked 
| 200|0x000000009d400000, 0x000000009d400000, 0x000000009d500000|  0%| F|  |TAMS 0x000000009d400000, 0x000000009d400000| Untracked 
| 201|0x000000009d500000, 0x000000009d600000, 0x000000009d600000|100%| S|CS|TAMS 0x000000009d500000, 0x000000009d500000| Complete 
| 202|0x000000009d600000, 0x000000009d700000, 0x000000009d700000|100%| S|CS|TAMS 0x000000009d600000, 0x000000009d600000| Complete 
| 203|0x000000009d700000, 0x000000009d800000, 0x000000009d800000|100%| S|CS|TAMS 0x000000009d700000, 0x000000009d700000| Complete 
| 204|0x000000009d800000, 0x000000009d900000, 0x000000009d900000|100%| S|CS|TAMS 0x000000009d800000, 0x000000009d800000| Complete 
| 205|0x000000009d900000, 0x000000009d900000, 0x000000009da00000|  0%| F|  |TAMS 0x000000009d900000, 0x000000009d900000| Untracked 
| 206|0x000000009da00000, 0x000000009da00000, 0x000000009db00000|  0%| F|  |TAMS 0x000000009da00000, 0x000000009da00000| Untracked 
| 207|0x000000009db00000, 0x000000009db00000, 0x000000009dc00000|  0%| F|  |TAMS 0x000000009db00000, 0x000000009db00000| Untracked 
| 208|0x000000009dc00000, 0x000000009dc00000, 0x000000009dd00000|  0%| F|  |TAMS 0x000000009dc00000, 0x000000009dc00000| Untracked 
| 209|0x000000009dd00000, 0x000000009dd00000, 0x000000009de00000|  0%| F|  |TAMS 0x000000009dd00000, 0x000000009dd00000| Untracked 
| 210|0x000000009de00000, 0x000000009de00000, 0x000000009df00000|  0%| F|  |TAMS 0x000000009de00000, 0x000000009de00000| Untracked 
| 211|0x000000009df00000, 0x000000009df00000, 0x000000009e000000|  0%| F|  |TAMS 0x000000009df00000, 0x000000009df00000| Untracked 

Card table byte_map: [0x000002189cc60000,0x000002189cfe0000] _byte_map_base: 0x000002189c7da000

Marking Bits (Prev, Next): (CMBitMap*) 0x00000218856ef700, (CMBitMap*) 0x00000218856ef740
 Prev Bits: [0x000002189d360000, 0x000002189ef30000)
 Next Bits: [0x000002189ef30000, 0x00000218a0b00000)

Polling page: 0x0000021883670000

Metaspace:

Usage:
  Non-class:      5.89 MB capacity,     3.78 MB ( 64%) used,     2.11 MB ( 36%) free+waste,     4.13 KB ( <1%) overhead. 
      Class:    754.00 KB capacity,   478.95 KB ( 64%) used,   272.48 KB ( 36%) free+waste,     2.56 KB ( <1%) overhead. 
       Both:      6.63 MB capacity,     4.25 MB ( 64%) used,     2.37 MB ( 36%) free+waste,     6.69 KB ( <1%) overhead. 

Virtual space:
  Non-class space:        8.00 MB reserved,       6.00 MB ( 75%) committed 
      Class space:        1.00 GB reserved,     768.00 KB ( <1%) committed 
             Both:        1.01 GB reserved,       6.75 MB ( <1%) committed 

Chunk freelists:
   Non-Class:  44.00 KB
       Class:  14.00 KB
        Both:  58.00 KB

MaxMetaspaceSize: 17179869184.00 GB
CompressedClassSpaceSize: 1.00 GB

CodeHeap 'non-profiled nmethods': size=120000Kb used=215Kb max_used=215Kb free=119784Kb
 bounds [0x00000218953b0000, 0x0000021895620000, 0x000002189c8e0000]
CodeHeap 'profiled nmethods': size=120000Kb used=1491Kb max_used=1491Kb free=118508Kb
 bounds [0x000002188de80000, 0x000002188e0f0000, 0x00000218953b0000]
CodeHeap 'non-nmethods': size=5760Kb used=1150Kb max_used=1168Kb free=4609Kb
 bounds [0x000002188d8e0000, 0x000002188db50000, 0x000002188de80000]
 total_blobs=1181 nmethods=778 adapters=317
 compilation: enabled
              stopped_count=0, restarted_count=0
 full_count=0

Compilation events (20 events):
Event: 1.373 Thread 0x00000218a2fcdc00  771       3       java.io.Bits::getInt (43 bytes)
Event: 1.374 Thread 0x00000218a2fcdc00 nmethod 771 0x000002188dfe8110 code [0x000002188dfe82a0, 0x000002188dfe8438]
Event: 1.374 Thread 0x00000218a2fcdc00  769       3       java.io.ObjectInputStream::readObject (7 bytes)
Event: 1.374 Thread 0x00000218a2fcdc00 nmethod 769 0x000002188dfe8590 code [0x000002188dfe8740, 0x000002188dfe8868]
Event: 1.379 Thread 0x00000218a2fcb130 nmethod 750% 0x00000218953e4f90 code [0x00000218953e5140, 0x00000218953e5928]
Event: 1.380 Thread 0x00000218a2fcb130  772       4       java.io.ObjectInputStream$BlockDataInputStream::readDoubles (148 bytes)
Event: 1.381 Thread 0x00000218a2fcdc00  773       3       java.io.ObjectInputStream::readHandle (141 bytes)
Event: 1.382 Thread 0x00000218a2fcdc00 nmethod 773 0x000002188dfe8910 code [0x000002188dfe8c00, 0x000002188dfe9a08]
Event: 1.382 Thread 0x00000218a2fcdc00  774   !   3       java.io.ObjectInputStream::readObject0 (681 bytes)
Event: 1.388 Thread 0x00000218a2fcdc00 nmethod 774 0x000002188dfea010 code [0x000002188dfea740, 0x000002188dfed3e8]
Event: 1.388 Thread 0x00000218a2fcdc00  775       3       java.io.ObjectInputStream$BlockDataInputStream::currentBlockRemaining (41 bytes)
Event: 1.389 Thread 0x00000218a2fcdc00 nmethod 775 0x000002188dfef090 code [0x000002188dfef240, 0x000002188dfef4c8]
Event: 1.389 Thread 0x00000218a2fcdc00  779   !   3       java.io.ObjectInputStream::readObject (160 bytes)
Event: 1.390 Thread 0x00000218a2fcdc00 nmethod 779 0x000002188dfef590 code [0x000002188dfef820, 0x000002188dff0398]
Event: 1.390 Thread 0x00000218a2fcdc00  776       3       java.io.ObjectInputStream::readArray (430 bytes)
Event: 1.393 Thread 0x00000218a2fcdc00 nmethod 776 0x000002188dff0a10 code [0x000002188dff0e40, 0x000002188dff2b68]
Event: 1.393 Thread 0x00000218a2fcdc00  777       3       java.io.ObjectInputStream::checkResolve (86 bytes)
Event: 1.394 Thread 0x00000218a2fcdc00 nmethod 777 0x000002188dff3510 code [0x000002188dff36e0, 0x000002188dff3b58]
Event: 1.394 Thread 0x00000218a2fcdc00  778       3       java.io.ObjectInputStream$HandleTable::markDependency (175 bytes)
Event: 1.396 Thread 0x00000218a2fcdc00 nmethod 778 0x000002188dff3d10 code [0x000002188dff3f60, 0x000002188dff49a8]

GC Heap History (17 events):
Event: 0.894 GC heap before
{Heap before GC invocations=0 (full 0):
 garbage-first heap   total 114688K, used 12288K [0x0000000090c00000, 0x0000000100000000)
  region size 1024K, 13 young (13312K), 0 survivors (0K)
 Metaspace       used 3846K, capacity 6729K, committed 6912K, reserved 1056768K
  class space    used 440K, capacity 755K, committed 768K, reserved 1048576K
}
Event: 0.904 GC heap after
{Heap after GC invocations=1 (full 0):
 garbage-first heap   total 114688K, used 5105K [0x0000000090c00000, 0x0000000100000000)
  region size 1024K, 2 young (2048K), 2 survivors (2048K)
 Metaspace       used 3846K, capacity 6729K, committed 6912K, reserved 1056768K
  class space    used 440K, capacity 755K, committed 768K, reserved 1048576K
}
Event: 0.918 GC heap before
{Heap before GC invocations=1 (full 0):
 garbage-first heap   total 114688K, used 18417K [0x0000000090c00000, 0x0000000100000000)
  region size 1024K, 16 young (16384K), 2 survivors (2048K)
 Metaspace       used 3929K, capacity 6793K, committed 6912K, reserved 1056768K
  class space    used 447K, capacity 755K, committed 768K, reserved 1048576K
}
Event: 0.938 GC heap after
{Heap after GC invocations=2 (full 0):
 garbage-first heap   total 114688K, used 19019K [0x0000000090c00000, 0x0000000100000000)
  region size 1024K, 2 young (2048K), 2 survivors (2048K)
 Metaspace       used 3929K, capacity 6793K, committed 6912K, reserved 1056768K
  class space    used 447K, capacity 755K, committed 768K, reserved 1048576K
}
Event: 0.944 GC heap before
{Heap before GC invocations=2 (full 0):
 garbage-first heap   total 114688K, used 33355K [0x0000000090c00000, 0x0000000100000000)
  region size 1024K, 17 young (17408K), 2 survivors (2048K)
 Metaspace       used 3929K, capacity 6793K, committed 6912K, reserved 1056768K
  class space    used 447K, capacity 755K, committed 768K, reserved 1048576K
}
Event: 0.966 GC heap after
{Heap after GC invocations=3 (full 0):
 garbage-first heap   total 114688K, used 34316K [0x0000000090c00000, 0x0000000100000000)
  region size 1024K, 3 young (3072K), 3 survivors (3072K)
 Metaspace       used 3929K, capacity 6793K, committed 6912K, reserved 1056768K
  class space    used 447K, capacity 755K, committed 768K, reserved 1048576K
}
Event: 0.974 GC heap before
{Heap before GC invocations=3 (full 0):
 garbage-first heap   total 114688K, used 52748K [0x0000000090c00000, 0x0000000100000000)
  region size 1024K, 22 young (22528K), 3 survivors (3072K)
 Metaspace       used 3929K, capacity 6793K, committed 6912K, reserved 1056768K
  class space    used 447K, capacity 755K, committed 768K, reserved 1048576K
}
Event: 1.001 GC heap after
{Heap after GC invocations=4 (full 0):
 garbage-first heap   total 114688K, used 53639K [0x0000000090c00000, 0x0000000100000000)
  region size 1024K, 3 young (3072K), 3 survivors (3072K)
 Metaspace       used 3929K, capacity 6793K, committed 6912K, reserved 1056768K
  class space    used 447K, capacity 755K, committed 768K, reserved 1048576K
}
Event: 1.007 GC heap before
{Heap before GC invocations=4 (full 0):
 garbage-first heap   total 114688K, used 66951K [0x0000000090c00000, 0x0000000100000000)
  region size 1024K, 17 young (17408K), 3 survivors (3072K)
 Metaspace       used 3929K, capacity 6793K, committed 6912K, reserved 1056768K
  class space    used 447K, capacity 755K, committed 768K, reserved 1048576K
}
Event: 1.029 GC heap after
{Heap after GC invocations=5 (full 0):
 garbage-first heap   total 217088K, used 67928K [0x0000000090c00000, 0x0000000100000000)
  region size 1024K, 3 young (3072K), 3 survivors (3072K)
 Metaspace       used 3929K, capacity 6793K, committed 6912K, reserved 1056768K
  class space    used 447K, capacity 755K, committed 768K, reserved 1048576K
}
Event: 1.123 GC heap before
{Heap before GC invocations=5 (full 0):
 garbage-first heap   total 217088K, used 96600K [0x0000000090c00000, 0x0000000100000000)
  region size 1024K, 32 young (32768K), 3 survivors (3072K)
 Metaspace       used 3960K, capacity 6793K, committed 6912K, reserved 1056768K
  class space    used 452K, capacity 755K, committed 768K, reserved 1048576K
}
Event: 1.161 GC heap after
{Heap after GC invocations=6 (full 0):
 garbage-first heap   total 217088K, used 96679K [0x0000000090c00000, 0x0000000100000000)
  region size 1024K, 4 young (4096K), 4 survivors (4096K)
 Metaspace       used 3960K, capacity 6793K, committed 6912K, reserved 1056768K
  class space    used 452K, capacity 755K, committed 768K, reserved 1048576K
}
Event: 1.217 GC heap before
{Heap before GC invocations=6 (full 0):
 garbage-first heap   total 217088K, used 114087K [0x0000000090c00000, 0x0000000100000000)
  region size 1024K, 20 young (20480K), 4 survivors (4096K)
 Metaspace       used 4150K, capacity 6793K, committed 6912K, reserved 1056768K
  class space    used 468K, capacity 755K, committed 768K, reserved 1048576K
}
Event: 1.223 GC heap after
{Heap after GC invocations=7 (full 0):
 garbage-first heap   total 217088K, used 106341K [0x0000000090c00000, 0x0000000100000000)
  region size 1024K, 5 young (5120K), 5 survivors (5120K)
 Metaspace       used 4150K, capacity 6793K, committed 6912K, reserved 1056768K
  class space    used 468K, capacity 755K, committed 768K, reserved 1048576K
}
Event: 1.287 GC heap before
{Heap before GC invocations=8 (full 0):
 garbage-first heap   total 217088K, used 123749K [0x0000000090c00000, 0x0000000100000000)
  region size 1024K, 6 young (6144K), 5 survivors (5120K)
 Metaspace       used 4187K, capacity 6784K, committed 6912K, reserved 1056768K
  class space    used 467K, capacity 752K, committed 768K, reserved 1048576K
}
Event: 1.295 GC heap after
{Heap after GC invocations=9 (full 0):
 garbage-first heap   total 217088K, used 113535K [0x0000000090c00000, 0x0000000100000000)
  region size 1024K, 1 young (1024K), 1 survivors (1024K)
 Metaspace       used 4187K, capacity 6784K, committed 6912K, reserved 1056768K
  class space    used 467K, capacity 752K, committed 768K, reserved 1048576K
}
Event: 1.397 GC heap before
{Heap before GC invocations=10 (full 0):
 garbage-first heap   total 217088K, used 137087K [0x0000000090c00000, 0x0000000100000000)
  region size 1024K, 7 young (7168K), 1 survivors (1024K)
 Metaspace       used 4353K, capacity 6790K, committed 6912K, reserved 1056768K
  class space    used 478K, capacity 754K, committed 768K, reserved 1048576K
}

Deoptimization events (20 events):
Event: 1.391 Thread 0x00000218a3a6fdc0 DEOPT PACKING pc=0x000002188dfdef82 sp=0x0000004109ffe240
Event: 1.391 Thread 0x00000218a3a6fdc0 DEOPT UNPACKING pc=0x000002188d92df3f sp=0x0000004109ffd730 mode 0
Event: 1.391 Thread 0x00000218a3a6fdc0 DEOPT PACKING pc=0x000002188dfdef82 sp=0x0000004109ffe240
Event: 1.391 Thread 0x00000218a3a6fdc0 DEOPT UNPACKING pc=0x000002188d92df3f sp=0x0000004109ffd730 mode 0
Event: 1.391 Thread 0x00000218a3a6fdc0 DEOPT PACKING pc=0x000002188dfdef82 sp=0x0000004109ffe240
Event: 1.391 Thread 0x00000218a3a6fdc0 DEOPT UNPACKING pc=0x000002188d92df3f sp=0x0000004109ffd730 mode 0
Event: 1.392 Thread 0x00000218a3a6fdc0 DEOPT PACKING pc=0x000002188dfdef82 sp=0x0000004109ffe240
Event: 1.392 Thread 0x00000218a3a6fdc0 DEOPT UNPACKING pc=0x000002188d92df3f sp=0x0000004109ffd730 mode 0
Event: 1.392 Thread 0x00000218a3a6fdc0 DEOPT PACKING pc=0x000002188dfdef82 sp=0x0000004109ffe240
Event: 1.392 Thread 0x00000218a3a6fdc0 DEOPT UNPACKING pc=0x000002188d92df3f sp=0x0000004109ffd730 mode 0
Event: 1.393 Thread 0x00000218a3a6fdc0 DEOPT PACKING pc=0x000002188dfdef82 sp=0x0000004109ffe240
Event: 1.393 Thread 0x00000218a3a6fdc0 DEOPT UNPACKING pc=0x000002188d92df3f sp=0x0000004109ffd730 mode 0
Event: 1.393 Thread 0x00000218a3a6fdc0 DEOPT PACKING pc=0x000002188dfdef82 sp=0x0000004109ffe240
Event: 1.393 Thread 0x00000218a3a6fdc0 DEOPT UNPACKING pc=0x000002188d92df3f sp=0x0000004109ffd730 mode 0
Event: 1.394 Thread 0x00000218a3a6fdc0 DEOPT PACKING pc=0x000002188dfdef82 sp=0x0000004109ffe250
Event: 1.394 Thread 0x00000218a3a6fdc0 DEOPT UNPACKING pc=0x000002188d92df3f sp=0x0000004109ffd720 mode 0
Event: 1.396 Thread 0x00000218a3a6fdc0 DEOPT PACKING pc=0x000002188dfdef82 sp=0x0000004109ffe250
Event: 1.396 Thread 0x00000218a3a6fdc0 DEOPT UNPACKING pc=0x000002188d92df3f sp=0x0000004109ffd720 mode 0
Event: 1.397 Thread 0x00000218a3a6fdc0 DEOPT PACKING pc=0x000002188dfdef82 sp=0x0000004109ffe250
Event: 1.397 Thread 0x00000218a3a6fdc0 DEOPT UNPACKING pc=0x000002188d92df3f sp=0x0000004109ffd720 mode 0

Classes unloaded (3 events):
Event: 1.244 Thread 0x00000218a2fa5850 Unloading class 0x0000000800bce440 'java/lang/invoke/LambdaForm$MH+0x0000000800bce440'
Event: 1.244 Thread 0x00000218a2fa5850 Unloading class 0x0000000800bce040 'java/lang/invoke/LambdaForm$MH+0x0000000800bce040'
Event: 1.244 Thread 0x00000218a2fa5850 Unloading class 0x0000000800bce840 'java/lang/invoke/LambdaForm$MH+0x0000000800bce840'

Classes redefined (0 events):
No events

Internal exceptions (8 events):
Event: 0.616 Thread 0x00000218a3a6a300 Implicit null exception at 0x00000218953c52f4 to 0x00000218953c5c84
Event: 0.683 Thread 0x00000218a3a6fdc0 Exception <a 'java/lang/NoSuchMethodError'{0x000000009748f8a0}: 'void java.lang.invoke.DirectMethodHandle$Holder.invokeStatic(java.lang.Object, java.lang.Object)'> (0x000000009748f8a0) 
thrown [./open/src/hotspot/share/interpreter/linkResolver.cpp, line 782]
Event: 0.684 Thread 0x00000218a3a6fdc0 Exception <a 'java/lang/NoSuchMethodError'{0x0000000097493628}: 'void java.lang.invoke.DirectMethodHandle$Holder.invokeStaticInit(java.lang.Object, java.lang.Object)'> (0x0000000097493628) 
thrown [./open/src/hotspot/share/interpreter/linkResolver.cpp, line 782]
Event: 0.702 Thread 0x00000218a3a6fdc0 Exception <a 'java/lang/NoSuchMethodError'{0x00000000974fcf08}: 'java.lang.Object java.lang.invoke.DirectMethodHandle$Holder.invokeStatic(java.lang.Object)'> (0x00000000974fcf08) 
thrown [./open/src/hotspot/share/interpreter/linkResolver.cpp, line 782]
Event: 0.707 Thread 0x00000218a3a6fdc0 Exception <a 'java/lang/NoSuchMethodError'{0x0000000097307440}: 'java.lang.Object java.lang.invoke.DirectMethodHandle$Holder.invokeStaticInit(java.lang.Object, int, int, int, int)'> (0x0000000097307440) 
thrown [./open/src/hotspot/share/interpreter/linkResolver.cpp, line 782]
Event: 0.824 Thread 0x00000218a3a6fdc0 Exception <a 'java/lang/NoSuchMethodError'{0x000000009736bb50}: 'java.lang.Object java.lang.invoke.DirectMethodHandle$Holder.invokeStaticInit(java.lang.Object, java.lang.Object, int, int, int, int)'> (0x000000009736bb50) 
thrown [./open/src/hotspot/share/interpreter/linkResolver.cpp, line 782]
Event: 1.177 Thread 0x00000218a3a6a300 Exception <a 'java/lang/NoSuchMethodError'{0x000000009d821e38}: static [D.<clinit>()V> (0x000000009d821e38) 
thrown [./open/src/hotspot/share/prims/jni.cpp, line 1204]
Event: 1.330 Thread 0x00000218a3a6fdc0 Exception <a 'java/lang/NoSuchMethodError'{0x000000009dfaaaa8}: 'java.lang.Object java.lang.invoke.DirectMethodHandle$Holder.invokeStaticInit(java.lang.Object)'> (0x000000009dfaaaa8) 
thrown [./open/src/hotspot/share/interpreter/linkResolver.cpp, line 782]

Events (20 events):
Event: 1.326 loading class jdk/internal/access/JavaObjectInputStreamReadString
Event: 1.326 loading class jdk/internal/access/JavaObjectInputStreamReadString done
Event: 1.327 loading class java/io/ObjectInputStream$BlockDataInputStream
Event: 1.327 loading class java/io/ObjectInputStream$BlockDataInputStream done
Event: 1.327 loading class java/io/ObjectInputStream$PeekInputStream
Event: 1.327 loading class java/io/ObjectInputStream$PeekInputStream done
Event: 1.327 loading class java/io/ObjectInputStream$HandleTable
Event: 1.328 loading class java/io/ObjectInputStream$HandleTable done
Event: 1.328 loading class java/io/ObjectInputStream$HandleTable$HandleList
Event: 1.328 loading class java/io/ObjectInputStream$HandleTable$HandleList done
Event: 1.329 loading class java/io/ObjectInputStream$ValidationList
Event: 1.329 loading class java/io/ObjectInputStream$ValidationList done
Event: 1.329 loading class java/io/ObjectInputFilter$Config
Event: 1.329 loading class java/io/ObjectInputFilter$Config done
Event: 1.329 loading class java/io/ObjectInputFilter
Event: 1.329 loading class java/io/ObjectInputFilter done
Event: 1.329 Executing VM operation: G1Concurrent done
Event: 1.334 loading class jdk/internal/access/JavaObjectInputFilterAccess
Event: 1.334 loading class jdk/internal/access/JavaObjectInputFilterAccess done
Event: 1.397 Executing VM operation: G1TryInitiateConcMark


Dynamic libraries:
0x00007ff7855a0000 - 0x00007ff7855af000 	C:\Program Files\Java\jdk-15.0.1\bin\java.exe
0x00007ffc8fe60000 - 0x00007ffc90050000 	C:\WINDOWS\SYSTEM32\ntdll.dll
0x00007ffc8fd30000 - 0x00007ffc8fde2000 	C:\WINDOWS\System32\KERNEL32.DLL
0x00007ffc8dc60000 - 0x00007ffc8df05000 	C:\WINDOWS\System32\KERNELBASE.dll
0x00007ffc8d7f0000 - 0x00007ffc8d8ea000 	C:\WINDOWS\System32\ucrtbase.dll
0x00007ffc85c00000 - 0x00007ffc85c19000 	C:\Program Files\Java\jdk-15.0.1\bin\VCRUNTIME140.dll
0x00007ffc7f930000 - 0x00007ffc7f948000 	C:\Program Files\Java\jdk-15.0.1\bin\jli.dll
0x00007ffc8e470000 - 0x00007ffc8e513000 	C:\WINDOWS\System32\ADVAPI32.dll
0x00007ffc8fc90000 - 0x00007ffc8fd2e000 	C:\WINDOWS\System32\msvcrt.dll
0x00007ffc8f270000 - 0x00007ffc8f307000 	C:\WINDOWS\System32\sechost.dll
0x00007ffc8f4a0000 - 0x00007ffc8f5bf000 	C:\WINDOWS\System32\RPCRT4.dll
0x00007ffc8f910000 - 0x00007ffc8faa4000 	C:\WINDOWS\System32\USER32.dll
0x00007ffc8ce80000 - 0x00007ffc8cea1000 	C:\WINDOWS\System32\win32u.dll
0x00007ffc838a0000 - 0x00007ffc83b24000 	C:\WINDOWS\WinSxS\amd64_microsoft.windows.common-controls_6595b64144ccf1df_6.0.18362.1440_none_9e7dbfb9e45e8e67\COMCTL32.dll
0x00007ffc8e440000 - 0x00007ffc8e466000 	C:\WINDOWS\System32\GDI32.dll
0x00007ffc8e080000 - 0x00007ffc8e3b6000 	C:\WINDOWS\System32\combase.dll
0x00007ffc8d8f0000 - 0x00007ffc8da88000 	C:\WINDOWS\System32\gdi32full.dll
0x00007ffc8d760000 - 0x00007ffc8d7e1000 	C:\WINDOWS\System32\bcryptPrimitives.dll
0x00007ffc8d630000 - 0x00007ffc8d6ce000 	C:\WINDOWS\System32\msvcp_win.dll
0x00007ffc84c20000 - 0x00007ffc84c2a000 	C:\WINDOWS\SYSTEM32\VERSION.dll
0x00007ffc8fdf0000 - 0x00007ffc8fe1e000 	C:\WINDOWS\System32\IMM32.DLL
0x00007ffc85bf0000 - 0x00007ffc85bfc000 	C:\Program Files\Java\jdk-15.0.1\bin\vcruntime140_1.dll
0x00007ffc78700000 - 0x00007ffc78791000 	C:\Program Files\Java\jdk-15.0.1\bin\msvcp140.dll
0x00007ffc56d40000 - 0x00007ffc5789e000 	C:\Program Files\Java\jdk-15.0.1\bin\server\jvm.dll
0x00007ffc8e070000 - 0x00007ffc8e078000 	C:\WINDOWS\System32\PSAPI.DLL
0x00007ffc85c20000 - 0x00007ffc85c29000 	C:\WINDOWS\SYSTEM32\WSOCK32.dll
0x00007ffc84100000 - 0x00007ffc84124000 	C:\WINDOWS\SYSTEM32\WINMM.dll
0x00007ffc8ed90000 - 0x00007ffc8edff000 	C:\WINDOWS\System32\WS2_32.dll
0x00007ffc840d0000 - 0x00007ffc840fd000 	C:\WINDOWS\SYSTEM32\winmmbase.dll
0x00007ffc8da90000 - 0x00007ffc8dada000 	C:\WINDOWS\System32\cfgmgr32.dll
0x00007ffc8cd90000 - 0x00007ffc8cda1000 	C:\WINDOWS\System32\kernel.appcore.dll
0x00007ffc83bc0000 - 0x00007ffc83bca000 	C:\Program Files\Java\jdk-15.0.1\bin\jimage.dll
0x00007ffc7fa20000 - 0x00007ffc7fc14000 	C:\WINDOWS\SYSTEM32\DBGHELP.DLL
0x00007ffc7f9f0000 - 0x00007ffc7fa1a000 	C:\WINDOWS\SYSTEM32\dbgcore.DLL
0x00007ffc7ac20000 - 0x00007ffc7ac45000 	C:\Program Files\Java\jdk-15.0.1\bin\java.dll
0x00007ffc8e670000 - 0x00007ffc8ed58000 	C:\WINDOWS\System32\SHELL32.dll
0x00007ffc8fb70000 - 0x00007ffc8fc17000 	C:\WINDOWS\System32\shcore.dll
0x00007ffc8ceb0000 - 0x00007ffc8d62b000 	C:\WINDOWS\System32\windows.storage.dll
0x00007ffc8cd70000 - 0x00007ffc8cd8e000 	C:\WINDOWS\System32\profapi.dll
0x00007ffc8cd20000 - 0x00007ffc8cd6a000 	C:\WINDOWS\System32\powrprof.dll
0x00007ffc8cd10000 - 0x00007ffc8cd20000 	C:\WINDOWS\System32\UMPDC.dll
0x00007ffc8f8b0000 - 0x00007ffc8f902000 	C:\WINDOWS\System32\shlwapi.dll
0x00007ffc8dae0000 - 0x00007ffc8daf7000 	C:\WINDOWS\System32\cryptsp.dll
0x00007ffc7fc30000 - 0x00007ffc7fc49000 	C:\Program Files\Java\jdk-15.0.1\bin\net.dll
0x00007ffc834a0000 - 0x00007ffc8359a000 	C:\WINDOWS\SYSTEM32\WINHTTP.dll
0x00007ffc8c550000 - 0x00007ffc8c5b7000 	C:\WINDOWS\system32\mswsock.dll
0x00007ffc7eab0000 - 0x00007ffc7eac2000 	C:\Program Files\Java\jdk-15.0.1\bin\nio.dll
0x00007ffc7abe0000 - 0x00007ffc7abf8000 	C:\Program Files\Java\jdk-15.0.1\bin\zip.dll
0x00007ffc79800000 - 0x00007ffc79816000 	C:\WINDOWS\system32\napinsp.dll
0x00007ffc797e0000 - 0x00007ffc797fa000 	C:\WINDOWS\system32\pnrpnsp.dll
0x00007ffc8c2a0000 - 0x00007ffc8c36b000 	C:\WINDOWS\SYSTEM32\DNSAPI.dll
0x00007ffc8fab0000 - 0x00007ffc8fab8000 	C:\WINDOWS\System32\NSI.dll
0x00007ffc8c200000 - 0x00007ffc8c23a000 	C:\WINDOWS\SYSTEM32\IPHLPAPI.DLL
0x00007ffc79790000 - 0x00007ffc7979e000 	C:\WINDOWS\System32\winrnr.dll
0x00007ffc89150000 - 0x00007ffc8916c000 	C:\WINDOWS\system32\NLAapi.dll
0x00007ffc88590000 - 0x00007ffc885a5000 	C:\WINDOWS\system32\wshbth.dll
0x00007ffc83170000 - 0x00007ffc8317a000 	C:\Windows\System32\rasadhlp.dll
0x00007ffc84990000 - 0x00007ffc84a07000 	C:\WINDOWS\System32\fwpuclnt.dll
0x00007ffc8d6d0000 - 0x00007ffc8d6f6000 	C:\WINDOWS\System32\bcrypt.dll
0x00007ffc7bfa0000 - 0x00007ffc7bfb0000 	C:\Program Files\Java\jdk-15.0.1\bin\verify.dll
0x00007ffc8c070000 - 0x00007ffc8c0a3000 	C:\WINDOWS\system32\rsaenh.dll
0x00007ffc8cbf0000 - 0x00007ffc8cc15000 	C:\WINDOWS\SYSTEM32\USERENV.dll
0x00007ffc8c720000 - 0x00007ffc8c72c000 	C:\WINDOWS\SYSTEM32\CRYPTBASE.dll
0x00007ffc84c30000 - 0x00007ffc84c46000 	C:\WINDOWS\SYSTEM32\dhcpcsvc6.DLL
0x00007ffc84d80000 - 0x00007ffc84d9c000 	C:\WINDOWS\SYSTEM32\dhcpcsvc.DLL

dbghelp: loaded successfully - version: 4.0.5 - missing functions: none
symbol engine: initialized successfully - sym options: 0x614 - pdb path: .;C:\Program Files\Java\jdk-15.0.1\bin;C:\WINDOWS\SYSTEM32;C:\WINDOWS\WinSxS\amd64_microsoft.windows.common-controls_6595b64144ccf1df_6.0.18362.1440_none_9e7dbfb9e45e8e67;C:\Program Files\Java\jdk-15.0.1\bin\server

VM Arguments:
java_command: runtime.starter.MulticoreStarter C:\Users\teraz\OneDrive\Рабочий стол\PDC\lab6 4 smpdev useLocalLoader C:\mpj-v0_44\lib\mpi.jar;C:\Users\teraz\OneDrive\Рабочий стол\PDC\lab6\build\classes labs67.lab6
java_class_path (initial): C:\mpj-v0_44/lib/smpdev.jar;C:\mpj-v0_44/lib/xdev.jar;C:\mpj-v0_44/lib/mpjbuf.jar;C:\mpj-v0_44/lib/loader2.jar;C:\mpj-v0_44/lib/starter.jar;C:\mpj-v0_44/lib/mpiExp.jar
Launcher Type: SUN_STANDARD

[Global flags]
     intx CICompilerCount                          = 3                                         {product} {ergonomic}
     uint ConcGCThreads                            = 1                                         {product} {ergonomic}
     uint G1ConcRefinementThreads                  = 4                                         {product} {ergonomic}
   size_t G1HeapRegionSize                         = 1048576                                   {product} {ergonomic}
    uintx GCDrainStackTargetSize                   = 64                                        {product} {ergonomic}
   size_t InitialHeapSize                          = 117440512                                 {product} {ergonomic}
   size_t MarkStackSize                            = 4194304                                   {product} {ergonomic}
   size_t MaxHeapSize                              = 1866465280                                {product} {ergonomic}
   size_t MaxNewSize                               = 1119879168                                {product} {ergonomic}
   size_t MinHeapDeltaBytes                        = 1048576                                   {product} {ergonomic}
   size_t MinHeapSize                              = 8388608                                   {product} {ergonomic}
    uintx NonNMethodCodeHeapSize                   = 5832780                                {pd product} {ergonomic}
    uintx NonProfiledCodeHeapSize                  = 122912730                              {pd product} {ergonomic}
    uintx ProfiledCodeHeapSize                     = 122912730                              {pd product} {ergonomic}
    uintx ReservedCodeCacheSize                    = 251658240                              {pd product} {ergonomic}
     bool SegmentedCodeCache                       = true                                      {product} {ergonomic}
   size_t SoftMaxHeapSize                          = 1866465280                             {manageable} {ergonomic}
     bool UseCompressedClassPointers               = true                                 {lp64_product} {ergonomic}
     bool UseCompressedOops                        = true                                 {lp64_product} {ergonomic}
     bool UseG1GC                                  = true                                      {product} {ergonomic}
     bool UseLargePagesIndividualAllocation        = false                                  {pd product} {ergonomic}

Logging:
Log output configuration:
 #0: stdout all=warning uptime,level,tags
 #1: stderr all=off uptime,level,tags

Environment Variables:
PATH=C:\Program Files\NVIDIA GPU Computing Toolkit\CUDA\v10.1\bin;C:\Program Files\NVIDIA GPU Computing Toolkit\CUDA\v10.1\libnvvp;C:\Program Files (x86)\Common Files\Oracle\Java\javapath;C:\Program Files\Rockwell Software\RSCommon;C:\Program Files\Common Files\Oracle\Java\javapath;C:\WINDOWS\system32;C:\WINDOWS;C:\WINDOWS\System32\Wbem;C:\WINDOWS\System32\WindowsPowerShell\v1.0\;C:\WINDOWS\System32\OpenSSH\;C:\Program Files\Microsoft SQL Server\130\Tools\Binn\;C:\Program Files\Microsoft SQL Server\Client SDK\ODBC\170\Tools\Binn\;C:\Program Files\Git\cmd;C:\Program Files\NVIDIA Corporation\Nsight Compute 2019.4.0\;C:\Program Files (x86)\NVIDIA Corporation\PhysX\Common;C:\Program Files\dotnet\;C:\mpj-v0_44\bin;C:\Users\teraz\AppData\Local\Programs\Python\Python37\Scripts\;C:\Users\teraz\AppData\Local\Programs\Python\Python37\;C:\Users\teraz\AppData\Local\Microsoft\WindowsApps;C:\Program Files\JetBrains\PyCharm 2020.2.3\bin;;C:\Users\teraz\AppData\Roaming\Microsoft\Windows\Start Menu\Programs\Anaconda3 (64-bit);C:\Users\teraz\.dotnet\tools;C:\ProgramData\Microsoft\Windows\Start Menu\Programs\NVIDIA Corporation\NVIDIA Nsight Systems 2019.3.7;C:\mpj-v0_44\bin;
USERNAME=teraz
OS=Windows_NT
PROCESSOR_IDENTIFIER=AMD64 Family 21 Model 48 Stepping 1, AuthenticAMD



---------------  S Y S T E M  ---------------

OS:
 Windows 10 , 64 bit Build 18362 (10.0.18362.1350)
OS uptime: 0 days 17:05 hours

CPU: total 4 (initial active 4) (4 cores per cpu, 1 threads per core) family 21 model 48 stepping 1 microcode 0x0, cmov, cx8, fxsr, mmx, sse, sse2, sse3, ssse3, sse4.1, sse4.2, popcnt, vzeroupper, avx, aes, clmul, 3dnowpref, lzcnt, sse4a, tsc, tscinvbit, tscinv, bmi1, fma, clflush

Memory: 4k page, system-wide physical 7113M (701M free)
TotalPageFile size 13157M (AvailPageFile size 127M)
current process WorkingSet (physical memory assigned to process): 220M, peak: 220M
current process commit charge ("private bytes"): 311M, peak: 522M

vm_info: Java HotSpot(TM) 64-Bit Server VM (15.0.1+9-18) for windows-amd64 JRE (15.0.1+9-18), built on Sep 15 2020 14:43:54 by "mach5one" with unknown MS VC++:1925

END.
