#
# There is insufficient memory for the Java Runtime Environment to continue.
# Native memory allocation (mmap) failed to map 217055232 bytes for G1 virtual space
# Possible reasons:
#   The system is out of physical RAM or swap space
#   The process is running with CompressedOops enabled, and the Java Heap may be blocking the growth of the native heap
# Possible solutions:
#   Reduce memory load on the system
#   Increase physical memory or swap space
#   Check if swap backing store is full
#   Decrease Java heap size (-Xmx/-Xms)
#   Decrease number of Java threads
#   Decrease Java thread stack sizes (-Xss)
#   Set larger code cache with -XX:ReservedCodeCacheSize=
#   JVM is running with Unscaled Compressed Oops mode in which the Java heap is
#     placed in the first 4GB address space. The Java Heap base address is the
#     maximum limit for the native heap growth. Please use -XX:HeapBaseMinAddress
#     to set the Java Heap base and to place the Java Heap above 4GB virtual address.
# This output file may be truncated or incomplete.
#
#  Out of Memory Error (./open/src/hotspot/os/windows/os_windows.cpp:3472), pid=12624, tid=13532
#
# JRE version: Java(TM) SE Runtime Environment (15.0.1+9) (build 15.0.1+9-18)
# Java VM: Java HotSpot(TM) 64-Bit Server VM (15.0.1+9-18, mixed mode, sharing, tiered, compressed oops, g1 gc, windows-amd64)
# No core dump will be written. Minidumps are not enabled by default on client versions of Windows
#

---------------  S U M M A R Y ------------

Command Line: runtime.starter.MulticoreStarter C:\Users\teraz\OneDrive\Рабочий стол\PDC\lab6 4 smpdev useLocalLoader C:\mpj-v0_44\lib\mpi.jar;C:\Users\teraz\OneDrive\Рабочий стол\PDC\lab6\build\classes labs67.lab6

Host: AMD A10-7300 Radeon R6, 10 Compute Cores 4C+6G , 4 cores, 6G,  Windows 10 , 64 bit Build 18362 (10.0.18362.1350)
Time: Mon Mar 22 17:38:50 2021 O?ieyia?y (ceia) elapsed time: 0.953681 seconds (0d 0h 0m 0s)

---------------  T H R E A D  ---------------

Current thread (0x000002e7fd77e1f0):  VMThread "VM Thread" [stack: 0x000000fb32d00000,0x000000fb32e00000] [id=13532]

Stack: [0x000000fb32d00000,0x000000fb32e00000]
[error occurred during error reporting (printing stack bounds), id 0xc0000005, EXCEPTION_ACCESS_VIOLATION (0xc0000005) at pc=0x000002e7800010ad]

Native frames: (J=compiled Java code, j=interpreted, Vv=VM code, C=native code)
V  [jvm.dll+0x62ae9a]
V  [jvm.dll+0x781389]
V  [jvm.dll+0x782ae3]
V  [jvm.dll+0x7830a5]
V  [jvm.dll+0x78305b]
V  [jvm.dll+0x62a2b9]
V  [jvm.dll+0x62aa88]
C  [ntdll.dll+0xa1eef]
C  [ntdll.dll+0x6aad9]
C  [ntdll.dll+0xa0b5e]
C  0x000002e7800010ad

VM_Operation (0x000000fb339fd680): G1TryInitiateConcMark, mode: safepoint, requested by thread 0x000002e7fe242f70


---------------  P R O C E S S  ---------------

Threads class SMR info:
_java_thread_list=0x000002e7fe2283b0, length=15, elements={
0x000002e7eee83a30, 0x000002e7fd782530, 0x000002e7fd785020, 0x000002e7fd7a1540,
0x000002e7fd7a3f10, 0x000002e7fd7a5070, 0x000002e7fd7a7d70, 0x000002e7fd7af4e0,
0x000002e7fd7b0680, 0x000002e7fe1d0ee0, 0x000002e7fe1effa0, 0x000002e7fe242f70,
0x000002e7fe2408f0, 0x000002e7fe240dc0, 0x000002e7fe241290
}

Java Threads: ( => current thread )
  0x000002e7eee83a30 JavaThread "main" [_thread_blocked, id=8048, stack(0x000000fb32700000,0x000000fb32800000)]
  0x000002e7fd782530 JavaThread "Reference Handler" daemon [_thread_blocked, id=896, stack(0x000000fb32e00000,0x000000fb32f00000)]
  0x000002e7fd785020 JavaThread "Finalizer" daemon [_thread_blocked, id=12212, stack(0x000000fb32f00000,0x000000fb33000000)]
  0x000002e7fd7a1540 JavaThread "Signal Dispatcher" daemon [_thread_blocked, id=4688, stack(0x000000fb33000000,0x000000fb33100000)]
  0x000002e7fd7a3f10 JavaThread "Attach Listener" daemon [_thread_blocked, id=13760, stack(0x000000fb33100000,0x000000fb33200000)]
  0x000002e7fd7a5070 JavaThread "Service Thread" daemon [_thread_blocked, id=14748, stack(0x000000fb33200000,0x000000fb33300000)]
  0x000002e7fd7a7d70 JavaThread "C2 CompilerThread0" daemon [_thread_blocked, id=14536, stack(0x000000fb33300000,0x000000fb33400000)]
  0x000002e7fd7af4e0 JavaThread "C1 CompilerThread0" daemon [_thread_blocked, id=1608, stack(0x000000fb33400000,0x000000fb33500000)]
  0x000002e7fd7b0680 JavaThread "Sweeper thread" daemon [_thread_blocked, id=16092, stack(0x000000fb33500000,0x000000fb33600000)]
  0x000002e7fe1d0ee0 JavaThread "Notification Thread" daemon [_thread_blocked, id=14936, stack(0x000000fb33600000,0x000000fb33700000)]
  0x000002e7fe1effa0 JavaThread "Common-Cleaner" daemon [_thread_blocked, id=16104, stack(0x000000fb33800000,0x000000fb33900000)]
  0x000002e7fe242f70 JavaThread "0" [_thread_blocked, id=16072, stack(0x000000fb33900000,0x000000fb33a00000)]
  0x000002e7fe2408f0 JavaThread "1" [_thread_blocked, id=15276, stack(0x000000fb33a00000,0x000000fb33b00000)]
  0x000002e7fe240dc0 JavaThread "2" [_thread_blocked, id=15412, stack(0x000000fb33b00000,0x000000fb33c00000)]
  0x000002e7fe241290 JavaThread "3" [_thread_blocked, id=13452, stack(0x000000fb33c00000,0x000000fb33d00000)]

Other Threads:
=>0x000002e7fd77e1f0 VMThread "VM Thread" [stack: 0x000000fb32d00000,0x000000fb32e00000] [id=13532]
  0x000002e7fe1d6980 WatcherThread [stack: 0x000000fb33700000,0x000000fb33800000] [id=7876]
  0x000002e7eeebdee0 GCTaskThread "GC Thread#0" [stack: 0x000000fb32800000,0x000000fb32900000] [id=8680]
  0x000002e7fe8f8f00 GCTaskThread "GC Thread#1" [stack: 0x000000fb33d00000,0x000000fb33e00000] [id=14116]
  0x000002e7fe8faee0 GCTaskThread "GC Thread#2" [stack: 0x000000fb33e00000,0x000000fb33f00000] [id=16352]
  0x000002e7fe8fa550 GCTaskThread "GC Thread#3" [stack: 0x000000fb33f00000,0x000000fb34000000] [id=14348]
  0x000002e7eeeccf40 ConcurrentGCThread "G1 Main Marker" [stack: 0x000000fb32900000,0x000000fb32a00000] [id=1916]
  0x000002e7eeecead0 ConcurrentGCThread "G1 Conc#0" [stack: 0x000000fb32a00000,0x000000fb32b00000] [id=14216]
  0x000002e7eef35670 ConcurrentGCThread "G1 Refine#0" [stack: 0x000000fb32b00000,0x000000fb32c00000] [id=14224]
  0x000002e7eef37190 ConcurrentGCThread "G1 Young RemSet Sampling" [stack: 0x000000fb32c00000,0x000000fb32d00000] [id=13160]

Threads with active compile tasks:
C2 CompilerThread0      974  684  s    4       java.io.ByteArrayOutputStream::write (43 bytes)

VM state: at safepoint (normal execution)

VM Mutex/Monitor currently owned by a thread:  ([mutex/lock_event])
[0x000002e7eee80610] Threads_lock - owner thread: 0x000002e7fd77e1f0
[0x000002e7eee81420] Heap_lock - owner thread: 0x000002e7fe242f70

Heap address: 0x0000000090c00000, size: 1780 MB, Compressed Oops mode: 32-bit
CDS archive(s) mapped at: [0x0000000800000000-0x0000000800b50000-0x0000000800b50000), size 11862016, SharedBaseAddress: 0x0000000800000000, ArchiveRelocationMode: 0.
Compressed class space mapped at: 0x0000000800b50000-0x0000000840b50000, size: 1073741824
Narrow klass base: 0x0000000800000000, Narrow klass shift: 3, Narrow klass range: 0x100000000

GC Precious Log:
 CPUs: 4 total, 4 available
 Memory: 7113M
 Large Page Support: Disabled
 NUMA Support: Disabled
 Compressed Oops: Enabled (32-bit)
 Heap Region Size: 1M
 Heap Min Capacity: 8M
 Heap Initial Capacity: 112M
 Heap Max Capacity: 1780M
 Pre-touch: Disabled
 Parallel Workers: 4
 Concurrent Workers: 1
 Concurrent Refinement Workers: 4
 Periodic GC: Disabled

Heap:
 garbage-first heap   total 423936K, used 114586K [0x0000000090c00000, 0x0000000100000000)
  region size 1024K, 1 young (1024K), 1 survivors (1024K)
 Metaspace       used 4159K, capacity 6784K, committed 6912K, reserved 1056768K
  class space    used 469K, capacity 752K, committed 768K, reserved 1048576K

Heap Regions: E=young(eden), S=young(survivor), O=old, HS=humongous(starts), HC=humongous(continues), CS=collection set, F=free, OA=open archive, CA=closed archive, TAMS=top-at-mark-start (previous, next)
|   0|0x0000000090c00000, 0x0000000090d00000, 0x0000000090d00000|100%| O|  |TAMS 0x0000000090d00000, 0x0000000090d00000| Untracked 
|   1|0x0000000090d00000, 0x0000000090e00000, 0x0000000090e00000|100%| O|  |TAMS 0x0000000090e00000, 0x0000000090e00000| Untracked 
|   2|0x0000000090e00000, 0x0000000090f00000, 0x0000000090f00000|100%| O|  |TAMS 0x0000000090f00000, 0x0000000090f00000| Untracked 
|   3|0x0000000090f00000, 0x0000000091000000, 0x0000000091000000|100%| O|  |TAMS 0x0000000091000000, 0x0000000091000000| Untracked 
|   4|0x0000000091000000, 0x0000000091100000, 0x0000000091100000|100%| O|  |TAMS 0x0000000091100000, 0x0000000091100000| Untracked 
|   5|0x0000000091100000, 0x0000000091200000, 0x0000000091200000|100%| O|  |TAMS 0x0000000091200000, 0x0000000091200000| Untracked 
|   6|0x0000000091200000, 0x0000000091300000, 0x0000000091300000|100%| O|  |TAMS 0x0000000091300000, 0x0000000091300000| Untracked 
|   7|0x0000000091300000, 0x0000000091400000, 0x0000000091400000|100%| O|  |TAMS 0x0000000091400000, 0x0000000091400000| Untracked 
|   8|0x0000000091400000, 0x0000000091500000, 0x0000000091500000|100%| O|  |TAMS 0x0000000091500000, 0x0000000091500000| Untracked 
|   9|0x0000000091500000, 0x0000000091600000, 0x0000000091600000|100%| O|  |TAMS 0x0000000091600000, 0x0000000091600000| Untracked 
|  10|0x0000000091600000, 0x0000000091700000, 0x0000000091700000|100%| O|  |TAMS 0x0000000091700000, 0x0000000091700000| Untracked 
|  11|0x0000000091700000, 0x0000000091800000, 0x0000000091800000|100%| O|  |TAMS 0x0000000091800000, 0x0000000091800000| Untracked 
|  12|0x0000000091800000, 0x0000000091900000, 0x0000000091900000|100%| O|  |TAMS 0x0000000091900000, 0x0000000091900000| Untracked 
|  13|0x0000000091900000, 0x0000000091a00000, 0x0000000091a00000|100%| O|  |TAMS 0x0000000091a00000, 0x0000000091a00000| Untracked 
|  14|0x0000000091a00000, 0x0000000091b00000, 0x0000000091b00000|100%| O|  |TAMS 0x0000000091b00000, 0x0000000091b00000| Untracked 
|  15|0x0000000091b00000, 0x0000000091c00000, 0x0000000091c00000|100%| O|  |TAMS 0x0000000091c00000, 0x0000000091c00000| Untracked 
|  16|0x0000000091c00000, 0x0000000091d00000, 0x0000000091d00000|100%| O|  |TAMS 0x0000000091d00000, 0x0000000091d00000| Untracked 
|  17|0x0000000091d00000, 0x0000000091e00000, 0x0000000091e00000|100%| O|  |TAMS 0x0000000091e00000, 0x0000000091e00000| Untracked 
|  18|0x0000000091e00000, 0x0000000091f00000, 0x0000000091f00000|100%| O|  |TAMS 0x0000000091f00000, 0x0000000091f00000| Untracked 
|  19|0x0000000091f00000, 0x0000000092000000, 0x0000000092000000|100%| O|  |TAMS 0x0000000092000000, 0x0000000092000000| Untracked 
|  20|0x0000000092000000, 0x0000000092100000, 0x0000000092100000|100%| O|  |TAMS 0x0000000092100000, 0x0000000092100000| Untracked 
|  21|0x0000000092100000, 0x0000000092200000, 0x0000000092200000|100%| O|  |TAMS 0x0000000092200000, 0x0000000092200000| Untracked 
|  22|0x0000000092200000, 0x0000000092300000, 0x0000000092300000|100%| O|  |TAMS 0x0000000092300000, 0x0000000092300000| Untracked 
|  23|0x0000000092300000, 0x0000000092400000, 0x0000000092400000|100%| O|  |TAMS 0x0000000092400000, 0x0000000092400000| Untracked 
|  24|0x0000000092400000, 0x0000000092500000, 0x0000000092500000|100%| O|  |TAMS 0x0000000092500000, 0x0000000092500000| Untracked 
|  25|0x0000000092500000, 0x0000000092600000, 0x0000000092600000|100%| O|  |TAMS 0x0000000092600000, 0x0000000092600000| Untracked 
|  26|0x0000000092600000, 0x0000000092700000, 0x0000000092700000|100%| O|  |TAMS 0x0000000092700000, 0x0000000092700000| Untracked 
|  27|0x0000000092700000, 0x0000000092800000, 0x0000000092800000|100%| O|  |TAMS 0x0000000092800000, 0x0000000092800000| Untracked 
|  28|0x0000000092800000, 0x0000000092900000, 0x0000000092900000|100%| O|  |TAMS 0x0000000092900000, 0x0000000092900000| Untracked 
|  29|0x0000000092900000, 0x0000000092a00000, 0x0000000092a00000|100%| O|  |TAMS 0x0000000092a00000, 0x0000000092a00000| Untracked 
|  30|0x0000000092a00000, 0x0000000092b00000, 0x0000000092b00000|100%| O|  |TAMS 0x0000000092b00000, 0x0000000092b00000| Untracked 
|  31|0x0000000092b00000, 0x0000000092c00000, 0x0000000092c00000|100%| O|  |TAMS 0x0000000092c00000, 0x0000000092c00000| Untracked 
|  32|0x0000000092c00000, 0x0000000092d00000, 0x0000000092d00000|100%| O|  |TAMS 0x0000000092d00000, 0x0000000092d00000| Untracked 
|  33|0x0000000092d00000, 0x0000000092e00000, 0x0000000092e00000|100%| O|  |TAMS 0x0000000092e00000, 0x0000000092e00000| Untracked 
|  34|0x0000000092e00000, 0x0000000092f00000, 0x0000000092f00000|100%| O|  |TAMS 0x0000000092f00000, 0x0000000092f00000| Untracked 
|  35|0x0000000092f00000, 0x0000000093000000, 0x0000000093000000|100%| O|  |TAMS 0x0000000093000000, 0x0000000093000000| Untracked 
|  36|0x0000000093000000, 0x0000000093100000, 0x0000000093100000|100%| O|  |TAMS 0x0000000093100000, 0x0000000093100000| Untracked 
|  37|0x0000000093100000, 0x0000000093200000, 0x0000000093200000|100%| O|  |TAMS 0x0000000093200000, 0x0000000093200000| Untracked 
|  38|0x0000000093200000, 0x0000000093300000, 0x0000000093300000|100%| O|  |TAMS 0x0000000093300000, 0x0000000093300000| Untracked 
|  39|0x0000000093300000, 0x0000000093400000, 0x0000000093400000|100%| O|  |TAMS 0x0000000093400000, 0x0000000093400000| Untracked 
|  40|0x0000000093400000, 0x0000000093500000, 0x0000000093500000|100%| O|  |TAMS 0x0000000093500000, 0x0000000093500000| Untracked 
|  41|0x0000000093500000, 0x0000000093600000, 0x0000000093600000|100%| O|  |TAMS 0x0000000093600000, 0x0000000093600000| Untracked 
|  42|0x0000000093600000, 0x0000000093700000, 0x0000000093700000|100%| O|  |TAMS 0x0000000093700000, 0x0000000093700000| Untracked 
|  43|0x0000000093700000, 0x0000000093800000, 0x0000000093800000|100%| O|  |TAMS 0x0000000093800000, 0x0000000093800000| Untracked 
|  44|0x0000000093800000, 0x0000000093900000, 0x0000000093900000|100%| O|  |TAMS 0x0000000093900000, 0x0000000093900000| Untracked 
|  45|0x0000000093900000, 0x0000000093a00000, 0x0000000093a00000|100%| O|  |TAMS 0x0000000093a00000, 0x0000000093a00000| Untracked 
|  46|0x0000000093a00000, 0x0000000093b00000, 0x0000000093b00000|100%| O|  |TAMS 0x0000000093b00000, 0x0000000093b00000| Untracked 
|  47|0x0000000093b00000, 0x0000000093c00000, 0x0000000093c00000|100%| O|  |TAMS 0x0000000093c00000, 0x0000000093c00000| Untracked 
|  48|0x0000000093c00000, 0x0000000093d00000, 0x0000000093d00000|100%| O|  |TAMS 0x0000000093d00000, 0x0000000093d00000| Untracked 
|  49|0x0000000093d00000, 0x0000000093e00000, 0x0000000093e00000|100%| O|  |TAMS 0x0000000093e00000, 0x0000000093e00000| Untracked 
|  50|0x0000000093e00000, 0x0000000093f00000, 0x0000000093f00000|100%| O|  |TAMS 0x0000000093f00000, 0x0000000093f00000| Untracked 
|  51|0x0000000093f00000, 0x0000000094000000, 0x0000000094000000|100%| O|  |TAMS 0x0000000094000000, 0x0000000094000000| Untracked 
|  52|0x0000000094000000, 0x0000000094100000, 0x0000000094100000|100%| O|  |TAMS 0x0000000094100000, 0x0000000094100000| Untracked 
|  53|0x0000000094100000, 0x0000000094200000, 0x0000000094200000|100%| O|  |TAMS 0x0000000094200000, 0x0000000094200000| Untracked 
|  54|0x0000000094200000, 0x0000000094300000, 0x0000000094300000|100%| O|  |TAMS 0x0000000094300000, 0x0000000094300000| Untracked 
|  55|0x0000000094300000, 0x0000000094400000, 0x0000000094400000|100%| O|  |TAMS 0x0000000094400000, 0x0000000094400000| Untracked 
|  56|0x0000000094400000, 0x0000000094500000, 0x0000000094500000|100%| O|  |TAMS 0x0000000094500000, 0x0000000094500000| Untracked 
|  57|0x0000000094500000, 0x0000000094600000, 0x0000000094600000|100%| O|  |TAMS 0x0000000094600000, 0x0000000094600000| Untracked 
|  58|0x0000000094600000, 0x0000000094700000, 0x0000000094700000|100%| O|  |TAMS 0x0000000094700000, 0x0000000094700000| Untracked 
|  59|0x0000000094700000, 0x0000000094800000, 0x0000000094800000|100%| O|  |TAMS 0x0000000094800000, 0x0000000094800000| Untracked 
|  60|0x0000000094800000, 0x0000000094900000, 0x0000000094900000|100%| O|  |TAMS 0x0000000094900000, 0x0000000094900000| Untracked 
|  61|0x0000000094900000, 0x0000000094a00000, 0x0000000094a00000|100%| O|  |TAMS 0x0000000094a00000, 0x0000000094a00000| Untracked 
|  62|0x0000000094a00000, 0x0000000094b00000, 0x0000000094b00000|100%| O|  |TAMS 0x0000000094b00000, 0x0000000094b00000| Untracked 
|  63|0x0000000094b00000, 0x0000000094c00000, 0x0000000094c00000|100%| O|  |TAMS 0x0000000094c00000, 0x0000000094c00000| Untracked 
|  64|0x0000000094c00000, 0x0000000094d00000, 0x0000000094d00000|100%| O|  |TAMS 0x0000000094d00000, 0x0000000094d00000| Untracked 
|  65|0x0000000094d00000, 0x0000000094e00000, 0x0000000094e00000|100%| O|  |TAMS 0x0000000094e00000, 0x0000000094e00000| Untracked 
|  66|0x0000000094e00000, 0x0000000094f00000, 0x0000000094f00000|100%| O|  |TAMS 0x0000000094f00000, 0x0000000094f00000| Untracked 
|  67|0x0000000094f00000, 0x0000000095000000, 0x0000000095000000|100%| O|  |TAMS 0x0000000095000000, 0x0000000095000000| Untracked 
|  68|0x0000000095000000, 0x0000000095100000, 0x0000000095100000|100%| O|  |TAMS 0x0000000095100000, 0x0000000095100000| Untracked 
|  69|0x0000000095100000, 0x0000000095200000, 0x0000000095200000|100%| O|  |TAMS 0x0000000095200000, 0x0000000095200000| Untracked 
|  70|0x0000000095200000, 0x0000000095300000, 0x0000000095300000|100%| O|  |TAMS 0x0000000095300000, 0x0000000095300000| Untracked 
|  71|0x0000000095300000, 0x0000000095400000, 0x0000000095400000|100%| O|  |TAMS 0x0000000095400000, 0x0000000095400000| Untracked 
|  72|0x0000000095400000, 0x0000000095500000, 0x0000000095500000|100%| O|  |TAMS 0x0000000095500000, 0x0000000095500000| Untracked 
|  73|0x0000000095500000, 0x0000000095600000, 0x0000000095600000|100%| O|  |TAMS 0x0000000095600000, 0x0000000095600000| Untracked 
|  74|0x0000000095600000, 0x0000000095700000, 0x0000000095700000|100%| O|  |TAMS 0x0000000095700000, 0x0000000095700000| Untracked 
|  75|0x0000000095700000, 0x0000000095800000, 0x0000000095800000|100%| O|  |TAMS 0x0000000095800000, 0x0000000095800000| Untracked 
|  76|0x0000000095800000, 0x0000000095900000, 0x0000000095900000|100%| O|  |TAMS 0x0000000095900000, 0x0000000095900000| Untracked 
|  77|0x0000000095900000, 0x0000000095a00000, 0x0000000095a00000|100%| O|  |TAMS 0x0000000095a00000, 0x0000000095a00000| Untracked 
|  78|0x0000000095a00000, 0x0000000095b00000, 0x0000000095b00000|100%| O|  |TAMS 0x0000000095b00000, 0x0000000095b00000| Untracked 
|  79|0x0000000095b00000, 0x0000000095c00000, 0x0000000095c00000|100%| O|  |TAMS 0x0000000095c00000, 0x0000000095c00000| Untracked 
|  80|0x0000000095c00000, 0x0000000095d00000, 0x0000000095d00000|100%| O|  |TAMS 0x0000000095d00000, 0x0000000095d00000| Untracked 
|  81|0x0000000095d00000, 0x0000000095e00000, 0x0000000095e00000|100%| O|  |TAMS 0x0000000095e00000, 0x0000000095e00000| Untracked 
|  82|0x0000000095e00000, 0x0000000095f00000, 0x0000000095f00000|100%| O|  |TAMS 0x0000000095f00000, 0x0000000095f00000| Untracked 
|  83|0x0000000095f00000, 0x0000000096000000, 0x0000000096000000|100%| O|  |TAMS 0x0000000096000000, 0x0000000096000000| Untracked 
|  84|0x0000000096000000, 0x0000000096100000, 0x0000000096100000|100%| O|  |TAMS 0x0000000096100000, 0x0000000096100000| Untracked 
|  85|0x0000000096100000, 0x0000000096200000, 0x0000000096200000|100%| O|  |TAMS 0x0000000096200000, 0x0000000096200000| Untracked 
|  86|0x0000000096200000, 0x0000000096300000, 0x0000000096300000|100%| O|  |TAMS 0x0000000096300000, 0x0000000096300000| Untracked 
|  87|0x0000000096300000, 0x0000000096400000, 0x0000000096400000|100%| O|  |TAMS 0x0000000096400000, 0x0000000096400000| Untracked 
|  88|0x0000000096400000, 0x0000000096500000, 0x0000000096500000|100%| O|  |TAMS 0x0000000096500000, 0x0000000096500000| Untracked 
|  89|0x0000000096500000, 0x0000000096600000, 0x0000000096600000|100%| O|  |TAMS 0x0000000096600000, 0x0000000096600000| Untracked 
|  90|0x0000000096600000, 0x0000000096700000, 0x0000000096700000|100%| O|  |TAMS 0x0000000096700000, 0x0000000096700000| Untracked 
|  91|0x0000000096700000, 0x0000000096800000, 0x0000000096800000|100%| O|  |TAMS 0x0000000096800000, 0x0000000096800000| Untracked 
|  92|0x0000000096800000, 0x0000000096800000, 0x0000000096900000|  0%| F|  |TAMS 0x0000000096800000, 0x0000000096800000| Untracked 
|  93|0x0000000096900000, 0x0000000096a00000, 0x0000000096a00000|100%| O|  |TAMS 0x0000000096a00000, 0x0000000096a00000| Untracked 
|  94|0x0000000096a00000, 0x0000000096b00000, 0x0000000096b00000|100%| O|  |TAMS 0x0000000096b00000, 0x0000000096b00000| Untracked 
|  95|0x0000000096b00000, 0x0000000096c00000, 0x0000000096c00000|100%| O|  |TAMS 0x0000000096c00000, 0x0000000096c00000| Untracked 
|  96|0x0000000096c00000, 0x0000000096d00000, 0x0000000096d00000|100%| O|  |TAMS 0x0000000096d00000, 0x0000000096d00000| Untracked 
|  97|0x0000000096d00000, 0x0000000096e00000, 0x0000000096e00000|100%| O|  |TAMS 0x0000000096e00000, 0x0000000096e00000| Untracked 
|  98|0x0000000096e00000, 0x0000000096f00000, 0x0000000096f00000|100%| O|  |TAMS 0x0000000096f00000, 0x0000000096f00000| Untracked 
|  99|0x0000000096f00000, 0x0000000097000000, 0x0000000097000000|100%| O|  |TAMS 0x0000000096fe2e00, 0x0000000097000000| Untracked 
| 100|0x0000000097000000, 0x0000000097000000, 0x0000000097100000|  0%| F|  |TAMS 0x0000000097000000, 0x0000000097000000| Untracked 
| 101|0x0000000097100000, 0x0000000097100000, 0x0000000097200000|  0%| F|  |TAMS 0x0000000097100000, 0x0000000097100000| Untracked 
| 102|0x0000000097200000, 0x0000000097200000, 0x0000000097300000|  0%| F|  |TAMS 0x0000000097200000, 0x0000000097200000| Untracked 
| 103|0x0000000097300000, 0x0000000097300000, 0x0000000097400000|  0%| F|  |TAMS 0x0000000097300000, 0x0000000097300000| Untracked 
| 104|0x0000000097400000, 0x0000000097400000, 0x0000000097500000|  0%| F|  |TAMS 0x0000000097400000, 0x0000000097400000| Untracked 
| 105|0x0000000097500000, 0x0000000097500000, 0x0000000097600000|  0%| F|  |TAMS 0x0000000097500000, 0x0000000097500000| Untracked 
| 106|0x0000000097600000, 0x0000000097600000, 0x0000000097700000|  0%| F|  |TAMS 0x0000000097600000, 0x0000000097600000| Untracked 
| 107|0x0000000097700000, 0x0000000097700000, 0x0000000097800000|  0%| F|  |TAMS 0x0000000097700000, 0x0000000097700000| Untracked 
| 108|0x0000000097800000, 0x0000000097800000, 0x0000000097900000|  0%| F|  |TAMS 0x0000000097800000, 0x0000000097800000| Untracked 
| 109|0x0000000097900000, 0x0000000097900000, 0x0000000097a00000|  0%| F|  |TAMS 0x0000000097900000, 0x0000000097900000| Untracked 
| 110|0x0000000097a00000, 0x0000000097b00000, 0x0000000097b00000|100%| O|  |TAMS 0x0000000097a00000, 0x0000000097b00000| Untracked 
| 111|0x0000000097b00000, 0x0000000097c00000, 0x0000000097c00000|100%| O|  |TAMS 0x0000000097b00000, 0x0000000097c00000| Untracked 
| 112|0x0000000097c00000, 0x0000000097d00000, 0x0000000097d00000|100%| O|  |TAMS 0x0000000097c00000, 0x0000000097d00000| Untracked 
| 113|0x0000000097d00000, 0x0000000097de2e00, 0x0000000097e00000| 88%| O|  |TAMS 0x0000000097d00000, 0x0000000097de2e00| Untracked 
| 114|0x0000000097e00000, 0x0000000097f00000, 0x0000000097f00000|100%|HS|  |TAMS 0x0000000097e00000, 0x0000000097f00000| Complete 
| 115|0x0000000097f00000, 0x0000000098000000, 0x0000000098000000|100%|HC|  |TAMS 0x0000000097f00000, 0x0000000098000000| Complete 
| 116|0x0000000098000000, 0x0000000098100000, 0x0000000098100000|100%|HC|  |TAMS 0x0000000098000000, 0x0000000098100000| Complete 
| 117|0x0000000098100000, 0x0000000098200000, 0x0000000098200000|100%|HC|  |TAMS 0x0000000098100000, 0x0000000098200000| Complete 
| 118|0x0000000098200000, 0x0000000098300000, 0x0000000098300000|100%|HC|  |TAMS 0x0000000098200000, 0x0000000098300000| Complete 
| 119|0x0000000098300000, 0x0000000098400000, 0x0000000098400000|100%|HC|  |TAMS 0x0000000098300000, 0x0000000098400000| Complete 
| 120|0x0000000098400000, 0x0000000098500000, 0x0000000098500000|100%|HC|  |TAMS 0x0000000098400000, 0x0000000098500000| Complete 
| 121|0x0000000098500000, 0x0000000098600000, 0x0000000098600000|100%|HC|  |TAMS 0x0000000098500000, 0x0000000098600000| Complete 
| 122|0x0000000098600000, 0x0000000098700000, 0x0000000098700000|100%|HC|  |TAMS 0x0000000098600000, 0x0000000098700000| Complete 
| 123|0x0000000098700000, 0x0000000098700000, 0x0000000098800000|  0%| F|  |TAMS 0x0000000098700000, 0x0000000098700000| Untracked 
| 124|0x0000000098800000, 0x0000000098800000, 0x0000000098900000|  0%| F|  |TAMS 0x0000000098800000, 0x0000000098800000| Untracked 
| 125|0x0000000098900000, 0x0000000098900000, 0x0000000098a00000|  0%| F|  |TAMS 0x0000000098900000, 0x0000000098900000| Untracked 
| 126|0x0000000098a00000, 0x0000000098a00000, 0x0000000098b00000|  0%| F|  |TAMS 0x0000000098a00000, 0x0000000098a00000| Untracked 
| 127|0x0000000098b00000, 0x0000000098b00000, 0x0000000098c00000|  0%| F|  |TAMS 0x0000000098b00000, 0x0000000098b00000| Untracked 
| 128|0x0000000098c00000, 0x0000000098c00000, 0x0000000098d00000|  0%| F|  |TAMS 0x0000000098c00000, 0x0000000098c00000| Untracked 
| 129|0x0000000098d00000, 0x0000000098d00000, 0x0000000098e00000|  0%| F|  |TAMS 0x0000000098d00000, 0x0000000098d00000| Untracked 
| 130|0x0000000098e00000, 0x0000000098e00000, 0x0000000098f00000|  0%| F|  |TAMS 0x0000000098e00000, 0x0000000098e00000| Untracked 
| 131|0x0000000098f00000, 0x0000000098f00000, 0x0000000099000000|  0%| F|  |TAMS 0x0000000098f00000, 0x0000000098f00000| Untracked 
| 132|0x0000000099000000, 0x0000000099000000, 0x0000000099100000|  0%| F|  |TAMS 0x0000000099000000, 0x0000000099000000| Untracked 
| 133|0x0000000099100000, 0x0000000099100000, 0x0000000099200000|  0%| F|  |TAMS 0x0000000099100000, 0x0000000099100000| Untracked 
| 134|0x0000000099200000, 0x0000000099200000, 0x0000000099300000|  0%| F|  |TAMS 0x0000000099200000, 0x0000000099200000| Untracked 
| 135|0x0000000099300000, 0x0000000099300000, 0x0000000099400000|  0%| F|  |TAMS 0x0000000099300000, 0x0000000099300000| Untracked 
| 136|0x0000000099400000, 0x0000000099400000, 0x0000000099500000|  0%| F|  |TAMS 0x0000000099400000, 0x0000000099400000| Untracked 
| 137|0x0000000099500000, 0x0000000099500000, 0x0000000099600000|  0%| F|  |TAMS 0x0000000099500000, 0x0000000099500000| Untracked 
| 138|0x0000000099600000, 0x0000000099600000, 0x0000000099700000|  0%| F|  |TAMS 0x0000000099600000, 0x0000000099600000| Untracked 
| 139|0x0000000099700000, 0x0000000099700000, 0x0000000099800000|  0%| F|  |TAMS 0x0000000099700000, 0x0000000099700000| Untracked 
| 140|0x0000000099800000, 0x0000000099800000, 0x0000000099900000|  0%| F|  |TAMS 0x0000000099800000, 0x0000000099800000| Untracked 
| 141|0x0000000099900000, 0x0000000099900000, 0x0000000099a00000|  0%| F|  |TAMS 0x0000000099900000, 0x0000000099900000| Untracked 
| 142|0x0000000099a00000, 0x0000000099a00000, 0x0000000099b00000|  0%| F|  |TAMS 0x0000000099a00000, 0x0000000099a00000| Untracked 
| 143|0x0000000099b00000, 0x0000000099b00000, 0x0000000099c00000|  0%| F|  |TAMS 0x0000000099b00000, 0x0000000099b00000| Untracked 
| 144|0x0000000099c00000, 0x0000000099c00000, 0x0000000099d00000|  0%| F|  |TAMS 0x0000000099c00000, 0x0000000099c00000| Untracked 
| 145|0x0000000099d00000, 0x0000000099d00000, 0x0000000099e00000|  0%| F|  |TAMS 0x0000000099d00000, 0x0000000099d00000| Untracked 
| 146|0x0000000099e00000, 0x0000000099e00000, 0x0000000099f00000|  0%| F|  |TAMS 0x0000000099e00000, 0x0000000099e00000| Untracked 
| 147|0x0000000099f00000, 0x0000000099f00000, 0x000000009a000000|  0%| F|  |TAMS 0x0000000099f00000, 0x0000000099f00000| Untracked 
| 148|0x000000009a000000, 0x000000009a000000, 0x000000009a100000|  0%| F|  |TAMS 0x000000009a000000, 0x000000009a000000| Untracked 
| 149|0x000000009a100000, 0x000000009a100000, 0x000000009a200000|  0%| F|  |TAMS 0x000000009a100000, 0x000000009a100000| Untracked 
| 150|0x000000009a200000, 0x000000009a200000, 0x000000009a300000|  0%| F|  |TAMS 0x000000009a200000, 0x000000009a200000| Untracked 
| 151|0x000000009a300000, 0x000000009a300000, 0x000000009a400000|  0%| F|  |TAMS 0x000000009a300000, 0x000000009a300000| Untracked 
| 152|0x000000009a400000, 0x000000009a400000, 0x000000009a500000|  0%| F|  |TAMS 0x000000009a400000, 0x000000009a400000| Untracked 
| 153|0x000000009a500000, 0x000000009a500000, 0x000000009a600000|  0%| F|  |TAMS 0x000000009a500000, 0x000000009a500000| Untracked 
| 154|0x000000009a600000, 0x000000009a600000, 0x000000009a700000|  0%| F|  |TAMS 0x000000009a600000, 0x000000009a600000| Untracked 
| 155|0x000000009a700000, 0x000000009a700000, 0x000000009a800000|  0%| F|  |TAMS 0x000000009a700000, 0x000000009a700000| Untracked 
| 156|0x000000009a800000, 0x000000009a800000, 0x000000009a900000|  0%| F|  |TAMS 0x000000009a800000, 0x000000009a800000| Untracked 
| 157|0x000000009a900000, 0x000000009a900000, 0x000000009aa00000|  0%| F|  |TAMS 0x000000009a900000, 0x000000009a900000| Untracked 
| 158|0x000000009aa00000, 0x000000009aa00000, 0x000000009ab00000|  0%| F|  |TAMS 0x000000009aa00000, 0x000000009aa00000| Untracked 
| 159|0x000000009ab00000, 0x000000009ab00000, 0x000000009ac00000|  0%| F|  |TAMS 0x000000009ab00000, 0x000000009ab00000| Untracked 
| 160|0x000000009ac00000, 0x000000009ac00000, 0x000000009ad00000|  0%| F|  |TAMS 0x000000009ac00000, 0x000000009ac00000| Untracked 
| 161|0x000000009ad00000, 0x000000009ad00000, 0x000000009ae00000|  0%| F|  |TAMS 0x000000009ad00000, 0x000000009ad00000| Untracked 
| 162|0x000000009ae00000, 0x000000009ae00000, 0x000000009af00000|  0%| F|  |TAMS 0x000000009ae00000, 0x000000009ae00000| Untracked 
| 163|0x000000009af00000, 0x000000009af00000, 0x000000009b000000|  0%| F|  |TAMS 0x000000009af00000, 0x000000009af00000| Untracked 
| 164|0x000000009b000000, 0x000000009b000000, 0x000000009b100000|  0%| F|  |TAMS 0x000000009b000000, 0x000000009b000000| Untracked 
| 165|0x000000009b100000, 0x000000009b100000, 0x000000009b200000|  0%| F|  |TAMS 0x000000009b100000, 0x000000009b100000| Untracked 
| 166|0x000000009b200000, 0x000000009b200000, 0x000000009b300000|  0%| F|  |TAMS 0x000000009b200000, 0x000000009b200000| Untracked 
| 167|0x000000009b300000, 0x000000009b300000, 0x000000009b400000|  0%| F|  |TAMS 0x000000009b300000, 0x000000009b300000| Untracked 
| 168|0x000000009b400000, 0x000000009b400000, 0x000000009b500000|  0%| F|  |TAMS 0x000000009b400000, 0x000000009b400000| Untracked 
| 169|0x000000009b500000, 0x000000009b500000, 0x000000009b600000|  0%| F|  |TAMS 0x000000009b500000, 0x000000009b500000| Untracked 
| 170|0x000000009b600000, 0x000000009b600000, 0x000000009b700000|  0%| F|  |TAMS 0x000000009b600000, 0x000000009b600000| Untracked 
| 171|0x000000009b700000, 0x000000009b700000, 0x000000009b800000|  0%| F|  |TAMS 0x000000009b700000, 0x000000009b700000| Untracked 
| 172|0x000000009b800000, 0x000000009b800000, 0x000000009b900000|  0%| F|  |TAMS 0x000000009b800000, 0x000000009b800000| Untracked 
| 173|0x000000009b900000, 0x000000009b900000, 0x000000009ba00000|  0%| F|  |TAMS 0x000000009b900000, 0x000000009b900000| Untracked 
| 174|0x000000009ba00000, 0x000000009ba00000, 0x000000009bb00000|  0%| F|  |TAMS 0x000000009ba00000, 0x000000009ba00000| Untracked 
| 175|0x000000009bb00000, 0x000000009bb00000, 0x000000009bc00000|  0%| F|  |TAMS 0x000000009bb00000, 0x000000009bb00000| Untracked 
| 176|0x000000009bc00000, 0x000000009bc00000, 0x000000009bd00000|  0%| F|  |TAMS 0x000000009bc00000, 0x000000009bc00000| Untracked 
| 177|0x000000009bd00000, 0x000000009bd00000, 0x000000009be00000|  0%| F|  |TAMS 0x000000009bd00000, 0x000000009bd00000| Untracked 
| 178|0x000000009be00000, 0x000000009be00000, 0x000000009bf00000|  0%| F|  |TAMS 0x000000009be00000, 0x000000009be00000| Untracked 
| 179|0x000000009bf00000, 0x000000009bf00000, 0x000000009c000000|  0%| F|  |TAMS 0x000000009bf00000, 0x000000009bf00000| Untracked 
| 180|0x000000009c000000, 0x000000009c000000, 0x000000009c100000|  0%| F|  |TAMS 0x000000009c000000, 0x000000009c000000| Untracked 
| 181|0x000000009c100000, 0x000000009c100000, 0x000000009c200000|  0%| F|  |TAMS 0x000000009c100000, 0x000000009c100000| Untracked 
| 182|0x000000009c200000, 0x000000009c200000, 0x000000009c300000|  0%| F|  |TAMS 0x000000009c200000, 0x000000009c200000| Untracked 
| 183|0x000000009c300000, 0x000000009c300000, 0x000000009c400000|  0%| F|  |TAMS 0x000000009c300000, 0x000000009c300000| Untracked 
| 184|0x000000009c400000, 0x000000009c400000, 0x000000009c500000|  0%| F|  |TAMS 0x000000009c400000, 0x000000009c400000| Untracked 
| 185|0x000000009c500000, 0x000000009c500000, 0x000000009c600000|  0%| F|  |TAMS 0x000000009c500000, 0x000000009c500000| Untracked 
| 186|0x000000009c600000, 0x000000009c600000, 0x000000009c700000|  0%| F|  |TAMS 0x000000009c600000, 0x000000009c600000| Untracked 
| 187|0x000000009c700000, 0x000000009c700000, 0x000000009c800000|  0%| F|  |TAMS 0x000000009c700000, 0x000000009c700000| Untracked 
| 188|0x000000009c800000, 0x000000009c800000, 0x000000009c900000|  0%| F|  |TAMS 0x000000009c800000, 0x000000009c800000| Untracked 
| 189|0x000000009c900000, 0x000000009c900000, 0x000000009ca00000|  0%| F|  |TAMS 0x000000009c900000, 0x000000009c900000| Untracked 
| 190|0x000000009ca00000, 0x000000009ca00000, 0x000000009cb00000|  0%| F|  |TAMS 0x000000009ca00000, 0x000000009ca00000| Untracked 
| 191|0x000000009cb00000, 0x000000009cb00000, 0x000000009cc00000|  0%| F|  |TAMS 0x000000009cb00000, 0x000000009cb00000| Untracked 
| 192|0x000000009cc00000, 0x000000009cc00000, 0x000000009cd00000|  0%| F|  |TAMS 0x000000009cc00000, 0x000000009cc00000| Untracked 
| 193|0x000000009cd00000, 0x000000009cd00000, 0x000000009ce00000|  0%| F|  |TAMS 0x000000009cd00000, 0x000000009cd00000| Untracked 
| 194|0x000000009ce00000, 0x000000009ce00000, 0x000000009cf00000|  0%| F|  |TAMS 0x000000009ce00000, 0x000000009ce00000| Untracked 
| 195|0x000000009cf00000, 0x000000009cf00000, 0x000000009d000000|  0%| F|  |TAMS 0x000000009cf00000, 0x000000009cf00000| Untracked 
| 196|0x000000009d000000, 0x000000009d000000, 0x000000009d100000|  0%| F|  |TAMS 0x000000009d000000, 0x000000009d000000| Untracked 
| 197|0x000000009d100000, 0x000000009d100000, 0x000000009d200000|  0%| F|  |TAMS 0x000000009d100000, 0x000000009d100000| Untracked 
| 198|0x000000009d200000, 0x000000009d200000, 0x000000009d300000|  0%| F|  |TAMS 0x000000009d200000, 0x000000009d200000| Untracked 
| 199|0x000000009d300000, 0x000000009d300000, 0x000000009d400000|  0%| F|  |TAMS 0x000000009d300000, 0x000000009d300000| Untracked 
| 200|0x000000009d400000, 0x000000009d400000, 0x000000009d500000|  0%| F|  |TAMS 0x000000009d400000, 0x000000009d400000| Untracked 
| 201|0x000000009d500000, 0x000000009d500000, 0x000000009d600000|  0%| F|  |TAMS 0x000000009d500000, 0x000000009d500000| Untracked 
| 202|0x000000009d600000, 0x000000009d600000, 0x000000009d700000|  0%| F|  |TAMS 0x000000009d600000, 0x000000009d600000| Untracked 
| 203|0x000000009d700000, 0x000000009d700000, 0x000000009d800000|  0%| F|  |TAMS 0x000000009d700000, 0x000000009d700000| Untracked 
| 204|0x000000009d800000, 0x000000009d803c40, 0x000000009d900000|  1%| S|CS|TAMS 0x000000009d800000, 0x000000009d800000| Complete 
| 205|0x000000009d900000, 0x000000009d900000, 0x000000009da00000|  0%| F|  |TAMS 0x000000009d900000, 0x000000009d900000| Untracked 
| 206|0x000000009da00000, 0x000000009da00000, 0x000000009db00000|  0%| F|  |TAMS 0x000000009da00000, 0x000000009da00000| Untracked 

Card table byte_map: [0x000002e7f7430000,0x000002e7f77b0000] _byte_map_base: 0x000002e7f6faa000

Marking Bits (Prev, Next): (CMBitMap*) 0x000002e7eeebe6a0, (CMBitMap*) 0x000002e7eeebe660
 Prev Bits: [0x000002e7f9700000, 0x000002e7fb2d0000)
 Next Bits: [0x000002e7f7b30000, 0x000002e7f9700000)

Polling page: 0x000002e7ece90000

Metaspace:

Usage:
  Non-class:      5.89 MB capacity,     3.60 MB ( 61%) used,     2.28 MB ( 39%) free+waste,     3.88 KB ( <1%) overhead. 
      Class:    752.00 KB capacity,   469.33 KB ( 62%) used,   280.23 KB ( 37%) free+waste,     2.44 KB ( <1%) overhead. 
       Both:      6.63 MB capacity,     4.06 MB ( 61%) used,     2.56 MB ( 39%) free+waste,     6.31 KB ( <1%) overhead. 

Virtual space:
  Non-class space:        8.00 MB reserved,       6.00 MB ( 75%) committed 
      Class space:        1.00 GB reserved,     768.00 KB ( <1%) committed 
             Both:        1.01 GB reserved,       6.75 MB ( <1%) committed 

Chunk freelists:
   Non-Class:  48.00 KB
       Class:  16.00 KB
        Both:  64.00 KB

MaxMetaspaceSize: 17179869184.00 GB
CompressedClassSpaceSize: 1.00 GB

CodeHeap 'non-profiled nmethods': size=120000Kb used=201Kb max_used=201Kb free=119798Kb
 bounds [0x000002e787ad0000, 0x000002e787d40000, 0x000002e78f000000]
CodeHeap 'profiled nmethods': size=120000Kb used=1233Kb max_used=1233Kb free=118766Kb
 bounds [0x000002e7805a0000, 0x000002e780810000, 0x000002e787ad0000]
CodeHeap 'non-nmethods': size=5760Kb used=1153Kb max_used=1172Kb free=4606Kb
 bounds [0x000002e780000000, 0x000002e780270000, 0x000002e7805a0000]
 total_blobs=1088 nmethods=685 adapters=317
 compilation: enabled
              stopped_count=0, restarted_count=0
 full_count=0

Compilation events (20 events):
Event: 0.881 Thread 0x000002e7fd7af4e0  676       3       java.io.ObjectOutputStream::writeClassDesc (60 bytes)
Event: 0.882 Thread 0x000002e7fd7af4e0 nmethod 676 0x000002e7806c8390 code [0x000002e7806c85e0, 0x000002e7806c8c68]
Event: 0.887 Thread 0x000002e7fd7af4e0  679       3       java.io.ObjectOutputStream$HandleTable::assign (52 bytes)
Event: 0.888 Thread 0x000002e7fd7af4e0 nmethod 679 0x000002e7806c8f90 code [0x000002e7806c9160, 0x000002e7806c93a8]
Event: 0.888 Thread 0x000002e7fd7af4e0  680       3       java.io.ObjectStreamClass::forClass (52 bytes)
Event: 0.890 Thread 0x000002e7fd7af4e0 nmethod 680 0x000002e7806c9490 code [0x000002e7806c9820, 0x000002e7806cb2f8]
Event: 0.891 Thread 0x000002e7fd7af4e0  681   !   3       java.io.ObjectOutputStream::writeObject (38 bytes)
Event: 0.891 Thread 0x000002e7fd7af4e0 nmethod 681 0x000002e7806cba90 code [0x000002e7806cbc60, 0x000002e7806cbf18]
Event: 0.891 Thread 0x000002e7fd7af4e0  682   !   3       java.io.ObjectOutputStream::writeObject0 (620 bytes)
Event: 0.901 Thread 0x000002e7fd7af4e0 nmethod 682 0x000002e7806cc010 code [0x000002e7806cc620, 0x000002e7806cfbb8]
Event: 0.901 Thread 0x000002e7fd7af4e0  683       3       java.io.ObjectOutputStream$ReplaceTable::lookup (24 bytes)
Event: 0.902 Thread 0x000002e7fd7af4e0 nmethod 683 0x000002e7806d1110 code [0x000002e7806d12c0, 0x000002e7806d14a8]
Event: 0.902 Thread 0x000002e7fd7af4e0  685       3       java.io.ObjectStreamClass$WeakClassKey::equals (42 bytes)
Event: 0.902 Thread 0x000002e7fd7af4e0 nmethod 685 0x000002e7806d1610 code [0x000002e7806d17c0, 0x000002e7806d1d98]
Event: 0.932 Thread 0x000002e7fd7af4e0  686   !   3       java.io.ObjectOutputStream::writeArray (589 bytes)
Event: 0.935 Thread 0x000002e7fd7af4e0 nmethod 686 0x000002e7806d1e90 code [0x000002e7806d22a0, 0x000002e7806d3c18]
Event: 0.939 Thread 0x000002e7fd7a7d70 nmethod 677 0x000002e787affe10 code [0x000002e787b00000, 0x000002e787b014f8]
Event: 0.940 Thread 0x000002e7fd7a7d70  678       4       java.io.ByteArrayOutputStream::ensureCapacity (32 bytes)
Event: 0.946 Thread 0x000002e7fd7a7d70 nmethod 678 0x000002e787b01f90 code [0x000002e787b02120, 0x000002e787b02528]
Event: 0.946 Thread 0x000002e7fd7a7d70  684  s    4       java.io.ByteArrayOutputStream::write (43 bytes)

GC Heap History (17 events):
Event: 0.647 GC heap before
{Heap before GC invocations=0 (full 0):
 garbage-first heap   total 114688K, used 12288K [0x0000000090c00000, 0x0000000100000000)
  region size 1024K, 13 young (13312K), 0 survivors (0K)
 Metaspace       used 3863K, capacity 6790K, committed 6912K, reserved 1056768K
  class space    used 443K, capacity 754K, committed 768K, reserved 1048576K
}
Event: 0.654 GC heap after
{Heap after GC invocations=1 (full 0):
 garbage-first heap   total 114688K, used 5084K [0x0000000090c00000, 0x0000000100000000)
  region size 1024K, 2 young (2048K), 2 survivors (2048K)
 Metaspace       used 3863K, capacity 6790K, committed 6912K, reserved 1056768K
  class space    used 443K, capacity 754K, committed 768K, reserved 1048576K
}
Event: 0.663 GC heap before
{Heap before GC invocations=1 (full 0):
 garbage-first heap   total 114688K, used 18396K [0x0000000090c00000, 0x0000000100000000)
  region size 1024K, 16 young (16384K), 2 survivors (2048K)
 Metaspace       used 3881K, capacity 6790K, committed 6912K, reserved 1056768K
  class space    used 444K, capacity 754K, committed 768K, reserved 1048576K
}
Event: 0.677 GC heap after
{Heap after GC invocations=2 (full 0):
 garbage-first heap   total 114688K, used 19222K [0x0000000090c00000, 0x0000000100000000)
  region size 1024K, 2 young (2048K), 2 survivors (2048K)
 Metaspace       used 3881K, capacity 6790K, committed 6912K, reserved 1056768K
  class space    used 444K, capacity 754K, committed 768K, reserved 1048576K
}
Event: 0.682 GC heap before
{Heap before GC invocations=2 (full 0):
 garbage-first heap   total 114688K, used 33558K [0x0000000090c00000, 0x0000000100000000)
  region size 1024K, 17 young (17408K), 2 survivors (2048K)
 Metaspace       used 3888K, capacity 6790K, committed 6912K, reserved 1056768K
  class space    used 445K, capacity 754K, committed 768K, reserved 1048576K
}
Event: 0.695 GC heap after
{Heap after GC invocations=3 (full 0):
 garbage-first heap   total 114688K, used 34519K [0x0000000090c00000, 0x0000000100000000)
  region size 1024K, 3 young (3072K), 3 survivors (3072K)
 Metaspace       used 3888K, capacity 6790K, committed 6912K, reserved 1056768K
  class space    used 445K, capacity 754K, committed 768K, reserved 1048576K
}
Event: 0.701 GC heap before
{Heap before GC invocations=3 (full 0):
 garbage-first heap   total 114688K, used 53975K [0x0000000090c00000, 0x0000000100000000)
  region size 1024K, 23 young (23552K), 3 survivors (3072K)
 Metaspace       used 3888K, capacity 6790K, committed 6912K, reserved 1056768K
  class space    used 445K, capacity 754K, committed 768K, reserved 1048576K
}
Event: 0.721 GC heap after
{Heap after GC invocations=4 (full 0):
 garbage-first heap   total 114688K, used 54945K [0x0000000090c00000, 0x0000000100000000)
  region size 1024K, 3 young (3072K), 3 survivors (3072K)
 Metaspace       used 3888K, capacity 6790K, committed 6912K, reserved 1056768K
  class space    used 445K, capacity 754K, committed 768K, reserved 1048576K
}
Event: 0.724 GC heap before
{Heap before GC invocations=4 (full 0):
 garbage-first heap   total 114688K, used 68257K [0x0000000090c00000, 0x0000000100000000)
  region size 1024K, 17 young (17408K), 3 survivors (3072K)
 Metaspace       used 3888K, capacity 6790K, committed 6912K, reserved 1056768K
  class space    used 445K, capacity 754K, committed 768K, reserved 1048576K
}
Event: 0.740 GC heap after
{Heap after GC invocations=5 (full 0):
 garbage-first heap   total 211968K, used 69241K [0x0000000090c00000, 0x0000000100000000)
  region size 1024K, 3 young (3072K), 3 survivors (3072K)
 Metaspace       used 3888K, capacity 6790K, committed 6912K, reserved 1056768K
  class space    used 445K, capacity 754K, committed 768K, reserved 1048576K
}
Event: 0.797 GC heap before
{Heap before GC invocations=6 (full 0):
 garbage-first heap   total 211968K, used 96889K [0x0000000090c00000, 0x0000000100000000)
  region size 1024K, 31 young (31744K), 3 survivors (3072K)
 Metaspace       used 3921K, capacity 6784K, committed 6912K, reserved 1056768K
  class space    used 451K, capacity 752K, committed 768K, reserved 1048576K
}
Event: 0.826 GC heap after
{Heap after GC invocations=7 (full 0):
 garbage-first heap   total 211968K, used 97476K [0x0000000090c00000, 0x0000000100000000)
  region size 1024K, 4 young (4096K), 4 survivors (4096K)
 Metaspace       used 3921K, capacity 6784K, committed 6912K, reserved 1056768K
  class space    used 451K, capacity 752K, committed 768K, reserved 1048576K
}
Event: 0.852 GC heap before
{Heap before GC invocations=7 (full 0):
 garbage-first heap   total 211968K, used 111812K [0x0000000090c00000, 0x0000000100000000)
  region size 1024K, 19 young (19456K), 4 survivors (4096K)
 Metaspace       used 4111K, capacity 6784K, committed 6912K, reserved 1056768K
  class space    used 469K, capacity 752K, committed 768K, reserved 1048576K
}
Event: 0.858 GC heap after
{Heap after GC invocations=8 (full 0):
 garbage-first heap   total 211968K, used 106379K [0x0000000090c00000, 0x0000000100000000)
  region size 1024K, 4 young (4096K), 4 survivors (4096K)
 Metaspace       used 4111K, capacity 6784K, committed 6912K, reserved 1056768K
  class space    used 469K, capacity 752K, committed 768K, reserved 1048576K
}
Event: 0.897 GC heap before
{Heap before GC invocations=9 (full 0):
 garbage-first heap   total 211968K, used 116619K [0x0000000090c00000, 0x0000000100000000)
  region size 1024K, 5 young (5120K), 4 survivors (4096K)
 Metaspace       used 4155K, capacity 6784K, committed 6912K, reserved 1056768K
  class space    used 469K, capacity 752K, committed 768K, reserved 1048576K
}
Event: 0.901 GC heap after
{Heap after GC invocations=10 (full 0):
 garbage-first heap   total 211968K, used 110486K [0x0000000090c00000, 0x0000000100000000)
  region size 1024K, 1 young (1024K), 1 survivors (1024K)
 Metaspace       used 4155K, capacity 6784K, committed 6912K, reserved 1056768K
  class space    used 469K, capacity 752K, committed 768K, reserved 1048576K
}
Event: 0.946 GC heap before
{Heap before GC invocations=11 (full 0):
 garbage-first heap   total 211968K, used 119702K [0x0000000090c00000, 0x0000000100000000)
  region size 1024K, 2 young (2048K), 1 survivors (1024K)
 Metaspace       used 4159K, capacity 6784K, committed 6912K, reserved 1056768K
  class space    used 469K, capacity 752K, committed 768K, reserved 1048576K
}

Deoptimization events (20 events):
Event: 0.934 Thread 0x000002e7fe242f70 DEOPT PACKING pc=0x000002e7806c078e sp=0x000000fb339fdcf0
Event: 0.934 Thread 0x000002e7fe242f70 DEOPT UNPACKING pc=0x000002e78004df3f sp=0x000000fb339fd218 mode 0
Event: 0.935 Thread 0x000002e7fe242f70 DEOPT PACKING pc=0x000002e7806c078e sp=0x000000fb339fdcf0
Event: 0.935 Thread 0x000002e7fe242f70 DEOPT UNPACKING pc=0x000002e78004df3f sp=0x000000fb339fd218 mode 0
Event: 0.936 Thread 0x000002e7fe242f70 DEOPT PACKING pc=0x000002e7806c078e sp=0x000000fb339fdcd0
Event: 0.936 Thread 0x000002e7fe242f70 DEOPT UNPACKING pc=0x000002e78004df3f sp=0x000000fb339fd1d8 mode 0
Event: 0.936 Thread 0x000002e7fe242f70 DEOPT PACKING pc=0x000002e7806c078e sp=0x000000fb339fdcd0
Event: 0.936 Thread 0x000002e7fe242f70 DEOPT UNPACKING pc=0x000002e78004df3f sp=0x000000fb339fd1d8 mode 0
Event: 0.937 Thread 0x000002e7fe242f70 DEOPT PACKING pc=0x000002e7806c078e sp=0x000000fb339fdcd0
Event: 0.937 Thread 0x000002e7fe242f70 DEOPT UNPACKING pc=0x000002e78004df3f sp=0x000000fb339fd1d8 mode 0
Event: 0.937 Thread 0x000002e7fe242f70 DEOPT PACKING pc=0x000002e7806c078e sp=0x000000fb339fdcd0
Event: 0.937 Thread 0x000002e7fe242f70 DEOPT UNPACKING pc=0x000002e78004df3f sp=0x000000fb339fd1d8 mode 0
Event: 0.938 Thread 0x000002e7fe242f70 DEOPT PACKING pc=0x000002e7806c078e sp=0x000000fb339fdcd0
Event: 0.938 Thread 0x000002e7fe242f70 DEOPT UNPACKING pc=0x000002e78004df3f sp=0x000000fb339fd1d8 mode 0
Event: 0.938 Thread 0x000002e7fe242f70 DEOPT PACKING pc=0x000002e7806c078e sp=0x000000fb339fdcd0
Event: 0.938 Thread 0x000002e7fe242f70 DEOPT UNPACKING pc=0x000002e78004df3f sp=0x000000fb339fd1d8 mode 0
Event: 0.939 Thread 0x000002e7fe242f70 DEOPT PACKING pc=0x000002e7806c078e sp=0x000000fb339fdcd0
Event: 0.939 Thread 0x000002e7fe242f70 DEOPT UNPACKING pc=0x000002e78004df3f sp=0x000000fb339fd1d8 mode 0
Event: 0.939 Thread 0x000002e7fe242f70 DEOPT PACKING pc=0x000002e7806c078e sp=0x000000fb339fdcd0
Event: 0.939 Thread 0x000002e7fe242f70 DEOPT UNPACKING pc=0x000002e78004df3f sp=0x000000fb339fd1d8 mode 0

Classes unloaded (2 events):
Event: 0.752 Thread 0x000002e7fd77e1f0 Unloading class 0x0000000800bd7c40 'java/lang/invoke/LambdaForm$MH+0x0000000800bd7c40'
Event: 0.752 Thread 0x000002e7fd77e1f0 Unloading class 0x0000000800bd7840 'java/lang/invoke/LambdaForm$MH+0x0000000800bd7840'

Classes redefined (0 events):
No events

Internal exceptions (7 events):
Event: 0.459 Thread 0x000002e7fe241290 Implicit null exception at 0x000002e787aebdf4 to 0x000002e787aec784
Event: 0.493 Thread 0x000002e7fe242f70 Exception <a 'java/lang/NoSuchMethodError'{0x00000000974c5ff0}: 'void java.lang.invoke.DirectMethodHandle$Holder.invokeStatic(java.lang.Object, java.lang.Object)'> (0x00000000974c5ff0) 
thrown [./open/src/hotspot/share/interpreter/linkResolver.cpp, line 782]
Event: 0.494 Thread 0x000002e7fe242f70 Exception <a 'java/lang/NoSuchMethodError'{0x00000000974c9d78}: 'void java.lang.invoke.DirectMethodHandle$Holder.invokeStaticInit(java.lang.Object, java.lang.Object)'> (0x00000000974c9d78) 
thrown [./open/src/hotspot/share/interpreter/linkResolver.cpp, line 782]
Event: 0.506 Thread 0x000002e7fe242f70 Exception <a 'java/lang/NoSuchMethodError'{0x00000000974f33a8}: 'java.lang.Object java.lang.invoke.DirectMethodHandle$Holder.invokeStatic(java.lang.Object)'> (0x00000000974f33a8) 
thrown [./open/src/hotspot/share/interpreter/linkResolver.cpp, line 782]
Event: 0.509 Thread 0x000002e7fe242f70 Exception <a 'java/lang/NoSuchMethodError'{0x00000000974fd4c0}: 'java.lang.Object java.lang.invoke.DirectMethodHandle$Holder.invokeStaticInit(java.lang.Object, int, int, int, int)'> (0x00000000974fd4c0) 
thrown [./open/src/hotspot/share/interpreter/linkResolver.cpp, line 782]
Event: 0.587 Thread 0x000002e7fe242f70 Exception <a 'java/lang/NoSuchMethodError'{0x0000000097357f30}: 'java.lang.Object java.lang.invoke.DirectMethodHandle$Holder.invokeStaticInit(java.lang.Object, java.lang.Object, int, int, int, int)'> (0x0000000097357f30) 
thrown [./open/src/hotspot/share/interpreter/linkResolver.cpp, line 782]
Event: 0.839 Thread 0x000002e7fe242f70 Exception <a 'java/lang/NoSuchMethodError'{0x000000009d445c78}: static [D.<clinit>()V> (0x000000009d445c78) 
thrown [./open/src/hotspot/share/prims/jni.cpp, line 1204]

Events (20 events):
Event: 0.839 loading class java/io/ObjectStreamClass$3 done
Event: 0.839 loading class java/io/ObjectStreamClass$4
Event: 0.839 loading class java/io/ObjectStreamClass$4 done
Event: 0.839 loading class java/io/ObjectStreamClass$5
Event: 0.839 loading class java/io/ObjectStreamClass$5 done
Event: 0.852 Executing VM operation: G1TryInitiateConcMark
Event: 0.858 Executing VM operation: G1TryInitiateConcMark done
Event: 0.858 Executing VM operation: HandshakeAllThreads
Event: 0.858 Executing VM operation: HandshakeAllThreads done
Event: 0.870 Executing VM operation: G1Concurrent
Event: 0.871 Executing VM operation: G1Concurrent done
Event: 0.878 Executing VM operation: G1Concurrent
Event: 0.879 Executing VM operation: G1Concurrent done
Event: 0.897 Executing VM operation: G1TryInitiateConcMark
Event: 0.901 Executing VM operation: G1TryInitiateConcMark done
Event: 0.914 Executing VM operation: G1Concurrent
Event: 0.928 Executing VM operation: G1Concurrent done
Event: 0.934 Executing VM operation: G1Concurrent
Event: 0.935 Executing VM operation: G1Concurrent done
Event: 0.946 Executing VM operation: G1TryInitiateConcMark


Dynamic libraries:
0x00007ff600b60000 - 0x00007ff600b6f000 	C:\Program Files\Java\jdk-15.0.1\bin\java.exe
0x00007ff8dbc20000 - 0x00007ff8dbe10000 	C:\WINDOWS\SYSTEM32\ntdll.dll
0x00007ff8db9d0000 - 0x00007ff8dba82000 	C:\WINDOWS\System32\KERNEL32.DLL
0x00007ff8d9a20000 - 0x00007ff8d9cc5000 	C:\WINDOWS\System32\KERNELBASE.dll
0x00007ff8d8cc0000 - 0x00007ff8d8dba000 	C:\WINDOWS\System32\ucrtbase.dll
0x00007ff8d0e10000 - 0x00007ff8d0e29000 	C:\Program Files\Java\jdk-15.0.1\bin\VCRUNTIME140.dll
0x00007ff8b9580000 - 0x00007ff8b9598000 	C:\Program Files\Java\jdk-15.0.1\bin\jli.dll
0x00007ff8db5f0000 - 0x00007ff8db693000 	C:\WINDOWS\System32\ADVAPI32.dll
0x00007ff8dba90000 - 0x00007ff8dbb2e000 	C:\WINDOWS\System32\msvcrt.dll
0x00007ff8db700000 - 0x00007ff8db797000 	C:\WINDOWS\System32\sechost.dll
0x00007ff8db8a0000 - 0x00007ff8db9bf000 	C:\WINDOWS\System32\RPCRT4.dll
0x00007ff8daee0000 - 0x00007ff8db074000 	C:\WINDOWS\System32\USER32.dll
0x00007ff8d8b90000 - 0x00007ff8d8bb1000 	C:\WINDOWS\System32\win32u.dll
0x00007ff8c99b0000 - 0x00007ff8c9c34000 	C:\WINDOWS\WinSxS\amd64_microsoft.windows.common-controls_6595b64144ccf1df_6.0.18362.1440_none_9e7dbfb9e45e8e67\COMCTL32.dll
0x00007ff8db5c0000 - 0x00007ff8db5e6000 	C:\WINDOWS\System32\GDI32.dll
0x00007ff8d9880000 - 0x00007ff8d9a18000 	C:\WINDOWS\System32\gdi32full.dll
0x00007ff8db080000 - 0x00007ff8db3b6000 	C:\WINDOWS\System32\combase.dll
0x00007ff8d95f0000 - 0x00007ff8d968e000 	C:\WINDOWS\System32\msvcp_win.dll
0x00007ff8d9690000 - 0x00007ff8d9711000 	C:\WINDOWS\System32\bcryptPrimitives.dll
0x00007ff8d0f50000 - 0x00007ff8d0f5a000 	C:\WINDOWS\SYSTEM32\VERSION.dll
0x00007ff8d9cd0000 - 0x00007ff8d9cfe000 	C:\WINDOWS\System32\IMM32.DLL
0x00007ff8d0e50000 - 0x00007ff8d0e5c000 	C:\Program Files\Java\jdk-15.0.1\bin\vcruntime140_1.dll
0x00007ff8b12b0000 - 0x00007ff8b1341000 	C:\Program Files\Java\jdk-15.0.1\bin\msvcp140.dll
0x00007ff8ab200000 - 0x00007ff8abd5e000 	C:\Program Files\Java\jdk-15.0.1\bin\server\jvm.dll
0x00007ff8db9c0000 - 0x00007ff8db9c8000 	C:\WINDOWS\System32\PSAPI.DLL
0x00007ff8d0f60000 - 0x00007ff8d0f69000 	C:\WINDOWS\SYSTEM32\WSOCK32.dll
0x00007ff8d65a0000 - 0x00007ff8d65c4000 	C:\WINDOWS\SYSTEM32\WINMM.dll
0x00007ff8db7a0000 - 0x00007ff8db80f000 	C:\WINDOWS\System32\WS2_32.dll
0x00007ff8d6570000 - 0x00007ff8d659d000 	C:\WINDOWS\SYSTEM32\winmmbase.dll
0x00007ff8d8dc0000 - 0x00007ff8d8e0a000 	C:\WINDOWS\System32\cfgmgr32.dll
0x00007ff8d8b20000 - 0x00007ff8d8b31000 	C:\WINDOWS\System32\kernel.appcore.dll
0x00007ff8d0520000 - 0x00007ff8d052a000 	C:\Program Files\Java\jdk-15.0.1\bin\jimage.dll
0x00007ff8c64a0000 - 0x00007ff8c6694000 	C:\WINDOWS\SYSTEM32\DBGHELP.DLL
0x00007ff8c6b40000 - 0x00007ff8c6b6a000 	C:\WINDOWS\SYSTEM32\dbgcore.DLL
0x00007ff8d09d0000 - 0x00007ff8d09f5000 	C:\Program Files\Java\jdk-15.0.1\bin\java.dll
0x00007ff8d9da0000 - 0x00007ff8da488000 	C:\WINDOWS\System32\SHELL32.dll
0x00007ff8dac80000 - 0x00007ff8dad27000 	C:\WINDOWS\System32\shcore.dll
0x00007ff8d8e70000 - 0x00007ff8d95eb000 	C:\WINDOWS\System32\windows.storage.dll
0x00007ff8d8ae0000 - 0x00007ff8d8afe000 	C:\WINDOWS\System32\profapi.dll
0x00007ff8d8b40000 - 0x00007ff8d8b8a000 	C:\WINDOWS\System32\powrprof.dll
0x00007ff8d8ad0000 - 0x00007ff8d8ae0000 	C:\WINDOWS\System32\UMPDC.dll
0x00007ff8db6a0000 - 0x00007ff8db6f2000 	C:\WINDOWS\System32\shlwapi.dll
0x00007ff8d8bc0000 - 0x00007ff8d8bd7000 	C:\WINDOWS\System32\cryptsp.dll
0x00007ff8cf3a0000 - 0x00007ff8cf3b9000 	C:\Program Files\Java\jdk-15.0.1\bin\net.dll
0x00007ff8c9670000 - 0x00007ff8c976a000 	C:\WINDOWS\SYSTEM32\WINHTTP.dll
0x00007ff8d8310000 - 0x00007ff8d8377000 	C:\WINDOWS\system32\mswsock.dll
0x00007ff8ce880000 - 0x00007ff8ce892000 	C:\Program Files\Java\jdk-15.0.1\bin\nio.dll
0x00007ff8c9770000 - 0x00007ff8c9788000 	C:\Program Files\Java\jdk-15.0.1\bin\zip.dll
0x00007ff8c2080000 - 0x00007ff8c2096000 	C:\WINDOWS\system32\napinsp.dll
0x00007ff8c2060000 - 0x00007ff8c207a000 	C:\WINDOWS\system32\pnrpnsp.dll
0x00007ff8d8060000 - 0x00007ff8d812b000 	C:\WINDOWS\SYSTEM32\DNSAPI.dll
0x00007ff8da900000 - 0x00007ff8da908000 	C:\WINDOWS\System32\NSI.dll
0x00007ff8d8020000 - 0x00007ff8d805a000 	C:\WINDOWS\SYSTEM32\IPHLPAPI.DLL
0x00007ff8c2020000 - 0x00007ff8c202e000 	C:\WINDOWS\System32\winrnr.dll
0x00007ff8d4bc0000 - 0x00007ff8d4bdc000 	C:\WINDOWS\system32\NLAapi.dll
0x00007ff8d3a50000 - 0x00007ff8d3a65000 	C:\WINDOWS\system32\wshbth.dll
0x00007ff8c8750000 - 0x00007ff8c875a000 	C:\Windows\System32\rasadhlp.dll
0x00007ff8cb1f0000 - 0x00007ff8cb267000 	C:\WINDOWS\System32\fwpuclnt.dll
0x00007ff8d8be0000 - 0x00007ff8d8c06000 	C:\WINDOWS\System32\bcrypt.dll
0x00007ff8cfde0000 - 0x00007ff8cfdf0000 	C:\Program Files\Java\jdk-15.0.1\bin\verify.dll
0x00007ff8d7e30000 - 0x00007ff8d7e63000 	C:\WINDOWS\system32\rsaenh.dll
0x00007ff8d89b0000 - 0x00007ff8d89d5000 	C:\WINDOWS\SYSTEM32\USERENV.dll
0x00007ff8d84e0000 - 0x00007ff8d84ec000 	C:\WINDOWS\SYSTEM32\CRYPTBASE.dll
0x00007ff8ccba0000 - 0x00007ff8ccbb6000 	C:\WINDOWS\SYSTEM32\dhcpcsvc6.DLL
0x00007ff8cf840000 - 0x00007ff8cf85c000 	C:\WINDOWS\SYSTEM32\dhcpcsvc.DLL

dbghelp: loaded successfully - version: 4.0.5 - missing functions: none
symbol engine: initialized successfully - sym options: 0x614 - pdb path: .;C:\Program Files\Java\jdk-15.0.1\bin;C:\WINDOWS\SYSTEM32;C:\WINDOWS\WinSxS\amd64_microsoft.windows.common-controls_6595b64144ccf1df_6.0.18362.1440_none_9e7dbfb9e45e8e67;C:\Program Files\Java\jdk-15.0.1\bin\server

VM Arguments:
java_command: runtime.starter.MulticoreStarter C:\Users\teraz\OneDrive\Рабочий стол\PDC\lab6 4 smpdev useLocalLoader C:\mpj-v0_44\lib\mpi.jar;C:\Users\teraz\OneDrive\Рабочий стол\PDC\lab6\build\classes labs67.lab6
java_class_path (initial): C:\mpj-v0_44/lib/smpdev.jar;C:\mpj-v0_44/lib/xdev.jar;C:\mpj-v0_44/lib/mpjbuf.jar;C:\mpj-v0_44/lib/loader2.jar;C:\mpj-v0_44/lib/starter.jar;C:\mpj-v0_44/lib/mpiExp.jar
Launcher Type: SUN_STANDARD

[Global flags]
     intx CICompilerCount                          = 3                                         {product} {ergonomic}
     uint ConcGCThreads                            = 1                                         {product} {ergonomic}
     uint G1ConcRefinementThreads                  = 4                                         {product} {ergonomic}
   size_t G1HeapRegionSize                         = 1048576                                   {product} {ergonomic}
    uintx GCDrainStackTargetSize                   = 64                                        {product} {ergonomic}
   size_t InitialHeapSize                          = 117440512                                 {product} {ergonomic}
   size_t MarkStackSize                            = 4194304                                   {product} {ergonomic}
   size_t MaxHeapSize                              = 1866465280                                {product} {ergonomic}
   size_t MaxNewSize                               = 1119879168                                {product} {ergonomic}
   size_t MinHeapDeltaBytes                        = 1048576                                   {product} {ergonomic}
   size_t MinHeapSize                              = 8388608                                   {product} {ergonomic}
    uintx NonNMethodCodeHeapSize                   = 5832780                                {pd product} {ergonomic}
    uintx NonProfiledCodeHeapSize                  = 122912730                              {pd product} {ergonomic}
    uintx ProfiledCodeHeapSize                     = 122912730                              {pd product} {ergonomic}
    uintx ReservedCodeCacheSize                    = 251658240                              {pd product} {ergonomic}
     bool SegmentedCodeCache                       = true                                      {product} {ergonomic}
   size_t SoftMaxHeapSize                          = 1866465280                             {manageable} {ergonomic}
     bool UseCompressedClassPointers               = true                                 {lp64_product} {ergonomic}
     bool UseCompressedOops                        = true                                 {lp64_product} {ergonomic}
     bool UseG1GC                                  = true                                      {product} {ergonomic}
     bool UseLargePagesIndividualAllocation        = false                                  {pd product} {ergonomic}

Logging:
Log output configuration:
 #0: stdout all=warning uptime,level,tags
 #1: stderr all=off uptime,level,tags

Environment Variables:
PATH=C:\Program Files\NVIDIA GPU Computing Toolkit\CUDA\v10.1\bin;C:\Program Files\NVIDIA GPU Computing Toolkit\CUDA\v10.1\libnvvp;C:\Program Files (x86)\Common Files\Oracle\Java\javapath;C:\Program Files\Rockwell Software\RSCommon;C:\Program Files\Common Files\Oracle\Java\javapath;C:\WINDOWS\system32;C:\WINDOWS;C:\WINDOWS\System32\Wbem;C:\WINDOWS\System32\WindowsPowerShell\v1.0\;C:\WINDOWS\System32\OpenSSH\;C:\Program Files\Microsoft SQL Server\130\Tools\Binn\;C:\Program Files\Microsoft SQL Server\Client SDK\ODBC\170\Tools\Binn\;C:\Program Files\Git\cmd;C:\Program Files\NVIDIA Corporation\Nsight Compute 2019.4.0\;C:\Program Files (x86)\NVIDIA Corporation\PhysX\Common;C:\Program Files\dotnet\;C:\mpj-v0_44\bin;C:\Users\teraz\AppData\Local\Programs\Python\Python37\Scripts\;C:\Users\teraz\AppData\Local\Programs\Python\Python37\;C:\Users\teraz\AppData\Local\Microsoft\WindowsApps;C:\Program Files\JetBrains\PyCharm 2020.2.3\bin;;C:\Users\teraz\AppData\Roaming\Microsoft\Windows\Start Menu\Programs\Anaconda3 (64-bit);C:\Users\teraz\.dotnet\tools;C:\ProgramData\Microsoft\Windows\Start Menu\Programs\NVIDIA Corporation\NVIDIA Nsight Systems 2019.3.7;C:\mpj-v0_44\bin;
USERNAME=teraz
OS=Windows_NT
PROCESSOR_IDENTIFIER=AMD64 Family 21 Model 48 Stepping 1, AuthenticAMD



---------------  S Y S T E M  ---------------

OS:
 Windows 10 , 64 bit Build 18362 (10.0.18362.1350)
OS uptime: 0 days 1:22 hours

CPU: total 4 (initial active 4) (4 cores per cpu, 1 threads per core) family 21 model 48 stepping 1 microcode 0x0, cmov, cx8, fxsr, mmx, sse, sse2, sse3, ssse3, sse4.1, sse4.2, popcnt, vzeroupper, avx, aes, clmul, 3dnowpref, lzcnt, sse4a, tsc, tscinvbit, tscinv, bmi1, fma, clflush

Memory: 4k page, system-wide physical 7113M (1855M free)
TotalPageFile size 19822M (AvailPageFile size 195M)
current process WorkingSet (physical memory assigned to process): 214M, peak: 214M
current process commit charge ("private bytes"): 307M, peak: 514M

vm_info: Java HotSpot(TM) 64-Bit Server VM (15.0.1+9-18) for windows-amd64 JRE (15.0.1+9-18), built on Sep 15 2020 14:43:54 by "mach5one" with unknown MS VC++:1925

END.
