#
# There is insufficient memory for the Java Runtime Environment to continue.
# Native memory allocation (mmap) failed to map 117440512 bytes for G1 virtual space
# Possible reasons:
#   The system is out of physical RAM or swap space
#   The process is running with CompressedOops enabled, and the Java Heap may be blocking the growth of the native heap
# Possible solutions:
#   Reduce memory load on the system
#   Increase physical memory or swap space
#   Check if swap backing store is full
#   Decrease Java heap size (-Xmx/-Xms)
#   Decrease number of Java threads
#   Decrease Java thread stack sizes (-Xss)
#   Set larger code cache with -XX:ReservedCodeCacheSize=
#   JVM is running with Unscaled Compressed Oops mode in which the Java heap is
#     placed in the first 4GB address space. The Java Heap base address is the
#     maximum limit for the native heap growth. Please use -XX:HeapBaseMinAddress
#     to set the Java Heap base and to place the Java Heap above 4GB virtual address.
# This output file may be truncated or incomplete.
#
#  Out of Memory Error (./open/src/hotspot/os/windows/os_windows.cpp:3472), pid=8412, tid=9928
#
# JRE version:  (15.0.1+9) (build )
# Java VM: Java HotSpot(TM) 64-Bit Server VM (15.0.1+9-18, mixed mode, sharing, tiered, compressed oops, g1 gc, windows-amd64)
# No core dump will be written. Minidumps are not enabled by default on client versions of Windows
#

---------------  S U M M A R Y ------------

Command Line: runtime.starter.MulticoreStarter C:\Users\teraz\OneDrive\Рабочий стол\PDC\lab6 4 smpdev useLocalLoader C:\mpj-v0_44\lib\mpi.jar;C:\Users\teraz\OneDrive\Рабочий стол\PDC\lab6\build\classes labs67.lab6

Host: AMD A10-7300 Radeon R6, 10 Compute Cores 4C+6G , 4 cores, 6G,  Windows 10 , 64 bit Build 18362 (10.0.18362.1350)
Time: Mon Mar 22 16:01:31 2021 O?ieyia?y (ceia) elapsed time: 0.026806 seconds (0d 0h 0m 0s)

---------------  T H R E A D  ---------------

Current thread (0x000001b9da9d2d90):  JavaThread "Unknown thread" [_thread_in_vm, id=9928, stack(0x0000006a7f400000,0x0000006a7f500000)]

Stack: [0x0000006a7f400000,0x0000006a7f500000]
Native frames: (J=compiled Java code, j=interpreted, Vv=VM code, C=native code)
V  [jvm.dll+0x62ae9a]
V  [jvm.dll+0x781389]
V  [jvm.dll+0x782ae3]
V  [jvm.dll+0x783143]
V  [jvm.dll+0x216265]
V  [jvm.dll+0x6281d9]
V  [jvm.dll+0x61cd15]
V  [jvm.dll+0x2d01fd]
V  [jvm.dll+0x2d0062]
V  [jvm.dll+0x2d603c]
V  [jvm.dll+0x325b2a]
V  [jvm.dll+0x3251f4]
V  [jvm.dll+0x2a717a]
V  [jvm.dll+0x2a8318]
V  [jvm.dll+0x75e101]
V  [jvm.dll+0x3343e4]
V  [jvm.dll+0x73e826]
V  [jvm.dll+0x3b7777]
V  [jvm.dll+0x3b9201]
C  [jli.dll+0x52fb]
C  [ucrtbase.dll+0x210b2]
C  [KERNEL32.DLL+0x17c24]
C  [ntdll.dll+0x6d721]


---------------  P R O C E S S  ---------------

Threads class SMR info:
_java_thread_list=0x00007ffc57804ff0, length=0, elements={
}

Java Threads: ( => current thread )

Other Threads:
  0x000001b9daa0d570 GCTaskThread "GC Thread#0" [stack: 0x0000006a7f500000,0x0000006a7f600000] [id=15220]
  0x000001b9daa1d550 ConcurrentGCThread "G1 Main Marker" [stack: 0x0000006a7f600000,0x0000006a7f700000] [id=2764]
  0x000001b9daa1f8f0 ConcurrentGCThread "G1 Conc#0" [stack: 0x0000006a7f700000,0x0000006a7f800000] [id=1612]

[error occurred during error reporting (printing all threads), id 0xc0000005, EXCEPTION_ACCESS_VIOLATION (0xc0000005) at pc=0x00007ffc56ff8047]

VM state: not at safepoint (not fully initialized)

VM Mutex/Monitor currently owned by a thread:  ([mutex/lock_event])
[0x000001b9da9cf330] Heap_lock - owner thread: 0x000001b9da9d2d90

Heap address: 0x0000000090c00000, size: 1780 MB, Compressed Oops mode: 32-bit
CDS archive(s) mapped at: [0x0000000000000000-0x0000000000000000-0x0000000000000000), size 0, SharedBaseAddress: 0x0000000800000000, ArchiveRelocationMode: 0.
Narrow klass base: 0x0000000000000000, Narrow klass shift: 0, Narrow klass range: 0x0

Heap:
 garbage-first heap   total 114688K, used 0K [0x0000000090c00000, 0x0000000100000000)
  region size 1024K, 0 young (0K), 0 survivors (0K)
 Metaspace       used 0K, capacity 0K, committed 0K, reserved 0K
  class space    used 0K, capacity 0K, committed 0K, reserved 0K

Heap Regions: E=young(eden), S=young(survivor), O=old, HS=humongous(starts), HC=humongous(continues), CS=collection set, F=free, OA=open archive, CA=closed archive, TAMS=top-at-mark-start (previous, next)

Card table byte_map: [0x000001b9f1f80000,0x000001b9f2300000] _byte_map_base: 0x000001b9f1afa000

Marking Bits (Prev, Next): (CMBitMap*) 0x000001b9daa0ed70, (CMBitMap*) 0x000001b9daa0edb0
 Prev Bits: [0x000001b9f2680000, 0x000001b9f4250000)
 Next Bits: [0x000001b9f4250000, 0x000001b9f5e20000)

GC Heap History (0 events):
No events

Deoptimization events (0 events):
No events

Classes unloaded (0 events):
No events

Classes redefined (0 events):
No events

Internal exceptions (0 events):
No events

Events (1 events):
Event: 0.014 Loaded shared library C:\Program Files\Java\jdk-15.0.1\bin\java.dll


Dynamic libraries:
0x00007ff7855a0000 - 0x00007ff7855af000 	C:\Program Files\Java\jdk-15.0.1\bin\java.exe
0x00007ffc8fe60000 - 0x00007ffc90050000 	C:\WINDOWS\SYSTEM32\ntdll.dll
0x00007ffc8fd30000 - 0x00007ffc8fde2000 	C:\WINDOWS\System32\KERNEL32.DLL
0x00007ffc8dc60000 - 0x00007ffc8df05000 	C:\WINDOWS\System32\KERNELBASE.dll
0x00007ffc8d7f0000 - 0x00007ffc8d8ea000 	C:\WINDOWS\System32\ucrtbase.dll
0x00007ffc85c00000 - 0x00007ffc85c19000 	C:\Program Files\Java\jdk-15.0.1\bin\VCRUNTIME140.dll
0x00007ffc7f930000 - 0x00007ffc7f948000 	C:\Program Files\Java\jdk-15.0.1\bin\jli.dll
0x00007ffc8e470000 - 0x00007ffc8e513000 	C:\WINDOWS\System32\ADVAPI32.dll
0x00007ffc8fc90000 - 0x00007ffc8fd2e000 	C:\WINDOWS\System32\msvcrt.dll
0x00007ffc8f270000 - 0x00007ffc8f307000 	C:\WINDOWS\System32\sechost.dll
0x00007ffc8f4a0000 - 0x00007ffc8f5bf000 	C:\WINDOWS\System32\RPCRT4.dll
0x00007ffc8f910000 - 0x00007ffc8faa4000 	C:\WINDOWS\System32\USER32.dll
0x00007ffc8ce80000 - 0x00007ffc8cea1000 	C:\WINDOWS\System32\win32u.dll
0x00007ffc8e440000 - 0x00007ffc8e466000 	C:\WINDOWS\System32\GDI32.dll
0x00007ffc838a0000 - 0x00007ffc83b24000 	C:\WINDOWS\WinSxS\amd64_microsoft.windows.common-controls_6595b64144ccf1df_6.0.18362.1440_none_9e7dbfb9e45e8e67\COMCTL32.dll
0x00007ffc8d8f0000 - 0x00007ffc8da88000 	C:\WINDOWS\System32\gdi32full.dll
0x00007ffc8d630000 - 0x00007ffc8d6ce000 	C:\WINDOWS\System32\msvcp_win.dll
0x00007ffc8e080000 - 0x00007ffc8e3b6000 	C:\WINDOWS\System32\combase.dll
0x00007ffc8d760000 - 0x00007ffc8d7e1000 	C:\WINDOWS\System32\bcryptPrimitives.dll
0x00007ffc84c20000 - 0x00007ffc84c2a000 	C:\WINDOWS\SYSTEM32\VERSION.dll
0x00007ffc8fdf0000 - 0x00007ffc8fe1e000 	C:\WINDOWS\System32\IMM32.DLL
0x00007ffc85bf0000 - 0x00007ffc85bfc000 	C:\Program Files\Java\jdk-15.0.1\bin\vcruntime140_1.dll
0x00007ffc78700000 - 0x00007ffc78791000 	C:\Program Files\Java\jdk-15.0.1\bin\msvcp140.dll
0x00007ffc56d40000 - 0x00007ffc5789e000 	C:\Program Files\Java\jdk-15.0.1\bin\server\jvm.dll
0x00007ffc8e070000 - 0x00007ffc8e078000 	C:\WINDOWS\System32\PSAPI.DLL
0x00007ffc85c20000 - 0x00007ffc85c29000 	C:\WINDOWS\SYSTEM32\WSOCK32.dll
0x00007ffc84100000 - 0x00007ffc84124000 	C:\WINDOWS\SYSTEM32\WINMM.dll
0x00007ffc8ed90000 - 0x00007ffc8edff000 	C:\WINDOWS\System32\WS2_32.dll
0x00007ffc840d0000 - 0x00007ffc840fd000 	C:\WINDOWS\SYSTEM32\winmmbase.dll
0x00007ffc8da90000 - 0x00007ffc8dada000 	C:\WINDOWS\System32\cfgmgr32.dll
0x00007ffc8cd90000 - 0x00007ffc8cda1000 	C:\WINDOWS\System32\kernel.appcore.dll
0x00007ffc83bc0000 - 0x00007ffc83bca000 	C:\Program Files\Java\jdk-15.0.1\bin\jimage.dll
0x00007ffc7fa20000 - 0x00007ffc7fc14000 	C:\WINDOWS\SYSTEM32\DBGHELP.DLL
0x00007ffc7f9f0000 - 0x00007ffc7fa1a000 	C:\WINDOWS\SYSTEM32\dbgcore.DLL
0x00007ffc7ac20000 - 0x00007ffc7ac45000 	C:\Program Files\Java\jdk-15.0.1\bin\java.dll

dbghelp: loaded successfully - version: 4.0.5 - missing functions: none
symbol engine: initialized successfully - sym options: 0x614 - pdb path: .;C:\Program Files\Java\jdk-15.0.1\bin;C:\WINDOWS\SYSTEM32;C:\WINDOWS\WinSxS\amd64_microsoft.windows.common-controls_6595b64144ccf1df_6.0.18362.1440_none_9e7dbfb9e45e8e67;C:\Program Files\Java\jdk-15.0.1\bin\server

VM Arguments:
java_command: runtime.starter.MulticoreStarter C:\Users\teraz\OneDrive\Рабочий стол\PDC\lab6 4 smpdev useLocalLoader C:\mpj-v0_44\lib\mpi.jar;C:\Users\teraz\OneDrive\Рабочий стол\PDC\lab6\build\classes labs67.lab6
java_class_path (initial): C:\mpj-v0_44/lib/smpdev.jar;C:\mpj-v0_44/lib/xdev.jar;C:\mpj-v0_44/lib/mpjbuf.jar;C:\mpj-v0_44/lib/loader2.jar;C:\mpj-v0_44/lib/starter.jar;C:\mpj-v0_44/lib/mpiExp.jar
Launcher Type: SUN_STANDARD

[Global flags]
     intx CICompilerCount                          = 3                                         {product} {ergonomic}
     uint ConcGCThreads                            = 1                                         {product} {ergonomic}
     uint G1ConcRefinementThreads                  = 4                                         {product} {ergonomic}
   size_t G1HeapRegionSize                         = 1048576                                   {product} {ergonomic}
    uintx GCDrainStackTargetSize                   = 64                                        {product} {ergonomic}
   size_t InitialHeapSize                          = 117440512                                 {product} {ergonomic}
   size_t MarkStackSize                            = 4194304                                   {product} {ergonomic}
   size_t MaxHeapSize                              = 1866465280                                {product} {ergonomic}
   size_t MinHeapDeltaBytes                        = 1048576                                   {product} {ergonomic}
   size_t MinHeapSize                              = 8388608                                   {product} {ergonomic}
    uintx NonNMethodCodeHeapSize                   = 5832780                                {pd product} {ergonomic}
    uintx NonProfiledCodeHeapSize                  = 122912730                              {pd product} {ergonomic}
    uintx ProfiledCodeHeapSize                     = 122912730                              {pd product} {ergonomic}
    uintx ReservedCodeCacheSize                    = 251658240                              {pd product} {ergonomic}
     bool SegmentedCodeCache                       = true                                      {product} {ergonomic}
   size_t SoftMaxHeapSize                          = 1866465280                             {manageable} {ergonomic}
     bool UseCompressedClassPointers               = true                                 {lp64_product} {ergonomic}
     bool UseCompressedOops                        = true                                 {lp64_product} {ergonomic}
     bool UseG1GC                                  = true                                      {product} {ergonomic}
     bool UseLargePagesIndividualAllocation        = false                                  {pd product} {ergonomic}

Logging:
Log output configuration:
 #0: stdout all=warning uptime,level,tags
 #1: stderr all=off uptime,level,tags

Environment Variables:
PATH=C:\Program Files\NVIDIA GPU Computing Toolkit\CUDA\v10.1\bin;C:\Program Files\NVIDIA GPU Computing Toolkit\CUDA\v10.1\libnvvp;C:\Program Files (x86)\Common Files\Oracle\Java\javapath;C:\Program Files\Rockwell Software\RSCommon;C:\Program Files\Common Files\Oracle\Java\javapath;C:\WINDOWS\system32;C:\WINDOWS;C:\WINDOWS\System32\Wbem;C:\WINDOWS\System32\WindowsPowerShell\v1.0\;C:\WINDOWS\System32\OpenSSH\;C:\Program Files\Microsoft SQL Server\130\Tools\Binn\;C:\Program Files\Microsoft SQL Server\Client SDK\ODBC\170\Tools\Binn\;C:\Program Files\Git\cmd;C:\Program Files\NVIDIA Corporation\Nsight Compute 2019.4.0\;C:\Program Files (x86)\NVIDIA Corporation\PhysX\Common;C:\Program Files\dotnet\;C:\mpj-v0_44\bin;C:\Users\teraz\AppData\Local\Programs\Python\Python37\Scripts\;C:\Users\teraz\AppData\Local\Programs\Python\Python37\;C:\Users\teraz\AppData\Local\Microsoft\WindowsApps;C:\Program Files\JetBrains\PyCharm 2020.2.3\bin;;C:\Users\teraz\AppData\Roaming\Microsoft\Windows\Start Menu\Programs\Anaconda3 (64-bit);C:\Users\teraz\.dotnet\tools;C:\ProgramData\Microsoft\Windows\Start Menu\Programs\NVIDIA Corporation\NVIDIA Nsight Systems 2019.3.7;C:\mpj-v0_44\bin;
USERNAME=teraz
OS=Windows_NT
PROCESSOR_IDENTIFIER=AMD64 Family 21 Model 48 Stepping 1, AuthenticAMD



---------------  S Y S T E M  ---------------

OS:
 Windows 10 , 64 bit Build 18362 (10.0.18362.1350)
OS uptime: 0 days 17:06 hours

CPU: total 4 (initial active 4) (4 cores per cpu, 1 threads per core) family 21 model 48 stepping 1 microcode 0x0, cmov, cx8, fxsr, mmx, sse, sse2, sse3, ssse3, sse4.1, sse4.2, popcnt, vzeroupper, avx, aes, clmul, 3dnowpref, lzcnt, sse4a, tsc, tscinvbit, tscinv, bmi1, fma, clflush

Memory: 4k page, system-wide physical 7113M (666M free)
TotalPageFile size 13157M (AvailPageFile size 26M)
current process WorkingSet (physical memory assigned to process): 10M, peak: 10M
current process commit charge ("private bytes"): 52M, peak: 164M

vm_info: Java HotSpot(TM) 64-Bit Server VM (15.0.1+9-18) for windows-amd64 JRE (15.0.1+9-18), built on Sep 15 2020 14:43:54 by "mach5one" with unknown MS VC++:1925

END.
