#
# There is insufficient memory for the Java Runtime Environment to continue.
# Native memory allocation (mmap) failed to map 191889408 bytes for G1 virtual space
# Possible reasons:
#   The system is out of physical RAM or swap space
#   The process is running with CompressedOops enabled, and the Java Heap may be blocking the growth of the native heap
# Possible solutions:
#   Reduce memory load on the system
#   Increase physical memory or swap space
#   Check if swap backing store is full
#   Decrease Java heap size (-Xmx/-Xms)
#   Decrease number of Java threads
#   Decrease Java thread stack sizes (-Xss)
#   Set larger code cache with -XX:ReservedCodeCacheSize=
#   JVM is running with Unscaled Compressed Oops mode in which the Java heap is
#     placed in the first 4GB address space. The Java Heap base address is the
#     maximum limit for the native heap growth. Please use -XX:HeapBaseMinAddress
#     to set the Java Heap base and to place the Java Heap above 4GB virtual address.
# This output file may be truncated or incomplete.
#
#  Out of Memory Error (./open/src/hotspot/os/windows/os_windows.cpp:3472), pid=12484, tid=2156
#
# JRE version: Java(TM) SE Runtime Environment (15.0.1+9) (build 15.0.1+9-18)
# Java VM: Java HotSpot(TM) 64-Bit Server VM (15.0.1+9-18, mixed mode, sharing, tiered, compressed oops, g1 gc, windows-amd64)
# No core dump will be written. Minidumps are not enabled by default on client versions of Windows
#

---------------  S U M M A R Y ------------

Command Line: runtime.starter.MulticoreStarter C:\Users\teraz\OneDrive\Рабочий стол\PDC\lab6 4 smpdev useLocalLoader C:\mpj-v0_44\lib\mpi.jar;C:\Users\teraz\OneDrive\Рабочий стол\PDC\lab6\build\classes labs67.lab6

Host: AMD A10-7300 Radeon R6, 10 Compute Cores 4C+6G , 4 cores, 6G,  Windows 10 , 64 bit Build 18362 (10.0.18362.1350)
Time: Mon Mar 22 17:38:02 2021 O?ieyia?y (ceia) elapsed time: 1.846978 seconds (0d 0h 0m 1s)

---------------  T H R E A D  ---------------

Current thread (0x00000135f16dd330):  VMThread "VM Thread" [stack: 0x000000345e600000,0x000000345e700000] [id=2156]

Stack: [0x000000345e600000,0x000000345e700000]
[error occurred during error reporting (printing stack bounds), id 0xc0000005, EXCEPTION_ACCESS_VIOLATION (0xc0000005) at pc=0x00000135dc0210ad]

Native frames: (J=compiled Java code, j=interpreted, Vv=VM code, C=native code)
V  [jvm.dll+0x62ae9a]
V  [jvm.dll+0x781389]
V  [jvm.dll+0x782ae3]
V  [jvm.dll+0x7830a5]
V  [jvm.dll+0x78305b]
V  [jvm.dll+0x62a2b9]
V  [jvm.dll+0x62aa88]
C  [ntdll.dll+0xa1eef]
C  [ntdll.dll+0x6aad9]
C  [ntdll.dll+0xa0b5e]
C  0x00000135dc0210ad

VM_Operation (0x000000345f2fd810): G1TryInitiateConcMark, mode: safepoint, requested by thread 0x00000135f21b1cd0


---------------  P R O C E S S  ---------------

Threads class SMR info:
_java_thread_list=0x00000135f21a1e00, length=15, elements={
0x00000135d3df1f00, 0x00000135f16e1360, 0x00000135f16e1f30, 0x00000135f1701a70,
0x00000135f1704440, 0x00000135f1704e00, 0x00000135f1705af0, 0x00000135f170ada0,
0x00000135f1718500, 0x00000135f213ce90, 0x00000135f215e690, 0x00000135f21b1cd0,
0x00000135f21b7c90, 0x00000135f21bc170, 0x00000135f21be650
}

Java Threads: ( => current thread )
  0x00000135d3df1f00 JavaThread "main" [_thread_blocked, id=15308, stack(0x000000345e000000,0x000000345e100000)]
  0x00000135f16e1360 JavaThread "Reference Handler" daemon [_thread_blocked, id=4820, stack(0x000000345e700000,0x000000345e800000)]
  0x00000135f16e1f30 JavaThread "Finalizer" daemon [_thread_blocked, id=1276, stack(0x000000345e800000,0x000000345e900000)]
  0x00000135f1701a70 JavaThread "Signal Dispatcher" daemon [_thread_blocked, id=14344, stack(0x000000345e900000,0x000000345ea00000)]
  0x00000135f1704440 JavaThread "Attach Listener" daemon [_thread_blocked, id=14564, stack(0x000000345ea00000,0x000000345eb00000)]
  0x00000135f1704e00 JavaThread "Service Thread" daemon [_thread_blocked, id=8720, stack(0x000000345eb00000,0x000000345ec00000)]
  0x00000135f1705af0 JavaThread "C2 CompilerThread0" daemon [_thread_blocked, id=4696, stack(0x000000345ec00000,0x000000345ed00000)]
  0x00000135f170ada0 JavaThread "C1 CompilerThread0" daemon [_thread_blocked, id=7036, stack(0x000000345ed00000,0x000000345ee00000)]
  0x00000135f1718500 JavaThread "Sweeper thread" daemon [_thread_blocked, id=8708, stack(0x000000345ee00000,0x000000345ef00000)]
  0x00000135f213ce90 JavaThread "Notification Thread" daemon [_thread_blocked, id=2652, stack(0x000000345ef00000,0x000000345f000000)]
  0x00000135f215e690 JavaThread "Common-Cleaner" daemon [_thread_blocked, id=7980, stack(0x000000345f100000,0x000000345f200000)]
  0x00000135f21b1cd0 JavaThread "0" [_thread_blocked, id=8748, stack(0x000000345f200000,0x000000345f300000)]
  0x00000135f21b7c90 JavaThread "1" [_thread_blocked, id=5808, stack(0x000000345f300000,0x000000345f400000)]
  0x00000135f21bc170 JavaThread "2" [_thread_blocked, id=3696, stack(0x000000345f400000,0x000000345f500000)]
  0x00000135f21be650 JavaThread "3" [_thread_blocked, id=7084, stack(0x000000345f500000,0x000000345f600000)]

Other Threads:
=>0x00000135f16dd330 VMThread "VM Thread" [stack: 0x000000345e600000,0x000000345e700000] [id=2156]
  0x00000135f215d370 WatcherThread [stack: 0x000000345f000000,0x000000345f100000] [id=1228]
  0x00000135d3e2dac0 GCTaskThread "GC Thread#0" [stack: 0x000000345e100000,0x000000345e200000] [id=14452]
  0x00000135f2960fc0 GCTaskThread "GC Thread#1" [stack: 0x000000345f600000,0x000000345f700000] [id=7012]
  0x00000135f2960630 GCTaskThread "GC Thread#2" [stack: 0x000000345f700000,0x000000345f800000] [id=12476]
  0x00000135f2962940 GCTaskThread "GC Thread#3" [stack: 0x000000345f800000,0x000000345f900000] [id=3716]
  0x00000135d3e3dba0 ConcurrentGCThread "G1 Main Marker" [stack: 0x000000345e200000,0x000000345e300000] [id=15516]
  0x00000135d3e3f7a0 ConcurrentGCThread "G1 Conc#0" [stack: 0x000000345e300000,0x000000345e400000] [id=4124]
  0x00000135d3ea4c00 ConcurrentGCThread "G1 Refine#0" [stack: 0x000000345e400000,0x000000345e500000] [id=13544]
  0x00000135d3ea5800 ConcurrentGCThread "G1 Young RemSet Sampling" [stack: 0x000000345e500000,0x000000345e600000] [id=15828]

Threads with active compile tasks:
C2 CompilerThread0     1868  740 %     4       java.io.ObjectInputStream$BlockDataInputStream::readDoubles @ 110 (148 bytes)

VM state: at safepoint (normal execution)

VM Mutex/Monitor currently owned by a thread:  ([mutex/lock_event])
[0x00000135d3def740] Threads_lock - owner thread: 0x00000135f16dd330
[0x00000135d3deea50] Heap_lock - owner thread: 0x00000135f21b1cd0

Heap address: 0x0000000090c00000, size: 1780 MB, Compressed Oops mode: 32-bit
CDS archive(s) mapped at: [0x0000000800000000-0x0000000800b50000-0x0000000800b50000), size 11862016, SharedBaseAddress: 0x0000000800000000, ArchiveRelocationMode: 0.
Compressed class space mapped at: 0x0000000800b50000-0x0000000840b50000, size: 1073741824
Narrow klass base: 0x0000000800000000, Narrow klass shift: 3, Narrow klass range: 0x100000000

GC Precious Log:
 CPUs: 4 total, 4 available
 Memory: 7113M
 Large Page Support: Disabled
 NUMA Support: Disabled
 Compressed Oops: Enabled (32-bit)
 Heap Region Size: 1M
 Heap Min Capacity: 8M
 Heap Initial Capacity: 112M
 Heap Max Capacity: 1780M
 Pre-touch: Disabled
 Parallel Workers: 4
 Concurrent Workers: 1
 Concurrent Refinement Workers: 4
 Periodic GC: Disabled

Heap:
 garbage-first heap   total 399360K, used 123647K [0x0000000090c00000, 0x0000000100000000)
  region size 1024K, 2 young (2048K), 2 survivors (2048K)
 Metaspace       used 4300K, capacity 6790K, committed 6912K, reserved 1056768K
  class space    used 480K, capacity 754K, committed 768K, reserved 1048576K

Heap Regions: E=young(eden), S=young(survivor), O=old, HS=humongous(starts), HC=humongous(continues), CS=collection set, F=free, OA=open archive, CA=closed archive, TAMS=top-at-mark-start (previous, next)
|   0|0x0000000090c00000, 0x0000000090d00000, 0x0000000090d00000|100%| O|  |TAMS 0x0000000090d00000, 0x0000000090d00000| Untracked 
|   1|0x0000000090d00000, 0x0000000090e00000, 0x0000000090e00000|100%| O|  |TAMS 0x0000000090e00000, 0x0000000090e00000| Untracked 
|   2|0x0000000090e00000, 0x0000000090f00000, 0x0000000090f00000|100%| O|  |TAMS 0x0000000090f00000, 0x0000000090f00000| Untracked 
|   3|0x0000000090f00000, 0x0000000091000000, 0x0000000091000000|100%| O|  |TAMS 0x0000000091000000, 0x0000000091000000| Untracked 
|   4|0x0000000091000000, 0x0000000091100000, 0x0000000091100000|100%| O|  |TAMS 0x0000000091100000, 0x0000000091100000| Untracked 
|   5|0x0000000091100000, 0x0000000091200000, 0x0000000091200000|100%| O|  |TAMS 0x0000000091200000, 0x0000000091200000| Untracked 
|   6|0x0000000091200000, 0x0000000091300000, 0x0000000091300000|100%| O|  |TAMS 0x0000000091300000, 0x0000000091300000| Untracked 
|   7|0x0000000091300000, 0x0000000091400000, 0x0000000091400000|100%| O|  |TAMS 0x0000000091400000, 0x0000000091400000| Untracked 
|   8|0x0000000091400000, 0x0000000091500000, 0x0000000091500000|100%| O|  |TAMS 0x0000000091500000, 0x0000000091500000| Untracked 
|   9|0x0000000091500000, 0x0000000091600000, 0x0000000091600000|100%| O|  |TAMS 0x0000000091600000, 0x0000000091600000| Untracked 
|  10|0x0000000091600000, 0x0000000091700000, 0x0000000091700000|100%| O|  |TAMS 0x0000000091700000, 0x0000000091700000| Untracked 
|  11|0x0000000091700000, 0x0000000091800000, 0x0000000091800000|100%| O|  |TAMS 0x0000000091800000, 0x0000000091800000| Untracked 
|  12|0x0000000091800000, 0x0000000091900000, 0x0000000091900000|100%| O|  |TAMS 0x0000000091900000, 0x0000000091900000| Untracked 
|  13|0x0000000091900000, 0x0000000091a00000, 0x0000000091a00000|100%| O|  |TAMS 0x0000000091a00000, 0x0000000091a00000| Untracked 
|  14|0x0000000091a00000, 0x0000000091b00000, 0x0000000091b00000|100%| O|  |TAMS 0x0000000091b00000, 0x0000000091b00000| Untracked 
|  15|0x0000000091b00000, 0x0000000091c00000, 0x0000000091c00000|100%| O|  |TAMS 0x0000000091c00000, 0x0000000091c00000| Untracked 
|  16|0x0000000091c00000, 0x0000000091d00000, 0x0000000091d00000|100%| O|  |TAMS 0x0000000091d00000, 0x0000000091d00000| Untracked 
|  17|0x0000000091d00000, 0x0000000091e00000, 0x0000000091e00000|100%| O|  |TAMS 0x0000000091e00000, 0x0000000091e00000| Untracked 
|  18|0x0000000091e00000, 0x0000000091f00000, 0x0000000091f00000|100%| O|  |TAMS 0x0000000091f00000, 0x0000000091f00000| Untracked 
|  19|0x0000000091f00000, 0x0000000092000000, 0x0000000092000000|100%| O|  |TAMS 0x0000000092000000, 0x0000000092000000| Untracked 
|  20|0x0000000092000000, 0x0000000092100000, 0x0000000092100000|100%| O|  |TAMS 0x0000000092100000, 0x0000000092100000| Untracked 
|  21|0x0000000092100000, 0x0000000092200000, 0x0000000092200000|100%| O|  |TAMS 0x0000000092200000, 0x0000000092200000| Untracked 
|  22|0x0000000092200000, 0x0000000092300000, 0x0000000092300000|100%| O|  |TAMS 0x0000000092300000, 0x0000000092300000| Untracked 
|  23|0x0000000092300000, 0x0000000092400000, 0x0000000092400000|100%| O|  |TAMS 0x0000000092400000, 0x0000000092400000| Untracked 
|  24|0x0000000092400000, 0x0000000092500000, 0x0000000092500000|100%| O|  |TAMS 0x0000000092500000, 0x0000000092500000| Untracked 
|  25|0x0000000092500000, 0x0000000092600000, 0x0000000092600000|100%| O|  |TAMS 0x0000000092600000, 0x0000000092600000| Untracked 
|  26|0x0000000092600000, 0x0000000092700000, 0x0000000092700000|100%| O|  |TAMS 0x0000000092700000, 0x0000000092700000| Untracked 
|  27|0x0000000092700000, 0x0000000092800000, 0x0000000092800000|100%| O|  |TAMS 0x0000000092800000, 0x0000000092800000| Untracked 
|  28|0x0000000092800000, 0x0000000092900000, 0x0000000092900000|100%| O|  |TAMS 0x0000000092900000, 0x0000000092900000| Untracked 
|  29|0x0000000092900000, 0x0000000092a00000, 0x0000000092a00000|100%| O|  |TAMS 0x0000000092a00000, 0x0000000092a00000| Untracked 
|  30|0x0000000092a00000, 0x0000000092b00000, 0x0000000092b00000|100%| O|  |TAMS 0x0000000092b00000, 0x0000000092b00000| Untracked 
|  31|0x0000000092b00000, 0x0000000092c00000, 0x0000000092c00000|100%| O|  |TAMS 0x0000000092c00000, 0x0000000092c00000| Untracked 
|  32|0x0000000092c00000, 0x0000000092d00000, 0x0000000092d00000|100%| O|  |TAMS 0x0000000092d00000, 0x0000000092d00000| Untracked 
|  33|0x0000000092d00000, 0x0000000092e00000, 0x0000000092e00000|100%| O|  |TAMS 0x0000000092e00000, 0x0000000092e00000| Untracked 
|  34|0x0000000092e00000, 0x0000000092f00000, 0x0000000092f00000|100%| O|  |TAMS 0x0000000092f00000, 0x0000000092f00000| Untracked 
|  35|0x0000000092f00000, 0x0000000093000000, 0x0000000093000000|100%| O|  |TAMS 0x0000000093000000, 0x0000000093000000| Untracked 
|  36|0x0000000093000000, 0x0000000093100000, 0x0000000093100000|100%| O|  |TAMS 0x0000000093100000, 0x0000000093100000| Untracked 
|  37|0x0000000093100000, 0x0000000093200000, 0x0000000093200000|100%| O|  |TAMS 0x0000000093200000, 0x0000000093200000| Untracked 
|  38|0x0000000093200000, 0x0000000093300000, 0x0000000093300000|100%| O|  |TAMS 0x0000000093300000, 0x0000000093300000| Untracked 
|  39|0x0000000093300000, 0x0000000093400000, 0x0000000093400000|100%| O|  |TAMS 0x0000000093400000, 0x0000000093400000| Untracked 
|  40|0x0000000093400000, 0x0000000093500000, 0x0000000093500000|100%| O|  |TAMS 0x0000000093500000, 0x0000000093500000| Untracked 
|  41|0x0000000093500000, 0x0000000093600000, 0x0000000093600000|100%| O|  |TAMS 0x0000000093600000, 0x0000000093600000| Untracked 
|  42|0x0000000093600000, 0x0000000093700000, 0x0000000093700000|100%| O|  |TAMS 0x0000000093700000, 0x0000000093700000| Untracked 
|  43|0x0000000093700000, 0x0000000093800000, 0x0000000093800000|100%| O|  |TAMS 0x0000000093800000, 0x0000000093800000| Untracked 
|  44|0x0000000093800000, 0x0000000093900000, 0x0000000093900000|100%| O|  |TAMS 0x0000000093900000, 0x0000000093900000| Untracked 
|  45|0x0000000093900000, 0x0000000093a00000, 0x0000000093a00000|100%| O|  |TAMS 0x0000000093a00000, 0x0000000093a00000| Untracked 
|  46|0x0000000093a00000, 0x0000000093b00000, 0x0000000093b00000|100%| O|  |TAMS 0x0000000093b00000, 0x0000000093b00000| Untracked 
|  47|0x0000000093b00000, 0x0000000093c00000, 0x0000000093c00000|100%| O|  |TAMS 0x0000000093c00000, 0x0000000093c00000| Untracked 
|  48|0x0000000093c00000, 0x0000000093d00000, 0x0000000093d00000|100%| O|  |TAMS 0x0000000093d00000, 0x0000000093d00000| Untracked 
|  49|0x0000000093d00000, 0x0000000093e00000, 0x0000000093e00000|100%| O|  |TAMS 0x0000000093e00000, 0x0000000093e00000| Untracked 
|  50|0x0000000093e00000, 0x0000000093f00000, 0x0000000093f00000|100%| O|  |TAMS 0x0000000093f00000, 0x0000000093f00000| Untracked 
|  51|0x0000000093f00000, 0x0000000094000000, 0x0000000094000000|100%| O|  |TAMS 0x0000000094000000, 0x0000000094000000| Untracked 
|  52|0x0000000094000000, 0x0000000094100000, 0x0000000094100000|100%| O|  |TAMS 0x0000000094100000, 0x0000000094100000| Untracked 
|  53|0x0000000094100000, 0x0000000094200000, 0x0000000094200000|100%| O|  |TAMS 0x0000000094200000, 0x0000000094200000| Untracked 
|  54|0x0000000094200000, 0x0000000094300000, 0x0000000094300000|100%| O|  |TAMS 0x0000000094300000, 0x0000000094300000| Untracked 
|  55|0x0000000094300000, 0x0000000094400000, 0x0000000094400000|100%| O|  |TAMS 0x0000000094400000, 0x0000000094400000| Untracked 
|  56|0x0000000094400000, 0x0000000094500000, 0x0000000094500000|100%| O|  |TAMS 0x0000000094500000, 0x0000000094500000| Untracked 
|  57|0x0000000094500000, 0x0000000094600000, 0x0000000094600000|100%| O|  |TAMS 0x0000000094600000, 0x0000000094600000| Untracked 
|  58|0x0000000094600000, 0x0000000094700000, 0x0000000094700000|100%| O|  |TAMS 0x0000000094700000, 0x0000000094700000| Untracked 
|  59|0x0000000094700000, 0x0000000094800000, 0x0000000094800000|100%| O|  |TAMS 0x0000000094800000, 0x0000000094800000| Untracked 
|  60|0x0000000094800000, 0x0000000094900000, 0x0000000094900000|100%| O|  |TAMS 0x0000000094900000, 0x0000000094900000| Untracked 
|  61|0x0000000094900000, 0x0000000094a00000, 0x0000000094a00000|100%| O|  |TAMS 0x0000000094a00000, 0x0000000094a00000| Untracked 
|  62|0x0000000094a00000, 0x0000000094b00000, 0x0000000094b00000|100%| O|  |TAMS 0x0000000094b00000, 0x0000000094b00000| Untracked 
|  63|0x0000000094b00000, 0x0000000094c00000, 0x0000000094c00000|100%| O|  |TAMS 0x0000000094c00000, 0x0000000094c00000| Untracked 
|  64|0x0000000094c00000, 0x0000000094d00000, 0x0000000094d00000|100%| O|  |TAMS 0x0000000094d00000, 0x0000000094d00000| Untracked 
|  65|0x0000000094d00000, 0x0000000094e00000, 0x0000000094e00000|100%| O|  |TAMS 0x0000000094e00000, 0x0000000094e00000| Untracked 
|  66|0x0000000094e00000, 0x0000000094f00000, 0x0000000094f00000|100%| O|  |TAMS 0x0000000094f00000, 0x0000000094f00000| Untracked 
|  67|0x0000000094f00000, 0x0000000095000000, 0x0000000095000000|100%| O|  |TAMS 0x0000000095000000, 0x0000000095000000| Untracked 
|  68|0x0000000095000000, 0x0000000095100000, 0x0000000095100000|100%| O|  |TAMS 0x0000000095100000, 0x0000000095100000| Untracked 
|  69|0x0000000095100000, 0x0000000095200000, 0x0000000095200000|100%| O|  |TAMS 0x0000000095200000, 0x0000000095200000| Untracked 
|  70|0x0000000095200000, 0x0000000095300000, 0x0000000095300000|100%| O|  |TAMS 0x0000000095300000, 0x0000000095300000| Untracked 
|  71|0x0000000095300000, 0x0000000095400000, 0x0000000095400000|100%| O|  |TAMS 0x0000000095400000, 0x0000000095400000| Untracked 
|  72|0x0000000095400000, 0x0000000095500000, 0x0000000095500000|100%| O|  |TAMS 0x0000000095500000, 0x0000000095500000| Untracked 
|  73|0x0000000095500000, 0x0000000095600000, 0x0000000095600000|100%| O|  |TAMS 0x0000000095600000, 0x0000000095600000| Untracked 
|  74|0x0000000095600000, 0x0000000095700000, 0x0000000095700000|100%| O|  |TAMS 0x0000000095700000, 0x0000000095700000| Untracked 
|  75|0x0000000095700000, 0x0000000095800000, 0x0000000095800000|100%| O|  |TAMS 0x0000000095800000, 0x0000000095800000| Untracked 
|  76|0x0000000095800000, 0x0000000095900000, 0x0000000095900000|100%| O|  |TAMS 0x0000000095900000, 0x0000000095900000| Untracked 
|  77|0x0000000095900000, 0x0000000095a00000, 0x0000000095a00000|100%| O|  |TAMS 0x0000000095a00000, 0x0000000095a00000| Untracked 
|  78|0x0000000095a00000, 0x0000000095b00000, 0x0000000095b00000|100%| O|  |TAMS 0x0000000095b00000, 0x0000000095b00000| Untracked 
|  79|0x0000000095b00000, 0x0000000095c00000, 0x0000000095c00000|100%| O|  |TAMS 0x0000000095c00000, 0x0000000095c00000| Untracked 
|  80|0x0000000095c00000, 0x0000000095d00000, 0x0000000095d00000|100%| O|  |TAMS 0x0000000095d00000, 0x0000000095d00000| Untracked 
|  81|0x0000000095d00000, 0x0000000095e00000, 0x0000000095e00000|100%| O|  |TAMS 0x0000000095e00000, 0x0000000095e00000| Untracked 
|  82|0x0000000095e00000, 0x0000000095f00000, 0x0000000095f00000|100%| O|  |TAMS 0x0000000095f00000, 0x0000000095f00000| Untracked 
|  83|0x0000000095f00000, 0x0000000096000000, 0x0000000096000000|100%| O|  |TAMS 0x0000000096000000, 0x0000000096000000| Untracked 
|  84|0x0000000096000000, 0x0000000096100000, 0x0000000096100000|100%| O|  |TAMS 0x0000000096100000, 0x0000000096100000| Untracked 
|  85|0x0000000096100000, 0x0000000096200000, 0x0000000096200000|100%| O|  |TAMS 0x0000000096200000, 0x0000000096200000| Untracked 
|  86|0x0000000096200000, 0x0000000096300000, 0x0000000096300000|100%| O|  |TAMS 0x0000000096300000, 0x0000000096300000| Untracked 
|  87|0x0000000096300000, 0x0000000096400000, 0x0000000096400000|100%| O|  |TAMS 0x0000000096400000, 0x0000000096400000| Untracked 
|  88|0x0000000096400000, 0x0000000096500000, 0x0000000096500000|100%| O|  |TAMS 0x0000000096500000, 0x0000000096500000| Untracked 
|  89|0x0000000096500000, 0x0000000096600000, 0x0000000096600000|100%| O|  |TAMS 0x0000000096600000, 0x0000000096600000| Untracked 
|  90|0x0000000096600000, 0x0000000096700000, 0x0000000096700000|100%| O|  |TAMS 0x0000000096700000, 0x0000000096700000| Untracked 
|  91|0x0000000096700000, 0x0000000096800000, 0x0000000096800000|100%| O|  |TAMS 0x0000000096800000, 0x0000000096800000| Untracked 
|  92|0x0000000096800000, 0x0000000096900000, 0x0000000096900000|100%| O|  |TAMS 0x0000000096900000, 0x0000000096900000| Untracked 
|  93|0x0000000096900000, 0x0000000096a00000, 0x0000000096a00000|100%| O|  |TAMS 0x0000000096a00000, 0x0000000096a00000| Untracked 
|  94|0x0000000096a00000, 0x0000000096b00000, 0x0000000096b00000|100%| O|  |TAMS 0x0000000096b00000, 0x0000000096b00000| Untracked 
|  95|0x0000000096b00000, 0x0000000096c00000, 0x0000000096c00000|100%| O|  |TAMS 0x0000000096c00000, 0x0000000096c00000| Untracked 
|  96|0x0000000096c00000, 0x0000000096d00000, 0x0000000096d00000|100%| O|  |TAMS 0x0000000096d00000, 0x0000000096d00000| Untracked 
|  97|0x0000000096d00000, 0x0000000096e00000, 0x0000000096e00000|100%| O|  |TAMS 0x0000000096e00000, 0x0000000096e00000| Untracked 
|  98|0x0000000096e00000, 0x0000000096f00000, 0x0000000096f00000|100%| O|  |TAMS 0x0000000096f00000, 0x0000000096f00000| Untracked 
|  99|0x0000000096f00000, 0x0000000097000000, 0x0000000097000000|100%| O|  |TAMS 0x0000000097000000, 0x0000000097000000| Untracked 
| 100|0x0000000097000000, 0x0000000097000000, 0x0000000097100000|  0%| F|  |TAMS 0x0000000097000000, 0x0000000097000000| Untracked 
| 101|0x0000000097100000, 0x0000000097100000, 0x0000000097200000|  0%| F|  |TAMS 0x0000000097100000, 0x0000000097100000| Untracked 
| 102|0x0000000097200000, 0x0000000097200000, 0x0000000097300000|  0%| F|  |TAMS 0x0000000097200000, 0x0000000097200000| Untracked 
| 103|0x0000000097300000, 0x0000000097300000, 0x0000000097400000|  0%| F|  |TAMS 0x0000000097300000, 0x0000000097300000| Untracked 
| 104|0x0000000097400000, 0x0000000097400000, 0x0000000097500000|  0%| F|  |TAMS 0x0000000097400000, 0x0000000097400000| Untracked 
| 105|0x0000000097500000, 0x0000000097500000, 0x0000000097600000|  0%| F|  |TAMS 0x0000000097500000, 0x0000000097500000| Untracked 
| 106|0x0000000097600000, 0x0000000097700000, 0x0000000097700000|100%| O|  |TAMS 0x0000000097700000, 0x0000000097700000| Untracked 
| 107|0x0000000097700000, 0x0000000097800000, 0x0000000097800000|100%| O|  |TAMS 0x0000000097800000, 0x0000000097800000| Untracked 
| 108|0x0000000097800000, 0x00000000978aa600, 0x0000000097900000| 66%| O|  |TAMS 0x00000000978aa600, 0x00000000978aa600| Untracked 
| 109|0x0000000097900000, 0x0000000097900000, 0x0000000097a00000|  0%| F|  |TAMS 0x0000000097900000, 0x0000000097900000| Untracked 
| 110|0x0000000097a00000, 0x0000000097a00000, 0x0000000097b00000|  0%| F|  |TAMS 0x0000000097a00000, 0x0000000097a00000| Untracked 
| 111|0x0000000097b00000, 0x0000000097b00000, 0x0000000097c00000|  0%| F|  |TAMS 0x0000000097b00000, 0x0000000097b00000| Untracked 
| 112|0x0000000097c00000, 0x0000000097c00000, 0x0000000097d00000|  0%| F|  |TAMS 0x0000000097c00000, 0x0000000097c00000| Untracked 
| 113|0x0000000097d00000, 0x0000000097d00000, 0x0000000097e00000|  0%| F|  |TAMS 0x0000000097d00000, 0x0000000097d00000| Untracked 
| 114|0x0000000097e00000, 0x0000000097f00000, 0x0000000097f00000|100%|HS|  |TAMS 0x0000000097e00000, 0x0000000097f00000| Complete 
| 115|0x0000000097f00000, 0x0000000098000000, 0x0000000098000000|100%|HC|  |TAMS 0x0000000097f00000, 0x0000000098000000| Complete 
| 116|0x0000000098000000, 0x0000000098100000, 0x0000000098100000|100%|HC|  |TAMS 0x0000000098000000, 0x0000000098100000| Complete 
| 117|0x0000000098100000, 0x0000000098200000, 0x0000000098200000|100%|HC|  |TAMS 0x0000000098100000, 0x0000000098200000| Complete 
| 118|0x0000000098200000, 0x0000000098300000, 0x0000000098300000|100%|HC|  |TAMS 0x0000000098200000, 0x0000000098300000| Complete 
| 119|0x0000000098300000, 0x0000000098400000, 0x0000000098400000|100%|HC|  |TAMS 0x0000000098300000, 0x0000000098400000| Complete 
| 120|0x0000000098400000, 0x0000000098500000, 0x0000000098500000|100%|HC|  |TAMS 0x0000000098400000, 0x0000000098500000| Complete 
| 121|0x0000000098500000, 0x0000000098600000, 0x0000000098600000|100%|HC|  |TAMS 0x0000000098500000, 0x0000000098600000| Complete 
| 122|0x0000000098600000, 0x0000000098700000, 0x0000000098700000|100%|HC|  |TAMS 0x0000000098600000, 0x0000000098700000| Complete 
| 123|0x0000000098700000, 0x0000000098800000, 0x0000000098800000|100%|HS|  |TAMS 0x0000000098800000, 0x0000000098800000| Complete 
| 124|0x0000000098800000, 0x0000000098900000, 0x0000000098900000|100%|HC|  |TAMS 0x0000000098900000, 0x0000000098900000| Complete 
| 125|0x0000000098900000, 0x0000000098a00000, 0x0000000098a00000|100%|HC|  |TAMS 0x0000000098a00000, 0x0000000098a00000| Complete 
| 126|0x0000000098a00000, 0x0000000098b00000, 0x0000000098b00000|100%|HC|  |TAMS 0x0000000098b00000, 0x0000000098b00000| Complete 
| 127|0x0000000098b00000, 0x0000000098c00000, 0x0000000098c00000|100%|HC|  |TAMS 0x0000000098c00000, 0x0000000098c00000| Complete 
| 128|0x0000000098c00000, 0x0000000098d00000, 0x0000000098d00000|100%|HC|  |TAMS 0x0000000098d00000, 0x0000000098d00000| Complete 
| 129|0x0000000098d00000, 0x0000000098e00000, 0x0000000098e00000|100%|HC|  |TAMS 0x0000000098e00000, 0x0000000098e00000| Complete 
| 130|0x0000000098e00000, 0x0000000098f00000, 0x0000000098f00000|100%|HC|  |TAMS 0x0000000098f00000, 0x0000000098f00000| Complete 
| 131|0x0000000098f00000, 0x0000000098f00000, 0x0000000099000000|  0%| F|  |TAMS 0x0000000098f00000, 0x0000000098f00000| Untracked 
| 132|0x0000000099000000, 0x0000000099000000, 0x0000000099100000|  0%| F|  |TAMS 0x0000000099000000, 0x0000000099000000| Untracked 
| 133|0x0000000099100000, 0x0000000099100000, 0x0000000099200000|  0%| F|  |TAMS 0x0000000099100000, 0x0000000099100000| Untracked 
| 134|0x0000000099200000, 0x0000000099200000, 0x0000000099300000|  0%| F|  |TAMS 0x0000000099200000, 0x0000000099200000| Untracked 
| 135|0x0000000099300000, 0x0000000099300000, 0x0000000099400000|  0%| F|  |TAMS 0x0000000099300000, 0x0000000099300000| Untracked 
| 136|0x0000000099400000, 0x0000000099400000, 0x0000000099500000|  0%| F|  |TAMS 0x0000000099400000, 0x0000000099400000| Untracked 
| 137|0x0000000099500000, 0x0000000099500000, 0x0000000099600000|  0%| F|  |TAMS 0x0000000099500000, 0x0000000099500000| Untracked 
| 138|0x0000000099600000, 0x0000000099600000, 0x0000000099700000|  0%| F|  |TAMS 0x0000000099600000, 0x0000000099600000| Untracked 
| 139|0x0000000099700000, 0x0000000099700000, 0x0000000099800000|  0%| F|  |TAMS 0x0000000099700000, 0x0000000099700000| Untracked 
| 140|0x0000000099800000, 0x0000000099800000, 0x0000000099900000|  0%| F|  |TAMS 0x0000000099800000, 0x0000000099800000| Untracked 
| 141|0x0000000099900000, 0x0000000099900000, 0x0000000099a00000|  0%| F|  |TAMS 0x0000000099900000, 0x0000000099900000| Untracked 
| 142|0x0000000099a00000, 0x0000000099a00000, 0x0000000099b00000|  0%| F|  |TAMS 0x0000000099a00000, 0x0000000099a00000| Untracked 
| 143|0x0000000099b00000, 0x0000000099b00000, 0x0000000099c00000|  0%| F|  |TAMS 0x0000000099b00000, 0x0000000099b00000| Untracked 
| 144|0x0000000099c00000, 0x0000000099c00000, 0x0000000099d00000|  0%| F|  |TAMS 0x0000000099c00000, 0x0000000099c00000| Untracked 
| 145|0x0000000099d00000, 0x0000000099d00000, 0x0000000099e00000|  0%| F|  |TAMS 0x0000000099d00000, 0x0000000099d00000| Untracked 
| 146|0x0000000099e00000, 0x0000000099e00000, 0x0000000099f00000|  0%| F|  |TAMS 0x0000000099e00000, 0x0000000099e00000| Untracked 
| 147|0x0000000099f00000, 0x0000000099f00000, 0x000000009a000000|  0%| F|  |TAMS 0x0000000099f00000, 0x0000000099f00000| Untracked 
| 148|0x000000009a000000, 0x000000009a000000, 0x000000009a100000|  0%| F|  |TAMS 0x000000009a000000, 0x000000009a000000| Untracked 
| 149|0x000000009a100000, 0x000000009a100000, 0x000000009a200000|  0%| F|  |TAMS 0x000000009a100000, 0x000000009a100000| Untracked 
| 150|0x000000009a200000, 0x000000009a200000, 0x000000009a300000|  0%| F|  |TAMS 0x000000009a200000, 0x000000009a200000| Untracked 
| 151|0x000000009a300000, 0x000000009a300000, 0x000000009a400000|  0%| F|  |TAMS 0x000000009a300000, 0x000000009a300000| Untracked 
| 152|0x000000009a400000, 0x000000009a400000, 0x000000009a500000|  0%| F|  |TAMS 0x000000009a400000, 0x000000009a400000| Untracked 
| 153|0x000000009a500000, 0x000000009a500000, 0x000000009a600000|  0%| F|  |TAMS 0x000000009a500000, 0x000000009a500000| Untracked 
| 154|0x000000009a600000, 0x000000009a600000, 0x000000009a700000|  0%| F|  |TAMS 0x000000009a600000, 0x000000009a600000| Untracked 
| 155|0x000000009a700000, 0x000000009a700000, 0x000000009a800000|  0%| F|  |TAMS 0x000000009a700000, 0x000000009a700000| Untracked 
| 156|0x000000009a800000, 0x000000009a800000, 0x000000009a900000|  0%| F|  |TAMS 0x000000009a800000, 0x000000009a800000| Untracked 
| 157|0x000000009a900000, 0x000000009a900000, 0x000000009aa00000|  0%| F|  |TAMS 0x000000009a900000, 0x000000009a900000| Untracked 
| 158|0x000000009aa00000, 0x000000009aa00000, 0x000000009ab00000|  0%| F|  |TAMS 0x000000009aa00000, 0x000000009aa00000| Untracked 
| 159|0x000000009ab00000, 0x000000009ab00000, 0x000000009ac00000|  0%| F|  |TAMS 0x000000009ab00000, 0x000000009ab00000| Untracked 
| 160|0x000000009ac00000, 0x000000009ac00000, 0x000000009ad00000|  0%| F|  |TAMS 0x000000009ac00000, 0x000000009ac00000| Untracked 
| 161|0x000000009ad00000, 0x000000009ad00000, 0x000000009ae00000|  0%| F|  |TAMS 0x000000009ad00000, 0x000000009ad00000| Untracked 
| 162|0x000000009ae00000, 0x000000009ae00000, 0x000000009af00000|  0%| F|  |TAMS 0x000000009ae00000, 0x000000009ae00000| Untracked 
| 163|0x000000009af00000, 0x000000009af00000, 0x000000009b000000|  0%| F|  |TAMS 0x000000009af00000, 0x000000009af00000| Untracked 
| 164|0x000000009b000000, 0x000000009b000000, 0x000000009b100000|  0%| F|  |TAMS 0x000000009b000000, 0x000000009b000000| Untracked 
| 165|0x000000009b100000, 0x000000009b100000, 0x000000009b200000|  0%| F|  |TAMS 0x000000009b100000, 0x000000009b100000| Untracked 
| 166|0x000000009b200000, 0x000000009b200000, 0x000000009b300000|  0%| F|  |TAMS 0x000000009b200000, 0x000000009b200000| Untracked 
| 167|0x000000009b300000, 0x000000009b300000, 0x000000009b400000|  0%| F|  |TAMS 0x000000009b300000, 0x000000009b300000| Untracked 
| 168|0x000000009b400000, 0x000000009b400000, 0x000000009b500000|  0%| F|  |TAMS 0x000000009b400000, 0x000000009b400000| Untracked 
| 169|0x000000009b500000, 0x000000009b500000, 0x000000009b600000|  0%| F|  |TAMS 0x000000009b500000, 0x000000009b500000| Untracked 
| 170|0x000000009b600000, 0x000000009b600000, 0x000000009b700000|  0%| F|  |TAMS 0x000000009b600000, 0x000000009b600000| Untracked 
| 171|0x000000009b700000, 0x000000009b700000, 0x000000009b800000|  0%| F|  |TAMS 0x000000009b700000, 0x000000009b700000| Untracked 
| 172|0x000000009b800000, 0x000000009b800000, 0x000000009b900000|  0%| F|  |TAMS 0x000000009b800000, 0x000000009b800000| Untracked 
| 173|0x000000009b900000, 0x000000009b900000, 0x000000009ba00000|  0%| F|  |TAMS 0x000000009b900000, 0x000000009b900000| Untracked 
| 174|0x000000009ba00000, 0x000000009ba00000, 0x000000009bb00000|  0%| F|  |TAMS 0x000000009ba00000, 0x000000009ba00000| Untracked 
| 175|0x000000009bb00000, 0x000000009bb00000, 0x000000009bc00000|  0%| F|  |TAMS 0x000000009bb00000, 0x000000009bb00000| Untracked 
| 176|0x000000009bc00000, 0x000000009bc00000, 0x000000009bd00000|  0%| F|  |TAMS 0x000000009bc00000, 0x000000009bc00000| Untracked 
| 177|0x000000009bd00000, 0x000000009bd00000, 0x000000009be00000|  0%| F|  |TAMS 0x000000009bd00000, 0x000000009bd00000| Untracked 
| 178|0x000000009be00000, 0x000000009be00000, 0x000000009bf00000|  0%| F|  |TAMS 0x000000009be00000, 0x000000009be00000| Untracked 
| 179|0x000000009bf00000, 0x000000009bf00000, 0x000000009c000000|  0%| F|  |TAMS 0x000000009bf00000, 0x000000009bf00000| Untracked 
| 180|0x000000009c000000, 0x000000009c000000, 0x000000009c100000|  0%| F|  |TAMS 0x000000009c000000, 0x000000009c000000| Untracked 
| 181|0x000000009c100000, 0x000000009c100000, 0x000000009c200000|  0%| F|  |TAMS 0x000000009c100000, 0x000000009c100000| Untracked 
| 182|0x000000009c200000, 0x000000009c200000, 0x000000009c300000|  0%| F|  |TAMS 0x000000009c200000, 0x000000009c200000| Untracked 
| 183|0x000000009c300000, 0x000000009c300000, 0x000000009c400000|  0%| F|  |TAMS 0x000000009c300000, 0x000000009c300000| Untracked 
| 184|0x000000009c400000, 0x000000009c400000, 0x000000009c500000|  0%| F|  |TAMS 0x000000009c400000, 0x000000009c400000| Untracked 
| 185|0x000000009c500000, 0x000000009c500000, 0x000000009c600000|  0%| F|  |TAMS 0x000000009c500000, 0x000000009c500000| Untracked 
| 186|0x000000009c600000, 0x000000009c600000, 0x000000009c700000|  0%| F|  |TAMS 0x000000009c600000, 0x000000009c600000| Untracked 
| 187|0x000000009c700000, 0x000000009c700000, 0x000000009c800000|  0%| F|  |TAMS 0x000000009c700000, 0x000000009c700000| Untracked 
| 188|0x000000009c800000, 0x000000009c800000, 0x000000009c900000|  0%| F|  |TAMS 0x000000009c800000, 0x000000009c800000| Untracked 
| 189|0x000000009c900000, 0x000000009c900000, 0x000000009ca00000|  0%| F|  |TAMS 0x000000009c900000, 0x000000009c900000| Untracked 
| 190|0x000000009ca00000, 0x000000009ca00000, 0x000000009cb00000|  0%| F|  |TAMS 0x000000009ca00000, 0x000000009ca00000| Untracked 
| 191|0x000000009cb00000, 0x000000009cb00000, 0x000000009cc00000|  0%| F|  |TAMS 0x000000009cb00000, 0x000000009cb00000| Untracked 
| 192|0x000000009cc00000, 0x000000009cc00000, 0x000000009cd00000|  0%| F|  |TAMS 0x000000009cc00000, 0x000000009cc00000| Untracked 
| 193|0x000000009cd00000, 0x000000009cd00000, 0x000000009ce00000|  0%| F|  |TAMS 0x000000009cd00000, 0x000000009cd00000| Untracked 
| 194|0x000000009ce00000, 0x000000009ce00000, 0x000000009cf00000|  0%| F|  |TAMS 0x000000009ce00000, 0x000000009ce00000| Untracked 
| 195|0x000000009cf00000, 0x000000009cf00000, 0x000000009d000000|  0%| F|  |TAMS 0x000000009cf00000, 0x000000009cf00000| Untracked 
| 196|0x000000009d000000, 0x000000009d000000, 0x000000009d100000|  0%| F|  |TAMS 0x000000009d000000, 0x000000009d000000| Untracked 
| 197|0x000000009d100000, 0x000000009d100000, 0x000000009d200000|  0%| F|  |TAMS 0x000000009d100000, 0x000000009d100000| Untracked 
| 198|0x000000009d200000, 0x000000009d200000, 0x000000009d300000|  0%| F|  |TAMS 0x000000009d200000, 0x000000009d200000| Untracked 
| 199|0x000000009d300000, 0x000000009d300000, 0x000000009d400000|  0%| F|  |TAMS 0x000000009d300000, 0x000000009d300000| Untracked 
| 200|0x000000009d400000, 0x000000009d400000, 0x000000009d500000|  0%| F|  |TAMS 0x000000009d400000, 0x000000009d400000| Untracked 
| 201|0x000000009d500000, 0x000000009d500000, 0x000000009d600000|  0%| F|  |TAMS 0x000000009d500000, 0x000000009d500000| Untracked 
| 202|0x000000009d600000, 0x000000009d600000, 0x000000009d700000|  0%| F|  |TAMS 0x000000009d600000, 0x000000009d600000| Untracked 
| 203|0x000000009d700000, 0x000000009d700000, 0x000000009d800000|  0%| F|  |TAMS 0x000000009d700000, 0x000000009d700000| Untracked 
| 204|0x000000009d800000, 0x000000009d815870, 0x000000009d900000|  8%| S|CS|TAMS 0x000000009d800000, 0x000000009d800000| Complete 
| 205|0x000000009d900000, 0x000000009da00000, 0x000000009da00000|100%| S|CS|TAMS 0x000000009d900000, 0x000000009d900000| Complete 
| 206|0x000000009da00000, 0x000000009da00000, 0x000000009db00000|  0%| F|  |TAMS 0x000000009da00000, 0x000000009da00000| Untracked 

Card table byte_map: [0x00000135eb3a0000,0x00000135eb720000] _byte_map_base: 0x00000135eaf1a000

Marking Bits (Prev, Next): (CMBitMap*) 0x00000135d3e2e370, (CMBitMap*) 0x00000135d3e2e330
 Prev Bits: [0x00000135ed670000, 0x00000135ef240000)
 Next Bits: [0x00000135ebaa0000, 0x00000135ed670000)

Polling page: 0x00000135d1be0000

Metaspace:

Usage:
  Non-class:      5.89 MB capacity,     3.73 MB ( 63%) used,     2.16 MB ( 37%) free+waste,     4.13 KB ( <1%) overhead. 
      Class:    754.00 KB capacity,   480.32 KB ( 64%) used,   271.12 KB ( 36%) free+waste,     2.56 KB ( <1%) overhead. 
       Both:      6.63 MB capacity,     4.20 MB ( 63%) used,     2.43 MB ( 37%) free+waste,     6.69 KB ( <1%) overhead. 

Virtual space:
  Non-class space:        8.00 MB reserved,       6.00 MB ( 75%) committed 
      Class space:        1.00 GB reserved,     768.00 KB ( <1%) committed 
             Both:        1.01 GB reserved,       6.75 MB ( <1%) committed 

Chunk freelists:
   Non-Class:  44.00 KB
       Class:  14.00 KB
        Both:  58.00 KB

MaxMetaspaceSize: 17179869184.00 GB
CompressedClassSpaceSize: 1.00 GB

CodeHeap 'non-profiled nmethods': size=120000Kb used=219Kb max_used=219Kb free=119780Kb
 bounds [0x00000135e3af0000, 0x00000135e3d60000, 0x00000135eb020000]
CodeHeap 'profiled nmethods': size=120000Kb used=1344Kb max_used=1344Kb free=118655Kb
 bounds [0x00000135dc5c0000, 0x00000135dc830000, 0x00000135e3af0000]
CodeHeap 'non-nmethods': size=5760Kb used=1150Kb max_used=1169Kb free=4609Kb
 bounds [0x00000135dc020000, 0x00000135dc290000, 0x00000135dc5c0000]
 total_blobs=1147 nmethods=744 adapters=317
 compilation: enabled
              stopped_count=0, restarted_count=0
 full_count=0

Compilation events (20 events):
Event: 1.815 Thread 0x00000135f170ada0 nmethod 735 0x00000135dc70c390 code [0x00000135dc70c580, 0x00000135dc70cb38]
Event: 1.815 Thread 0x00000135f170ada0  736       3       java.io.ObjectInputStream$PeekInputStream::readFully (48 bytes)
Event: 1.816 Thread 0x00000135f170ada0 nmethod 736 0x00000135dc70cd10 code [0x00000135dc70cee0, 0x00000135dc70d1d8]
Event: 1.816 Thread 0x00000135f170ada0  737       3       java.io.ObjectInputStream$PeekInputStream::read (115 bytes)
Event: 1.816 Thread 0x00000135f170ada0 nmethod 737 0x00000135dc70d310 code [0x00000135dc70d4e0, 0x00000135dc70d998]
Event: 1.823 Thread 0x00000135f170ada0  738 %     3       java.io.ObjectInputStream$BlockDataInputStream::readDoubles @ 110 (148 bytes)
Event: 1.824 Thread 0x00000135f170ada0 nmethod 738% 0x00000135dc70db10 code [0x00000135dc70dd40, 0x00000135dc70e5c8]
Event: 1.824 Thread 0x00000135f170ada0  739       3       java.io.ObjectInputStream$BlockDataInputStream::readDoubles (148 bytes)
Event: 1.826 Thread 0x00000135f170ada0 nmethod 739 0x00000135dc70ea10 code [0x00000135dc70ec20, 0x00000135dc70f3a8]
Event: 1.828 Thread 0x00000135f1705af0  740 %     4       java.io.ObjectInputStream$BlockDataInputStream::readDoubles @ 110 (148 bytes)
Event: 1.830 Thread 0x00000135f170ada0  742       3       java.io.ObjectInputStream$BlockDataInputStream::setBlockDataMode (74 bytes)
Event: 1.830 Thread 0x00000135f170ada0 nmethod 742 0x00000135dc70f790 code [0x00000135dc70f940, 0x00000135dc70fc88]
Event: 1.830 Thread 0x00000135f170ada0  743       3       java.io.ObjectInputStream$BlockDataInputStream::read (62 bytes)
Event: 1.831 Thread 0x00000135f170ada0 nmethod 743 0x00000135dc70fd90 code [0x00000135dc70ff60, 0x00000135dc710218]
Event: 1.831 Thread 0x00000135f170ada0  741       1       java.io.ObjectInputStream$BlockDataInputStream::getBlockDataMode (5 bytes)
Event: 1.831 Thread 0x00000135f170ada0 nmethod 741 0x00000135e3b26510 code [0x00000135e3b266a0, 0x00000135e3b26758]
Event: 1.831 Thread 0x00000135f170ada0  744       1       java.io.ObjectStreamClass::getResolveException (5 bytes)
Event: 1.831 Thread 0x00000135f170ada0 nmethod 744 0x00000135e3b26810 code [0x00000135e3b269a0, 0x00000135e3b26a58]
Event: 1.831 Thread 0x00000135f170ada0  745       1       java.io.ObjectInputStream$HandleTable::size (5 bytes)
Event: 1.831 Thread 0x00000135f170ada0 nmethod 745 0x00000135e3b26b10 code [0x00000135e3b26ca0, 0x00000135e3b26d58]

GC Heap History (20 events):
Event: 1.358 GC heap after
{Heap after GC invocations=2 (full 0):
 garbage-first heap   total 114688K, used 19434K [0x0000000090c00000, 0x0000000100000000)
  region size 1024K, 2 young (2048K), 2 survivors (2048K)
 Metaspace       used 3906K, capacity 6787K, committed 6912K, reserved 1056768K
  class space    used 444K, capacity 753K, committed 768K, reserved 1048576K
}
Event: 1.363 GC heap before
{Heap before GC invocations=2 (full 0):
 garbage-first heap   total 114688K, used 33770K [0x0000000090c00000, 0x0000000100000000)
  region size 1024K, 17 young (17408K), 2 survivors (2048K)
 Metaspace       used 3910K, capacity 6787K, committed 6912K, reserved 1056768K
  class space    used 445K, capacity 753K, committed 768K, reserved 1048576K
}
Event: 1.384 GC heap after
{Heap after GC invocations=3 (full 0):
 garbage-first heap   total 114688K, used 34653K [0x0000000090c00000, 0x0000000100000000)
  region size 1024K, 3 young (3072K), 3 survivors (3072K)
 Metaspace       used 3910K, capacity 6787K, committed 6912K, reserved 1056768K
  class space    used 445K, capacity 753K, committed 768K, reserved 1048576K
}
Event: 1.390 GC heap before
{Heap before GC invocations=3 (full 0):
 garbage-first heap   total 114688K, used 53085K [0x0000000090c00000, 0x0000000100000000)
  region size 1024K, 22 young (22528K), 3 survivors (3072K)
 Metaspace       used 3910K, capacity 6787K, committed 6912K, reserved 1056768K
  class space    used 445K, capacity 753K, committed 768K, reserved 1048576K
}
Event: 1.418 GC heap after
{Heap after GC invocations=4 (full 0):
 garbage-first heap   total 114688K, used 54062K [0x0000000090c00000, 0x0000000100000000)
  region size 1024K, 3 young (3072K), 3 survivors (3072K)
 Metaspace       used 3910K, capacity 6787K, committed 6912K, reserved 1056768K
  class space    used 445K, capacity 753K, committed 768K, reserved 1048576K
}
Event: 1.423 GC heap before
{Heap before GC invocations=4 (full 0):
 garbage-first heap   total 114688K, used 67374K [0x0000000090c00000, 0x0000000100000000)
  region size 1024K, 17 young (17408K), 3 survivors (3072K)
 Metaspace       used 3914K, capacity 6787K, committed 6912K, reserved 1056768K
  class space    used 445K, capacity 753K, committed 768K, reserved 1048576K
}
Event: 1.445 GC heap after
{Heap after GC invocations=5 (full 0):
 garbage-first heap   total 186368K, used 68351K [0x0000000090c00000, 0x0000000100000000)
  region size 1024K, 3 young (3072K), 3 survivors (3072K)
 Metaspace       used 3914K, capacity 6787K, committed 6912K, reserved 1056768K
  class space    used 445K, capacity 753K, committed 768K, reserved 1048576K
}
Event: 1.527 GC heap before
{Heap before GC invocations=5 (full 0):
 garbage-first heap   total 186368K, used 97023K [0x0000000090c00000, 0x0000000100000000)
  region size 1024K, 32 young (32768K), 3 survivors (3072K)
 Metaspace       used 3946K, capacity 6787K, committed 6912K, reserved 1056768K
  class space    used 452K, capacity 753K, committed 768K, reserved 1048576K
}
Event: 1.570 GC heap after
{Heap after GC invocations=6 (full 0):
 garbage-first heap   total 186368K, used 97242K [0x0000000090c00000, 0x0000000100000000)
  region size 1024K, 4 young (4096K), 4 survivors (4096K)
 Metaspace       used 3946K, capacity 6787K, committed 6912K, reserved 1056768K
  class space    used 452K, capacity 753K, committed 768K, reserved 1048576K
}
Event: 1.596 GC heap before
{Heap before GC invocations=6 (full 0):
 garbage-first heap   total 186368K, used 110554K [0x0000000090c00000, 0x0000000100000000)
  region size 1024K, 19 young (19456K), 4 survivors (4096K)
 Metaspace       used 4131K, capacity 6787K, committed 6912K, reserved 1056768K
  class space    used 469K, capacity 753K, committed 768K, reserved 1048576K
}
Event: 1.602 GC heap after
{Heap after GC invocations=7 (full 0):
 garbage-first heap   total 186368K, used 105387K [0x0000000090c00000, 0x0000000100000000)
  region size 1024K, 3 young (3072K), 3 survivors (3072K)
 Metaspace       used 4131K, capacity 6787K, committed 6912K, reserved 1056768K
  class space    used 469K, capacity 753K, committed 768K, reserved 1048576K
}
Event: 1.638 GC heap before
{Heap before GC invocations=8 (full 0):
 garbage-first heap   total 186368K, used 111531K [0x0000000090c00000, 0x0000000100000000)
  region size 1024K, 4 young (4096K), 3 survivors (3072K)
 Metaspace       used 4144K, capacity 6784K, committed 6912K, reserved 1056768K
  class space    used 469K, capacity 752K, committed 768K, reserved 1048576K
}
Event: 1.641 GC heap after
{Heap after GC invocations=9 (full 0):
 garbage-first heap   total 186368K, used 108207K [0x0000000090c00000, 0x0000000100000000)
  region size 1024K, 1 young (1024K), 1 survivors (1024K)
 Metaspace       used 4144K, capacity 6784K, committed 6912K, reserved 1056768K
  class space    used 469K, capacity 752K, committed 768K, reserved 1048576K
}
Event: 1.699 GC heap before
{Heap before GC invocations=10 (full 0):
 garbage-first heap   total 193536K, used 113327K [0x0000000090c00000, 0x0000000100000000)
  region size 1024K, 2 young (2048K), 1 survivors (1024K)
 Metaspace       used 4180K, capacity 6784K, committed 6912K, reserved 1056768K
  class space    used 469K, capacity 752K, committed 768K, reserved 1048576K
}
Event: 1.700 GC heap after
{Heap after GC invocations=11 (full 0):
 garbage-first heap   total 193536K, used 110257K [0x0000000090c00000, 0x0000000100000000)
  region size 1024K, 1 young (1024K), 1 survivors (1024K)
 Metaspace       used 4180K, capacity 6784K, committed 6912K, reserved 1056768K
  class space    used 469K, capacity 752K, committed 768K, reserved 1048576K
}
Event: 1.746 GC heap before
{Heap before GC invocations=12 (full 0):
 garbage-first heap   total 193536K, used 119473K [0x0000000090c00000, 0x0000000100000000)
  region size 1024K, 2 young (2048K), 1 survivors (1024K)
 Metaspace       used 4180K, capacity 6784K, committed 6912K, reserved 1056768K
  class space    used 469K, capacity 752K, committed 768K, reserved 1048576K
}
Event: 1.747 GC heap after
{Heap after GC invocations=13 (full 0):
 garbage-first heap   total 193536K, used 114360K [0x0000000090c00000, 0x0000000100000000)
  region size 1024K, 1 young (1024K), 1 survivors (1024K)
 Metaspace       used 4180K, capacity 6784K, committed 6912K, reserved 1056768K
  class space    used 469K, capacity 752K, committed 768K, reserved 1048576K
}
Event: 1.782 GC heap before
{Heap before GC invocations=14 (full 0):
 garbage-first heap   total 206848K, used 123576K [0x0000000090c00000, 0x0000000100000000)
  region size 1024K, 2 young (2048K), 1 survivors (1024K)
 Metaspace       used 4219K, capacity 6784K, committed 6912K, reserved 1056768K
  class space    used 470K, capacity 752K, committed 768K, reserved 1048576K
}
Event: 1.784 GC heap after
{Heap after GC invocations=15 (full 0):
 garbage-first heap   total 206848K, used 123582K [0x0000000090c00000, 0x0000000100000000)
  region size 1024K, 1 young (1024K), 1 survivors (1024K)
 Metaspace       used 4219K, capacity 6784K, committed 6912K, reserved 1056768K
  class space    used 470K, capacity 752K, committed 768K, reserved 1048576K
}
Event: 1.838 GC heap before
{Heap before GC invocations=16 (full 0):
 garbage-first heap   total 211968K, used 133822K [0x0000000090c00000, 0x0000000100000000)
  region size 1024K, 3 young (3072K), 1 survivors (1024K)
 Metaspace       used 4300K, capacity 6790K, committed 6912K, reserved 1056768K
  class space    used 480K, capacity 754K, committed 768K, reserved 1048576K
}

Deoptimization events (20 events):
Event: 1.698 Thread 0x00000135f21b1cd0 DEOPT PACKING pc=0x00000135dc6f478e sp=0x000000345f2fde80
Event: 1.698 Thread 0x00000135f21b1cd0 DEOPT UNPACKING pc=0x00000135dc06df3f sp=0x000000345f2fd3a8 mode 0
Event: 1.699 Thread 0x00000135f21b1cd0 DEOPT PACKING pc=0x00000135dc6f478e sp=0x000000345f2fde80
Event: 1.699 Thread 0x00000135f21b1cd0 DEOPT UNPACKING pc=0x00000135dc06df3f sp=0x000000345f2fd3a8 mode 0
Event: 1.699 Thread 0x00000135f21b1cd0 DEOPT PACKING pc=0x00000135dc6f478e sp=0x000000345f2fde80
Event: 1.699 Thread 0x00000135f21b1cd0 DEOPT UNPACKING pc=0x00000135dc06df3f sp=0x000000345f2fd3a8 mode 0
Event: 1.826 Thread 0x00000135f21be650 DEOPT PACKING pc=0x00000135dc70f282 sp=0x000000345f5fdf80
Event: 1.826 Thread 0x00000135f21be650 DEOPT UNPACKING pc=0x00000135dc06df3f sp=0x000000345f5fd470 mode 0
Event: 1.827 Thread 0x00000135f21be650 DEOPT PACKING pc=0x00000135dc70f282 sp=0x000000345f5fdf80
Event: 1.827 Thread 0x00000135f21be650 DEOPT UNPACKING pc=0x00000135dc06df3f sp=0x000000345f5fd470 mode 0
Event: 1.827 Thread 0x00000135f21be650 DEOPT PACKING pc=0x00000135dc70f282 sp=0x000000345f5fdf80
Event: 1.827 Thread 0x00000135f21be650 DEOPT UNPACKING pc=0x00000135dc06df3f sp=0x000000345f5fd470 mode 0
Event: 1.828 Thread 0x00000135f21be650 DEOPT PACKING pc=0x00000135dc70f282 sp=0x000000345f5fdf80
Event: 1.828 Thread 0x00000135f21be650 DEOPT UNPACKING pc=0x00000135dc06df3f sp=0x000000345f5fd470 mode 0
Event: 1.829 Thread 0x00000135f21be650 DEOPT PACKING pc=0x00000135dc70f282 sp=0x000000345f5fdf80
Event: 1.829 Thread 0x00000135f21be650 DEOPT UNPACKING pc=0x00000135dc06df3f sp=0x000000345f5fd470 mode 0
Event: 1.830 Thread 0x00000135f21be650 DEOPT PACKING pc=0x00000135dc70f282 sp=0x000000345f5fdf80
Event: 1.830 Thread 0x00000135f21be650 DEOPT UNPACKING pc=0x00000135dc06df3f sp=0x000000345f5fd470 mode 0
Event: 1.830 Thread 0x00000135f21be650 DEOPT PACKING pc=0x00000135dc70f282 sp=0x000000345f5fdf80
Event: 1.830 Thread 0x00000135f21be650 DEOPT UNPACKING pc=0x00000135dc06df3f sp=0x000000345f5fd470 mode 0

Classes unloaded (1 events):
Event: 1.617 Thread 0x00000135f16dd330 Unloading class 0x0000000800bd7840 'java/lang/invoke/LambdaForm$MH+0x0000000800bd7840'

Classes redefined (0 events):
No events

Internal exceptions (8 events):
Event: 0.919 Thread 0x00000135f21bc170 Implicit null exception at 0x00000135e3b04c74 to 0x00000135e3b05604
Event: 0.990 Thread 0x00000135f21bc170 Exception <a 'java/lang/NoSuchMethodError'{0x000000009746f380}: 'void java.lang.invoke.DirectMethodHandle$Holder.invokeStatic(java.lang.Object, java.lang.Object)'> (0x000000009746f380) 
thrown [./open/src/hotspot/share/interpreter/linkResolver.cpp, line 782]
Event: 0.992 Thread 0x00000135f21bc170 Exception <a 'java/lang/NoSuchMethodError'{0x0000000097473108}: 'void java.lang.invoke.DirectMethodHandle$Holder.invokeStaticInit(java.lang.Object, java.lang.Object)'> (0x0000000097473108) 
thrown [./open/src/hotspot/share/interpreter/linkResolver.cpp, line 782]
Event: 1.048 Thread 0x00000135f21bc170 Exception <a 'java/lang/NoSuchMethodError'{0x00000000974dc5b8}: 'java.lang.Object java.lang.invoke.DirectMethodHandle$Holder.invokeStatic(java.lang.Object)'> (0x00000000974dc5b8) 
thrown [./open/src/hotspot/share/interpreter/linkResolver.cpp, line 782]
Event: 1.070 Thread 0x00000135f21bc170 Exception <a 'java/lang/NoSuchMethodError'{0x00000000974e66d0}: 'java.lang.Object java.lang.invoke.DirectMethodHandle$Holder.invokeStaticInit(java.lang.Object, int, int, int, int)'> (0x00000000974e66d0) 
thrown [./open/src/hotspot/share/interpreter/linkResolver.cpp, line 782]
Event: 1.226 Thread 0x00000135f21bc170 Exception <a 'java/lang/NoSuchMethodError'{0x0000000097340480}: 'java.lang.Object java.lang.invoke.DirectMethodHandle$Holder.invokeStaticInit(java.lang.Object, java.lang.Object, int, int, int, int)'> (0x0000000097340480) 
thrown [./open/src/hotspot/share/interpreter/linkResolver.cpp, line 782]
Event: 1.586 Thread 0x00000135f21b1cd0 Exception <a 'java/lang/NoSuchMethodError'{0x000000009bb9b1d8}: static [D.<clinit>()V> (0x000000009bb9b1d8) 
thrown [./open/src/hotspot/share/prims/jni.cpp, line 1204]
Event: 1.795 Thread 0x00000135f21be650 Exception <a 'java/lang/NoSuchMethodError'{0x000000009d5646c8}: 'java.lang.Object java.lang.invoke.DirectMethodHandle$Holder.invokeStaticInit(java.lang.Object)'> (0x000000009d5646c8) 
thrown [./open/src/hotspot/share/interpreter/linkResolver.cpp, line 782]

Events (20 events):
Event: 1.790 loading class java/io/ObjectInputStream$BlockDataInputStream done
Event: 1.790 loading class java/io/ObjectInputStream$PeekInputStream
Event: 1.790 loading class java/io/ObjectInputStream$PeekInputStream done
Event: 1.790 loading class java/io/ObjectInputStream$HandleTable
Event: 1.791 loading class java/io/ObjectInputStream$HandleTable done
Event: 1.791 loading class java/io/ObjectInputStream$HandleTable$HandleList
Event: 1.791 loading class java/io/ObjectInputStream$HandleTable$HandleList done
Event: 1.791 loading class java/io/ObjectInputStream$ValidationList
Event: 1.791 loading class java/io/ObjectInputStream$ValidationList done
Event: 1.791 loading class java/io/ObjectInputFilter$Config
Event: 1.791 loading class java/io/ObjectInputFilter$Config done
Event: 1.792 loading class java/io/ObjectInputFilter
Event: 1.792 loading class java/io/ObjectInputFilter done
Event: 1.797 Executing VM operation: G1Concurrent
Event: 1.802 Executing VM operation: G1Concurrent done
Event: 1.802 loading class jdk/internal/access/JavaObjectInputFilterAccess
Event: 1.802 loading class jdk/internal/access/JavaObjectInputFilterAccess done
Event: 1.809 Executing VM operation: G1Concurrent
Event: 1.809 Executing VM operation: G1Concurrent done
Event: 1.837 Executing VM operation: G1TryInitiateConcMark


Dynamic libraries:
0x00007ff600b60000 - 0x00007ff600b6f000 	C:\Program Files\Java\jdk-15.0.1\bin\java.exe
0x00007ff8dbc20000 - 0x00007ff8dbe10000 	C:\WINDOWS\SYSTEM32\ntdll.dll
0x00007ff8db9d0000 - 0x00007ff8dba82000 	C:\WINDOWS\System32\KERNEL32.DLL
0x00007ff8d9a20000 - 0x00007ff8d9cc5000 	C:\WINDOWS\System32\KERNELBASE.dll
0x00007ff8d8cc0000 - 0x00007ff8d8dba000 	C:\WINDOWS\System32\ucrtbase.dll
0x00007ff8d0e10000 - 0x00007ff8d0e29000 	C:\Program Files\Java\jdk-15.0.1\bin\VCRUNTIME140.dll
0x00007ff8b9580000 - 0x00007ff8b9598000 	C:\Program Files\Java\jdk-15.0.1\bin\jli.dll
0x00007ff8db5f0000 - 0x00007ff8db693000 	C:\WINDOWS\System32\ADVAPI32.dll
0x00007ff8dba90000 - 0x00007ff8dbb2e000 	C:\WINDOWS\System32\msvcrt.dll
0x00007ff8db700000 - 0x00007ff8db797000 	C:\WINDOWS\System32\sechost.dll
0x00007ff8db8a0000 - 0x00007ff8db9bf000 	C:\WINDOWS\System32\RPCRT4.dll
0x00007ff8daee0000 - 0x00007ff8db074000 	C:\WINDOWS\System32\USER32.dll
0x00007ff8d8b90000 - 0x00007ff8d8bb1000 	C:\WINDOWS\System32\win32u.dll
0x00007ff8db5c0000 - 0x00007ff8db5e6000 	C:\WINDOWS\System32\GDI32.dll
0x00007ff8d9880000 - 0x00007ff8d9a18000 	C:\WINDOWS\System32\gdi32full.dll
0x00007ff8c99b0000 - 0x00007ff8c9c34000 	C:\WINDOWS\WinSxS\amd64_microsoft.windows.common-controls_6595b64144ccf1df_6.0.18362.1440_none_9e7dbfb9e45e8e67\COMCTL32.dll
0x00007ff8d95f0000 - 0x00007ff8d968e000 	C:\WINDOWS\System32\msvcp_win.dll
0x00007ff8db080000 - 0x00007ff8db3b6000 	C:\WINDOWS\System32\combase.dll
0x00007ff8d9690000 - 0x00007ff8d9711000 	C:\WINDOWS\System32\bcryptPrimitives.dll
0x00007ff8d0f50000 - 0x00007ff8d0f5a000 	C:\WINDOWS\SYSTEM32\VERSION.dll
0x00007ff8d9cd0000 - 0x00007ff8d9cfe000 	C:\WINDOWS\System32\IMM32.DLL
0x00007ff8d0e50000 - 0x00007ff8d0e5c000 	C:\Program Files\Java\jdk-15.0.1\bin\vcruntime140_1.dll
0x00007ff8b12b0000 - 0x00007ff8b1341000 	C:\Program Files\Java\jdk-15.0.1\bin\msvcp140.dll
0x00007ff8ab200000 - 0x00007ff8abd5e000 	C:\Program Files\Java\jdk-15.0.1\bin\server\jvm.dll
0x00007ff8db9c0000 - 0x00007ff8db9c8000 	C:\WINDOWS\System32\PSAPI.DLL
0x00007ff8d0f60000 - 0x00007ff8d0f69000 	C:\WINDOWS\SYSTEM32\WSOCK32.dll
0x00007ff8db7a0000 - 0x00007ff8db80f000 	C:\WINDOWS\System32\WS2_32.dll
0x00007ff8d65a0000 - 0x00007ff8d65c4000 	C:\WINDOWS\SYSTEM32\WINMM.dll
0x00007ff8d6570000 - 0x00007ff8d659d000 	C:\WINDOWS\SYSTEM32\WINMMBASE.dll
0x00007ff8d8dc0000 - 0x00007ff8d8e0a000 	C:\WINDOWS\System32\cfgmgr32.dll
0x00007ff8d8b20000 - 0x00007ff8d8b31000 	C:\WINDOWS\System32\kernel.appcore.dll
0x00007ff8d0520000 - 0x00007ff8d052a000 	C:\Program Files\Java\jdk-15.0.1\bin\jimage.dll
0x00007ff8c64a0000 - 0x00007ff8c6694000 	C:\WINDOWS\SYSTEM32\DBGHELP.DLL
0x00007ff8c6b40000 - 0x00007ff8c6b6a000 	C:\WINDOWS\SYSTEM32\dbgcore.DLL
0x00007ff8d09d0000 - 0x00007ff8d09f5000 	C:\Program Files\Java\jdk-15.0.1\bin\java.dll
0x00007ff8d9da0000 - 0x00007ff8da488000 	C:\WINDOWS\System32\SHELL32.dll
0x00007ff8dac80000 - 0x00007ff8dad27000 	C:\WINDOWS\System32\shcore.dll
0x00007ff8d8e70000 - 0x00007ff8d95eb000 	C:\WINDOWS\System32\windows.storage.dll
0x00007ff8d8ae0000 - 0x00007ff8d8afe000 	C:\WINDOWS\System32\profapi.dll
0x00007ff8d8b40000 - 0x00007ff8d8b8a000 	C:\WINDOWS\System32\powrprof.dll
0x00007ff8d8ad0000 - 0x00007ff8d8ae0000 	C:\WINDOWS\System32\UMPDC.dll
0x00007ff8db6a0000 - 0x00007ff8db6f2000 	C:\WINDOWS\System32\shlwapi.dll
0x00007ff8d8bc0000 - 0x00007ff8d8bd7000 	C:\WINDOWS\System32\cryptsp.dll
0x00007ff8cf3a0000 - 0x00007ff8cf3b9000 	C:\Program Files\Java\jdk-15.0.1\bin\net.dll
0x00007ff8c9670000 - 0x00007ff8c976a000 	C:\WINDOWS\SYSTEM32\WINHTTP.dll
0x00007ff8d8310000 - 0x00007ff8d8377000 	C:\WINDOWS\system32\mswsock.dll
0x00007ff8ce880000 - 0x00007ff8ce892000 	C:\Program Files\Java\jdk-15.0.1\bin\nio.dll
0x00007ff8c9770000 - 0x00007ff8c9788000 	C:\Program Files\Java\jdk-15.0.1\bin\zip.dll
0x00007ff8c2080000 - 0x00007ff8c2096000 	C:\WINDOWS\system32\napinsp.dll
0x00007ff8c2060000 - 0x00007ff8c207a000 	C:\WINDOWS\system32\pnrpnsp.dll
0x00007ff8d8060000 - 0x00007ff8d812b000 	C:\WINDOWS\SYSTEM32\DNSAPI.dll
0x00007ff8da900000 - 0x00007ff8da908000 	C:\WINDOWS\System32\NSI.dll
0x00007ff8d8020000 - 0x00007ff8d805a000 	C:\WINDOWS\SYSTEM32\IPHLPAPI.DLL
0x00007ff8c2020000 - 0x00007ff8c202e000 	C:\WINDOWS\System32\winrnr.dll
0x00007ff8d4bc0000 - 0x00007ff8d4bdc000 	C:\WINDOWS\system32\NLAapi.dll
0x00007ff8d3a50000 - 0x00007ff8d3a65000 	C:\WINDOWS\system32\wshbth.dll
0x00007ff8c8750000 - 0x00007ff8c875a000 	C:\Windows\System32\rasadhlp.dll
0x00007ff8cb1f0000 - 0x00007ff8cb267000 	C:\WINDOWS\System32\fwpuclnt.dll
0x00007ff8d8be0000 - 0x00007ff8d8c06000 	C:\WINDOWS\System32\bcrypt.dll
0x00007ff8cfde0000 - 0x00007ff8cfdf0000 	C:\Program Files\Java\jdk-15.0.1\bin\verify.dll
0x00007ff8d7e30000 - 0x00007ff8d7e63000 	C:\WINDOWS\system32\rsaenh.dll
0x00007ff8d89b0000 - 0x00007ff8d89d5000 	C:\WINDOWS\SYSTEM32\USERENV.dll
0x00007ff8d84e0000 - 0x00007ff8d84ec000 	C:\WINDOWS\SYSTEM32\CRYPTBASE.dll
0x00007ff8ccba0000 - 0x00007ff8ccbb6000 	C:\WINDOWS\SYSTEM32\dhcpcsvc6.DLL
0x00007ff8cf840000 - 0x00007ff8cf85c000 	C:\WINDOWS\SYSTEM32\dhcpcsvc.DLL

dbghelp: loaded successfully - version: 4.0.5 - missing functions: none
symbol engine: initialized successfully - sym options: 0x614 - pdb path: .;C:\Program Files\Java\jdk-15.0.1\bin;C:\WINDOWS\SYSTEM32;C:\WINDOWS\WinSxS\amd64_microsoft.windows.common-controls_6595b64144ccf1df_6.0.18362.1440_none_9e7dbfb9e45e8e67;C:\Program Files\Java\jdk-15.0.1\bin\server

VM Arguments:
java_command: runtime.starter.MulticoreStarter C:\Users\teraz\OneDrive\Рабочий стол\PDC\lab6 4 smpdev useLocalLoader C:\mpj-v0_44\lib\mpi.jar;C:\Users\teraz\OneDrive\Рабочий стол\PDC\lab6\build\classes labs67.lab6
java_class_path (initial): C:\mpj-v0_44/lib/smpdev.jar;C:\mpj-v0_44/lib/xdev.jar;C:\mpj-v0_44/lib/mpjbuf.jar;C:\mpj-v0_44/lib/loader2.jar;C:\mpj-v0_44/lib/starter.jar;C:\mpj-v0_44/lib/mpiExp.jar
Launcher Type: SUN_STANDARD

[Global flags]
     intx CICompilerCount                          = 3                                         {product} {ergonomic}
     uint ConcGCThreads                            = 1                                         {product} {ergonomic}
     uint G1ConcRefinementThreads                  = 4                                         {product} {ergonomic}
   size_t G1HeapRegionSize                         = 1048576                                   {product} {ergonomic}
    uintx GCDrainStackTargetSize                   = 64                                        {product} {ergonomic}
   size_t InitialHeapSize                          = 117440512                                 {product} {ergonomic}
   size_t MarkStackSize                            = 4194304                                   {product} {ergonomic}
   size_t MaxHeapSize                              = 1866465280                                {product} {ergonomic}
   size_t MaxNewSize                               = 1119879168                                {product} {ergonomic}
   size_t MinHeapDeltaBytes                        = 1048576                                   {product} {ergonomic}
   size_t MinHeapSize                              = 8388608                                   {product} {ergonomic}
    uintx NonNMethodCodeHeapSize                   = 5832780                                {pd product} {ergonomic}
    uintx NonProfiledCodeHeapSize                  = 122912730                              {pd product} {ergonomic}
    uintx ProfiledCodeHeapSize                     = 122912730                              {pd product} {ergonomic}
    uintx ReservedCodeCacheSize                    = 251658240                              {pd product} {ergonomic}
     bool SegmentedCodeCache                       = true                                      {product} {ergonomic}
   size_t SoftMaxHeapSize                          = 1866465280                             {manageable} {ergonomic}
     bool UseCompressedClassPointers               = true                                 {lp64_product} {ergonomic}
     bool UseCompressedOops                        = true                                 {lp64_product} {ergonomic}
     bool UseG1GC                                  = true                                      {product} {ergonomic}
     bool UseLargePagesIndividualAllocation        = false                                  {pd product} {ergonomic}

Logging:
Log output configuration:
 #0: stdout all=warning uptime,level,tags
 #1: stderr all=off uptime,level,tags

Environment Variables:
PATH=C:\Program Files\NVIDIA GPU Computing Toolkit\CUDA\v10.1\bin;C:\Program Files\NVIDIA GPU Computing Toolkit\CUDA\v10.1\libnvvp;C:\Program Files (x86)\Common Files\Oracle\Java\javapath;C:\Program Files\Rockwell Software\RSCommon;C:\Program Files\Common Files\Oracle\Java\javapath;C:\WINDOWS\system32;C:\WINDOWS;C:\WINDOWS\System32\Wbem;C:\WINDOWS\System32\WindowsPowerShell\v1.0\;C:\WINDOWS\System32\OpenSSH\;C:\Program Files\Microsoft SQL Server\130\Tools\Binn\;C:\Program Files\Microsoft SQL Server\Client SDK\ODBC\170\Tools\Binn\;C:\Program Files\Git\cmd;C:\Program Files\NVIDIA Corporation\Nsight Compute 2019.4.0\;C:\Program Files (x86)\NVIDIA Corporation\PhysX\Common;C:\Program Files\dotnet\;C:\mpj-v0_44\bin;C:\Users\teraz\AppData\Local\Programs\Python\Python37\Scripts\;C:\Users\teraz\AppData\Local\Programs\Python\Python37\;C:\Users\teraz\AppData\Local\Microsoft\WindowsApps;C:\Program Files\JetBrains\PyCharm 2020.2.3\bin;;C:\Users\teraz\AppData\Roaming\Microsoft\Windows\Start Menu\Programs\Anaconda3 (64-bit);C:\Users\teraz\.dotnet\tools;C:\ProgramData\Microsoft\Windows\Start Menu\Programs\NVIDIA Corporation\NVIDIA Nsight Systems 2019.3.7;C:\mpj-v0_44\bin;
USERNAME=teraz
OS=Windows_NT
PROCESSOR_IDENTIFIER=AMD64 Family 21 Model 48 Stepping 1, AuthenticAMD



---------------  S Y S T E M  ---------------

OS:
 Windows 10 , 64 bit Build 18362 (10.0.18362.1350)
OS uptime: 0 days 1:21 hours

CPU: total 4 (initial active 4) (4 cores per cpu, 1 threads per core) family 21 model 48 stepping 1 microcode 0x0, cmov, cx8, fxsr, mmx, sse, sse2, sse3, ssse3, sse4.1, sse4.2, popcnt, vzeroupper, avx, aes, clmul, 3dnowpref, lzcnt, sse4a, tsc, tscinvbit, tscinv, bmi1, fma, clflush

Memory: 4k page, system-wide physical 7113M (1801M free)
TotalPageFile size 19822M (AvailPageFile size 133M)
current process WorkingSet (physical memory assigned to process): 224M, peak: 224M
current process commit charge ("private bytes"): 306M, peak: 489M

vm_info: Java HotSpot(TM) 64-Bit Server VM (15.0.1+9-18) for windows-amd64 JRE (15.0.1+9-18), built on Sep 15 2020 14:43:54 by "mach5one" with unknown MS VC++:1925

END.
